2022-05-02 16:34:17 [main] INFO  o.s.b.t.c.SpringBootTestContextBootstrapper - Neither @ContextConfiguration nor @ContextHierarchy found for test class [com.microservices.demo.reactive.elastic.query.service.test.ReactiveElasticQueryServiceApplicationTest], using SpringBootContextLoader
2022-05-02 16:34:17 [main] INFO  o.s.t.c.s.AbstractContextLoader - Could not detect default resource locations for test class [com.microservices.demo.reactive.elastic.query.service.test.ReactiveElasticQueryServiceApplicationTest]: no resource found for suffixes {-context.xml, Context.groovy}.
2022-05-02 16:34:17 [main] INFO  o.s.t.c.s.AnnotationConfigContextLoaderUtils - Could not detect default configuration classes for test class [com.microservices.demo.reactive.elastic.query.service.test.ReactiveElasticQueryServiceApplicationTest]: ReactiveElasticQueryServiceApplicationTest does not declare any static, non-private, non-final, nested classes annotated with @Configuration.
2022-05-02 16:34:17 [main] INFO  o.s.b.t.c.SpringBootTestContextBootstrapper - Found @SpringBootConfiguration com.microservices.demo.reactive.elastic.query.service.ReactiveElasticQueryServiceApplication for test class com.microservices.demo.reactive.elastic.query.service.test.ReactiveElasticQueryServiceApplicationTest
2022-05-02 16:34:18 [main] INFO  o.s.b.t.c.SpringBootTestContextBootstrapper - Loaded default TestExecutionListener class names from location [META-INF/spring.factories]: [org.springframework.boot.test.mock.mockito.MockitoTestExecutionListener, org.springframework.boot.test.mock.mockito.ResetMocksTestExecutionListener, org.springframework.boot.test.autoconfigure.restdocs.RestDocsTestExecutionListener, org.springframework.boot.test.autoconfigure.web.client.MockRestServiceServerResetTestExecutionListener, org.springframework.boot.test.autoconfigure.web.servlet.MockMvcPrintOnlyOnFailureTestExecutionListener, org.springframework.boot.test.autoconfigure.web.servlet.WebDriverTestExecutionListener, org.springframework.boot.test.autoconfigure.webservices.client.MockWebServiceServerTestExecutionListener, org.springframework.test.context.web.ServletTestExecutionListener, org.springframework.test.context.support.DirtiesContextBeforeModesTestExecutionListener, org.springframework.test.context.support.DependencyInjectionTestExecutionListener, org.springframework.test.context.support.DirtiesContextTestExecutionListener, org.springframework.test.context.transaction.TransactionalTestExecutionListener, org.springframework.test.context.jdbc.SqlScriptsTestExecutionListener, org.springframework.test.context.event.EventPublishingTestExecutionListener]
2022-05-02 16:34:18 [main] INFO  o.s.b.t.c.SpringBootTestContextBootstrapper - Using TestExecutionListeners: [org.springframework.test.context.support.DirtiesContextBeforeModesTestExecutionListener@3efe7086, org.springframework.boot.test.mock.mockito.MockitoTestExecutionListener@675d8c96, org.springframework.boot.test.autoconfigure.SpringBootDependencyInjectionTestExecutionListener@741b3bc3, org.springframework.test.context.support.DirtiesContextTestExecutionListener@2ed3b1f5, org.springframework.test.context.transaction.TransactionalTestExecutionListener@63648ee9, org.springframework.test.context.jdbc.SqlScriptsTestExecutionListener@68d6972f, org.springframework.test.context.event.EventPublishingTestExecutionListener@45be7cd5, org.springframework.boot.test.mock.mockito.ResetMocksTestExecutionListener@7651218e, org.springframework.boot.test.autoconfigure.restdocs.RestDocsTestExecutionListener@3185fa6b, org.springframework.boot.test.autoconfigure.web.client.MockRestServiceServerResetTestExecutionListener@6d366c9b, org.springframework.boot.test.autoconfigure.web.servlet.MockMvcPrintOnlyOnFailureTestExecutionListener@5b58ed3c, org.springframework.boot.test.autoconfigure.web.servlet.WebDriverTestExecutionListener@24faea88, org.springframework.boot.test.autoconfigure.webservices.client.MockWebServiceServerTestExecutionListener@3a320ade]
2022-05-02 16:34:18 [background-preinit] INFO  o.h.validator.internal.util.Version - HV000001: Hibernate Validator 6.1.5.Final
2022-05-02 16:34:19 [main] INFO  o.s.c.c.c.ConfigServicePropertySourceLocator - Fetching config from server at : http://localhost:8888
2022-05-02 16:34:20 [main] INFO  o.s.c.c.c.ConfigServicePropertySourceLocator - Located environment: name=reactive-elastic-query-service,config-client, profiles=[elastic_query], label=null, version=3378b07c11914efbfe6f1bc33115e0c769a022af, state=null
2022-05-02 16:34:20 [main] INFO  o.s.c.b.c.PropertySourceBootstrapConfiguration - Located property source: [BootstrapPropertySource {name='bootstrapProperties-configClient'}, BootstrapPropertySource {name='bootstrapProperties-https://github.com/pvnreddy/microservices-demo-config/config-client-elastic_query.yml'}, BootstrapPropertySource {name='bootstrapProperties-https://github.com/pvnreddy/microservices-demo-config/config-client.yml'}]
2022-05-02 16:34:20 [main] INFO  c.m.d.r.e.q.s.t.ReactiveElasticQueryServiceApplicationTest - The following profiles are active: elastic_query
2022-05-02 16:34:21 [main] INFO  o.s.d.r.c.RepositoryConfigurationDelegate - Bootstrapping Spring Data Elasticsearch repositories in DEFAULT mode.
2022-05-02 16:34:21 [main] INFO  o.s.d.r.c.RepositoryConfigurationDelegate - Finished Spring Data repository scanning in 234ms. Found 0 Elasticsearch repository interfaces.
2022-05-02 16:34:21 [main] INFO  o.s.d.r.c.RepositoryConfigurationDelegate - Bootstrapping Spring Data Reactive Elasticsearch repositories in DEFAULT mode.
2022-05-02 16:34:21 [main] INFO  o.s.d.r.c.RepositoryConfigurationDelegate - Finished Spring Data repository scanning in 19ms. Found 1 Reactive Elasticsearch repository interfaces.
2022-05-02 16:34:22 [main] INFO  o.s.cloud.context.scope.GenericScope - BeanFactory id=416e2f6c-7183-3fc8-b79b-649631fd7982
2022-05-02 16:34:22 [main] WARN  o.s.data.convert.CustomConversions - Registering converter from class org.springframework.data.geo.Point to interface java.util.Map as writing converter although it doesn't convert to a store-supported type! You might want to check your annotation setup at the converter implementation.
2022-05-02 16:34:22 [main] WARN  o.s.data.convert.CustomConversions - Registering converter from interface java.util.Map to class org.springframework.data.geo.Point as reading converter although it doesn't convert from a store-supported type! You might want to check your annotation setup at the converter implementation.
2022-05-02 16:34:22 [main] WARN  o.s.data.convert.CustomConversions - Registering converter from class org.springframework.data.elasticsearch.core.geo.GeoPoint to interface java.util.Map as writing converter although it doesn't convert to a store-supported type! You might want to check your annotation setup at the converter implementation.
2022-05-02 16:34:22 [main] WARN  o.s.data.convert.CustomConversions - Registering converter from interface java.util.Map to class org.springframework.data.elasticsearch.core.geo.GeoPoint as reading converter although it doesn't convert from a store-supported type! You might want to check your annotation setup at the converter implementation.
2022-05-02 16:34:23 [reactor-http-nio-1] INFO  o.s.d.e.support.VersionInfo - Version Spring Data Elasticsearch: 4.0.4.RELEASE
2022-05-02 16:34:23 [reactor-http-nio-1] INFO  o.s.d.e.support.VersionInfo - Version Elasticsearch Client in build: 7.6.2
2022-05-02 16:34:23 [reactor-http-nio-1] INFO  o.s.d.e.support.VersionInfo - Version Elasticsearch Client used: 7.9.1
2022-05-02 16:34:23 [reactor-http-nio-1] WARN  o.s.d.e.support.VersionInfo - Version mismatch in between Elasticsearch Clients build/use: 7.6.2 - 7.9.1
2022-05-02 16:34:23 [main] INFO  o.s.b.a.s.r.ReactiveUserDetailsServiceAutoConfiguration - 

Using generated security password: 200c4e4b-2ade-4d47-be68-153b6c18057e

2022-05-02 16:34:24 [main] INFO  c.m.d.r.e.q.s.t.ReactiveElasticQueryServiceApplicationTest - Started ReactiveElasticQueryServiceApplicationTest in 6.235 seconds (JVM running for 8.828)
