2022-04-30 06:09:00 [background-preinit] INFO  o.h.validator.internal.util.Version - HV000001: Hibernate Validator 6.1.5.Final
2022-04-30 06:09:09 [main] INFO  o.s.c.c.c.ConfigServicePropertySourceLocator - Fetching config from server at : http://config-server:8888
2022-04-30 06:09:14 [main] INFO  o.s.c.c.c.ConfigServicePropertySourceLocator - Located environment: name=elastic-query-service,config-client, profiles=[elastic_query], label=null, version=8fb0da5b8e9b4fe6038022fe9cdf49c4e61c52b7, state=null
2022-04-30 06:09:14 [main] INFO  o.s.c.b.c.PropertySourceBootstrapConfiguration - Located property source: [BootstrapPropertySource {name='bootstrapProperties-configClient'}, BootstrapPropertySource {name='bootstrapProperties-https://github.com/pvnreddy/microservices-demo-config/config-client-elastic_query.yml'}, BootstrapPropertySource {name='bootstrapProperties-https://github.com/pvnreddy/microservices-demo-config/config-client.yml'}]
2022-04-30 06:09:15 [main] INFO  c.m.d.e.q.s.ElasticQueryServiceApplication - The following profiles are active: elastic_query
2022-04-30 06:09:23 [main] INFO  o.s.d.r.c.RepositoryConfigurationDelegate - Bootstrapping Spring Data Elasticsearch repositories in DEFAULT mode.
2022-04-30 06:09:23 [main] INFO  o.s.d.r.c.RepositoryConfigurationDelegate - Finished Spring Data repository scanning in 546ms. Found 1 Elasticsearch repository interfaces.
2022-04-30 06:09:25 [main] INFO  o.s.d.r.c.RepositoryConfigurationDelegate - Bootstrapping Spring Data Reactive Elasticsearch repositories in DEFAULT mode.
2022-04-30 06:09:25 [main] INFO  o.s.d.r.c.RepositoryConfigurationDelegate - Finished Spring Data repository scanning in 80ms. Found 0 Reactive Elasticsearch repository interfaces.
2022-04-30 06:09:27 [main] INFO  o.s.cloud.context.scope.GenericScope - BeanFactory id=58c0f454-7425-3b28-a62a-c8a87e1bd143
2022-04-30 06:09:30 [main] INFO  o.s.b.w.e.tomcat.TomcatWebServer - Tomcat initialized with port(s): 8183 (http)
2022-04-30 06:09:30 [main] INFO  o.a.coyote.http11.Http11NioProtocol - Initializing ProtocolHandler ["http-nio-8183"]
2022-04-30 06:09:30 [main] INFO  o.a.catalina.core.StandardService - Starting service [Tomcat]
2022-04-30 06:09:30 [main] INFO  o.a.catalina.core.StandardEngine - Starting Servlet engine: [Apache Tomcat/9.0.38]
2022-04-30 06:09:31 [main] INFO  o.a.c.c.C.[.[.[/elastic-query-service] - Initializing Spring embedded WebApplicationContext
2022-04-30 06:09:31 [main] INFO  o.s.b.w.s.c.ServletWebServerApplicationContext - Root WebApplicationContext: initialization completed in 15755 ms
2022-04-30 06:09:33 [main] WARN  o.s.data.convert.CustomConversions - Registering converter from class org.springframework.data.geo.Point to interface java.util.Map as writing converter although it doesn't convert to a store-supported type! You might want to check your annotation setup at the converter implementation.
2022-04-30 06:09:33 [main] WARN  o.s.data.convert.CustomConversions - Registering converter from interface java.util.Map to class org.springframework.data.geo.Point as reading converter although it doesn't convert from a store-supported type! You might want to check your annotation setup at the converter implementation.
2022-04-30 06:09:33 [main] WARN  o.s.data.convert.CustomConversions - Registering converter from class org.springframework.data.elasticsearch.core.geo.GeoPoint to interface java.util.Map as writing converter although it doesn't convert to a store-supported type! You might want to check your annotation setup at the converter implementation.
2022-04-30 06:09:33 [main] WARN  o.s.data.convert.CustomConversions - Registering converter from interface java.util.Map to class org.springframework.data.elasticsearch.core.geo.GeoPoint as reading converter although it doesn't convert from a store-supported type! You might want to check your annotation setup at the converter implementation.
2022-04-30 06:09:33 [main] WARN  o.s.data.convert.CustomConversions - Registering converter from class org.springframework.data.geo.Point to interface java.util.Map as writing converter although it doesn't convert to a store-supported type! You might want to check your annotation setup at the converter implementation.
2022-04-30 06:09:33 [main] WARN  o.s.data.convert.CustomConversions - Registering converter from interface java.util.Map to class org.springframework.data.geo.Point as reading converter although it doesn't convert from a store-supported type! You might want to check your annotation setup at the converter implementation.
2022-04-30 06:09:33 [main] WARN  o.s.data.convert.CustomConversions - Registering converter from class org.springframework.data.elasticsearch.core.geo.GeoPoint to interface java.util.Map as writing converter although it doesn't convert to a store-supported type! You might want to check your annotation setup at the converter implementation.
2022-04-30 06:09:33 [main] WARN  o.s.data.convert.CustomConversions - Registering converter from interface java.util.Map to class org.springframework.data.elasticsearch.core.geo.GeoPoint as reading converter although it doesn't convert from a store-supported type! You might want to check your annotation setup at the converter implementation.
2022-04-30 06:09:39 [main] INFO  o.s.d.e.support.VersionInfo - Version Spring Data Elasticsearch: 4.0.4.RELEASE
2022-04-30 06:09:39 [main] INFO  o.s.d.e.support.VersionInfo - Version Elasticsearch Client in build: 7.6.2
2022-04-30 06:09:39 [main] INFO  o.s.d.e.support.VersionInfo - Version Elasticsearch Client used: 7.9.1
2022-04-30 06:09:39 [main] WARN  o.s.d.e.support.VersionInfo - Version mismatch in between Elasticsearch Clients build/use: 7.6.2 - 7.9.1
2022-04-30 06:09:39 [main] INFO  o.s.d.e.support.VersionInfo - Version Elasticsearch cluster: 7.9.1
2022-04-30 06:09:46 [main] INFO  o.s.s.web.DefaultSecurityFilterChain - Creating filter chain: Ant [pattern='/api-docs'], []
2022-04-30 06:09:46 [main] INFO  o.s.s.web.DefaultSecurityFilterChain - Creating filter chain: any request, [org.springframework.security.web.context.request.async.WebAsyncManagerIntegrationFilter@2864d34d, org.springframework.security.web.context.SecurityContextPersistenceFilter@24068086, org.springframework.security.web.header.HeaderWriterFilter@520c3dcb, org.springframework.security.web.authentication.logout.LogoutFilter@18ac4af6, org.springframework.security.web.authentication.www.BasicAuthenticationFilter@506b083, org.springframework.security.web.savedrequest.RequestCacheAwareFilter@5d0e703a, org.springframework.security.web.servletapi.SecurityContextHolderAwareRequestFilter@5896b9f5, org.springframework.security.web.authentication.AnonymousAuthenticationFilter@5fb514c2, org.springframework.security.web.session.SessionManagementFilter@14af73e1, org.springframework.security.web.access.ExceptionTranslationFilter@1dd64243, org.springframework.security.web.access.intercept.FilterSecurityInterceptor@7672960e]
2022-04-30 06:09:46 [main] WARN  o.s.data.convert.CustomConversions - Registering converter from class org.springframework.data.geo.Point to interface java.util.Map as writing converter although it doesn't convert to a store-supported type! You might want to check your annotation setup at the converter implementation.
2022-04-30 06:09:46 [main] WARN  o.s.data.convert.CustomConversions - Registering converter from interface java.util.Map to class org.springframework.data.geo.Point as reading converter although it doesn't convert from a store-supported type! You might want to check your annotation setup at the converter implementation.
2022-04-30 06:09:46 [main] WARN  o.s.data.convert.CustomConversions - Registering converter from class org.springframework.data.elasticsearch.core.geo.GeoPoint to interface java.util.Map as writing converter although it doesn't convert to a store-supported type! You might want to check your annotation setup at the converter implementation.
2022-04-30 06:09:46 [main] WARN  o.s.data.convert.CustomConversions - Registering converter from interface java.util.Map to class org.springframework.data.elasticsearch.core.geo.GeoPoint as reading converter although it doesn't convert from a store-supported type! You might want to check your annotation setup at the converter implementation.
2022-04-30 06:09:47 [main] INFO  o.s.s.c.ThreadPoolTaskExecutor - Initializing ExecutorService 'applicationTaskExecutor'
2022-04-30 06:09:52 [main] INFO  o.a.coyote.http11.Http11NioProtocol - Starting ProtocolHandler ["http-nio-8183"]
2022-04-30 06:09:52 [main] INFO  o.s.b.w.e.tomcat.TomcatWebServer - Tomcat started on port(s): 8183 (http) with context path '/elastic-query-service'
2022-04-30 06:09:52 [main] INFO  c.m.d.e.q.s.ElasticQueryServiceApplication - Started ElasticQueryServiceApplication in 60.363 seconds (JVM running for 67.425)
2022-04-30 06:11:22 [http-nio-8183-exec-3] INFO  o.a.c.c.C.[.[.[/elastic-query-service] - Initializing Spring DispatcherServlet 'dispatcherServlet'
2022-04-30 06:11:22 [http-nio-8183-exec-3] INFO  o.s.web.servlet.DispatcherServlet - Initializing Servlet 'dispatcherServlet'
2022-04-30 06:11:22 [http-nio-8183-exec-3] INFO  o.s.web.servlet.DispatcherServlet - Completed initialization in 18 ms
2022-04-30 06:11:22 [http-nio-8183-exec-3] INFO  c.m.d.e.q.s.b.i.TwitterElasticQueryService - Querying Elastic search by ID 1
2022-04-30 06:11:22 [http-nio-8183-exec-3] INFO  c.m.d.e.q.c.s.i.TwitterElasticRepositoryQueryClient - Document with id 1 searched successfully
2022-04-30 06:11:22 [http-nio-8183-exec-3] INFO  c.m.d.e.q.s.a.ElasticDocumentController - Eastic search returned document with id
2022-04-30 06:11:31 [http-nio-8183-exec-4] INFO  c.m.d.e.q.s.b.i.TwitterElasticQueryService - Querying Elastic search by ID v1
2022-04-30 06:11:31 [http-nio-8183-exec-4] ERROR c.m.d.e.q.s.a.e.h.ElasticQueryServiceErrorHandler - Service runtime exception 
com.microservices.demo.elastic.query.client.exception.ElasticQueryClientException: No document found with id v1
	at com.microservices.demo.elastic.query.client.service.impl.TwitterElasticRepositoryQueryClient.lambda$getIndexModelById$0(TwitterElasticRepositoryQueryClient.java:31)
	at java.base/java.util.Optional.orElseThrow(Unknown Source)
	at com.microservices.demo.elastic.query.client.service.impl.TwitterElasticRepositoryQueryClient.getIndexModelById(TwitterElasticRepositoryQueryClient.java:31)
	at com.microservices.demo.elastic.query.client.service.impl.TwitterElasticRepositoryQueryClient.getIndexModelById(TwitterElasticRepositoryQueryClient.java:16)
	at com.microservices.demo.elastic.query.service.business.impl.TwitterElasticQueryService.getDocumentById(TwitterElasticQueryService.java:34)
	at com.microservices.demo.elastic.query.service.api.ElasticDocumentController.getDocumentById(ElasticDocumentController.java:63)
	at java.base/jdk.internal.reflect.NativeMethodAccessorImpl.invoke0(Native Method)
	at java.base/jdk.internal.reflect.NativeMethodAccessorImpl.invoke(Unknown Source)
	at java.base/jdk.internal.reflect.DelegatingMethodAccessorImpl.invoke(Unknown Source)
	at java.base/java.lang.reflect.Method.invoke(Unknown Source)
	at org.springframework.web.method.support.InvocableHandlerMethod.doInvoke(InvocableHandlerMethod.java:190)
	at org.springframework.web.method.support.InvocableHandlerMethod.invokeForRequest(InvocableHandlerMethod.java:138)
	at org.springframework.web.servlet.mvc.method.annotation.ServletInvocableHandlerMethod.invokeAndHandle(ServletInvocableHandlerMethod.java:105)
	at org.springframework.web.servlet.mvc.method.annotation.RequestMappingHandlerAdapter.invokeHandlerMethod(RequestMappingHandlerAdapter.java:878)
	at org.springframework.web.servlet.mvc.method.annotation.RequestMappingHandlerAdapter.handleInternal(RequestMappingHandlerAdapter.java:792)
	at org.springframework.web.servlet.mvc.method.AbstractHandlerMethodAdapter.handle(AbstractHandlerMethodAdapter.java:87)
	at org.springframework.web.servlet.DispatcherServlet.doDispatch(DispatcherServlet.java:1040)
	at org.springframework.web.servlet.DispatcherServlet.doService(DispatcherServlet.java:943)
	at org.springframework.web.servlet.FrameworkServlet.processRequest(FrameworkServlet.java:1006)
	at org.springframework.web.servlet.FrameworkServlet.doGet(FrameworkServlet.java:898)
	at javax.servlet.http.HttpServlet.service(HttpServlet.java:626)
	at org.springframework.web.servlet.FrameworkServlet.service(FrameworkServlet.java:883)
	at javax.servlet.http.HttpServlet.service(HttpServlet.java:733)
	at org.apache.catalina.core.ApplicationFilterChain.internalDoFilter(ApplicationFilterChain.java:231)
	at org.apache.catalina.core.ApplicationFilterChain.doFilter(ApplicationFilterChain.java:166)
	at org.apache.tomcat.websocket.server.WsFilter.doFilter(WsFilter.java:53)
	at org.apache.catalina.core.ApplicationFilterChain.internalDoFilter(ApplicationFilterChain.java:193)
	at org.apache.catalina.core.ApplicationFilterChain.doFilter(ApplicationFilterChain.java:166)
	at org.springframework.security.web.FilterChainProxy$VirtualFilterChain.doFilter(FilterChainProxy.java:320)
	at org.springframework.security.web.access.intercept.FilterSecurityInterceptor.invoke(FilterSecurityInterceptor.java:126)
	at org.springframework.security.web.access.intercept.FilterSecurityInterceptor.doFilter(FilterSecurityInterceptor.java:90)
	at org.springframework.security.web.FilterChainProxy$VirtualFilterChain.doFilter(FilterChainProxy.java:334)
	at org.springframework.security.web.access.ExceptionTranslationFilter.doFilter(ExceptionTranslationFilter.java:118)
	at org.springframework.security.web.FilterChainProxy$VirtualFilterChain.doFilter(FilterChainProxy.java:334)
	at org.springframework.security.web.session.SessionManagementFilter.doFilter(SessionManagementFilter.java:137)
	at org.springframework.security.web.FilterChainProxy$VirtualFilterChain.doFilter(FilterChainProxy.java:334)
	at org.springframework.security.web.authentication.AnonymousAuthenticationFilter.doFilter(AnonymousAuthenticationFilter.java:111)
	at org.springframework.security.web.FilterChainProxy$VirtualFilterChain.doFilter(FilterChainProxy.java:334)
	at org.springframework.security.web.servletapi.SecurityContextHolderAwareRequestFilter.doFilter(SecurityContextHolderAwareRequestFilter.java:158)
	at org.springframework.security.web.FilterChainProxy$VirtualFilterChain.doFilter(FilterChainProxy.java:334)
	at org.springframework.security.web.savedrequest.RequestCacheAwareFilter.doFilter(RequestCacheAwareFilter.java:63)
	at org.springframework.security.web.FilterChainProxy$VirtualFilterChain.doFilter(FilterChainProxy.java:334)
	at org.springframework.security.web.authentication.www.BasicAuthenticationFilter.doFilterInternal(BasicAuthenticationFilter.java:204)
	at org.springframework.web.filter.OncePerRequestFilter.doFilter(OncePerRequestFilter.java:119)
	at org.springframework.security.web.FilterChainProxy$VirtualFilterChain.doFilter(FilterChainProxy.java:334)
	at org.springframework.security.web.authentication.logout.LogoutFilter.doFilter(LogoutFilter.java:116)
	at org.springframework.security.web.FilterChainProxy$VirtualFilterChain.doFilter(FilterChainProxy.java:334)
	at org.springframework.security.web.header.HeaderWriterFilter.doHeadersAfter(HeaderWriterFilter.java:92)
	at org.springframework.security.web.header.HeaderWriterFilter.doFilterInternal(HeaderWriterFilter.java:77)
	at org.springframework.web.filter.OncePerRequestFilter.doFilter(OncePerRequestFilter.java:119)
	at org.springframework.security.web.FilterChainProxy$VirtualFilterChain.doFilter(FilterChainProxy.java:334)
	at org.springframework.security.web.context.SecurityContextPersistenceFilter.doFilter(SecurityContextPersistenceFilter.java:105)
	at org.springframework.security.web.FilterChainProxy$VirtualFilterChain.doFilter(FilterChainProxy.java:334)
	at org.springframework.security.web.context.request.async.WebAsyncManagerIntegrationFilter.doFilterInternal(WebAsyncManagerIntegrationFilter.java:56)
	at org.springframework.web.filter.OncePerRequestFilter.doFilter(OncePerRequestFilter.java:119)
	at org.springframework.security.web.FilterChainProxy$VirtualFilterChain.doFilter(FilterChainProxy.java:334)
	at org.springframework.security.web.FilterChainProxy.doFilterInternal(FilterChainProxy.java:215)
	at org.springframework.security.web.FilterChainProxy.doFilter(FilterChainProxy.java:178)
	at org.springframework.web.filter.DelegatingFilterProxy.invokeDelegate(DelegatingFilterProxy.java:358)
	at org.springframework.web.filter.DelegatingFilterProxy.doFilter(DelegatingFilterProxy.java:271)
	at org.apache.catalina.core.ApplicationFilterChain.internalDoFilter(ApplicationFilterChain.java:193)
	at org.apache.catalina.core.ApplicationFilterChain.doFilter(ApplicationFilterChain.java:166)
	at org.springframework.web.filter.RequestContextFilter.doFilterInternal(RequestContextFilter.java:100)
	at org.springframework.web.filter.OncePerRequestFilter.doFilter(OncePerRequestFilter.java:119)
	at org.apache.catalina.core.ApplicationFilterChain.internalDoFilter(ApplicationFilterChain.java:193)
	at org.apache.catalina.core.ApplicationFilterChain.doFilter(ApplicationFilterChain.java:166)
	at org.springframework.web.filter.FormContentFilter.doFilterInternal(FormContentFilter.java:93)
	at org.springframework.web.filter.OncePerRequestFilter.doFilter(OncePerRequestFilter.java:119)
	at org.apache.catalina.core.ApplicationFilterChain.internalDoFilter(ApplicationFilterChain.java:193)
	at org.apache.catalina.core.ApplicationFilterChain.doFilter(ApplicationFilterChain.java:166)
	at org.springframework.web.filter.CharacterEncodingFilter.doFilterInternal(CharacterEncodingFilter.java:201)
	at org.springframework.web.filter.OncePerRequestFilter.doFilter(OncePerRequestFilter.java:119)
	at org.apache.catalina.core.ApplicationFilterChain.internalDoFilter(ApplicationFilterChain.java:193)
	at org.apache.catalina.core.ApplicationFilterChain.doFilter(ApplicationFilterChain.java:166)
	at org.apache.catalina.core.StandardWrapperValve.invoke(StandardWrapperValve.java:202)
	at org.apache.catalina.core.StandardContextValve.invoke(StandardContextValve.java:97)
	at org.apache.catalina.authenticator.AuthenticatorBase.invoke(AuthenticatorBase.java:541)
	at org.apache.catalina.core.StandardHostValve.invoke(StandardHostValve.java:143)
	at org.apache.catalina.valves.ErrorReportValve.invoke(ErrorReportValve.java:92)
	at org.apache.catalina.core.StandardEngineValve.invoke(StandardEngineValve.java:78)
	at org.apache.catalina.connector.CoyoteAdapter.service(CoyoteAdapter.java:343)
	at org.apache.coyote.http11.Http11Processor.service(Http11Processor.java:374)
	at org.apache.coyote.AbstractProcessorLight.process(AbstractProcessorLight.java:65)
	at org.apache.coyote.AbstractProtocol$ConnectionHandler.process(AbstractProtocol.java:868)
	at org.apache.tomcat.util.net.NioEndpoint$SocketProcessor.doRun(NioEndpoint.java:1590)
	at org.apache.tomcat.util.net.SocketProcessorBase.run(SocketProcessorBase.java:49)
	at java.base/java.util.concurrent.ThreadPoolExecutor.runWorker(Unknown Source)
	at java.base/java.util.concurrent.ThreadPoolExecutor$Worker.run(Unknown Source)
	at org.apache.tomcat.util.threads.TaskThread$WrappingRunnable.run(TaskThread.java:61)
	at java.base/java.lang.Thread.run(Unknown Source)
2022-04-30 06:12:24 [http-nio-8183-exec-6] INFO  c.m.d.e.q.s.b.i.TwitterElasticQueryService - Querying all Elastic search docs
2022-04-30 06:12:25 [http-nio-8183-exec-6] INFO  c.m.d.e.q.c.s.i.TwitterElasticRepositoryQueryClient - total 466 no of documents identified
2022-04-30 06:12:25 [http-nio-8183-exec-6] INFO  c.m.d.e.q.s.a.ElasticDocumentController - Eastic search returned 466 no of documents
2022-04-30 06:14:00 [http-nio-8183-exec-8] INFO  c.m.d.e.q.s.b.i.TwitterElasticQueryService - Querying Elastic search by ID 1
2022-04-30 06:14:00 [http-nio-8183-exec-8] INFO  c.m.d.e.q.c.s.i.TwitterElasticRepositoryQueryClient - Document with id 1 searched successfully
2022-04-30 06:14:00 [http-nio-8183-exec-8] INFO  c.m.d.e.q.s.a.ElasticDocumentController - Eastic search returned document with id
2022-04-30 06:14:15 [http-nio-8183-exec-10] INFO  c.m.d.e.q.s.b.i.TwitterElasticQueryService - Querying Elastic search by ID 1518523609349693440
2022-04-30 06:14:15 [http-nio-8183-exec-10] INFO  c.m.d.e.q.c.s.i.TwitterElasticRepositoryQueryClient - Document with id 1518523609349693440 searched successfully
2022-04-30 06:14:15 [http-nio-8183-exec-10] INFO  c.m.d.e.q.s.a.ElasticDocumentController - Eastic search returned document with id
2022-04-30 06:14:24 [http-nio-8183-exec-1] INFO  c.m.d.e.q.s.b.i.TwitterElasticQueryService - Querying Elastic search by ID 1518523609349693440
2022-04-30 06:14:24 [http-nio-8183-exec-1] INFO  c.m.d.e.q.c.s.i.TwitterElasticRepositoryQueryClient - Document with id 1518523609349693440 searched successfully
2022-04-30 06:14:24 [http-nio-8183-exec-1] INFO  c.m.d.e.q.s.a.ElasticDocumentController - Eastic search returned document with id
2022-04-30 19:48:35 [background-preinit] INFO  o.h.validator.internal.util.Version - HV000001: Hibernate Validator 6.1.5.Final
2022-04-30 19:48:36 [main] INFO  o.s.c.c.c.ConfigServicePropertySourceLocator - Fetching config from server at : http://config-server:8888
2022-04-30 19:48:38 [main] INFO  o.s.c.c.c.ConfigServicePropertySourceLocator - Located environment: name=elastic-query-service,config-client, profiles=[elastic_query], label=null, version=654226ab12694e61adb14161a7f9b7215200aaa9, state=null
2022-04-30 19:48:38 [main] INFO  o.s.c.b.c.PropertySourceBootstrapConfiguration - Located property source: [BootstrapPropertySource {name='bootstrapProperties-configClient'}, BootstrapPropertySource {name='bootstrapProperties-https://github.com/pvnreddy/microservices-demo-config/config-client-elastic_query.yml'}, BootstrapPropertySource {name='bootstrapProperties-https://github.com/pvnreddy/microservices-demo-config/config-client.yml'}]
2022-04-30 19:48:38 [main] INFO  c.m.d.e.q.s.ElasticQueryServiceApplication - The following profiles are active: elastic_query
2022-04-30 19:48:39 [main] INFO  o.s.d.r.c.RepositoryConfigurationDelegate - Bootstrapping Spring Data Elasticsearch repositories in DEFAULT mode.
2022-04-30 19:48:39 [main] INFO  o.s.d.r.c.RepositoryConfigurationDelegate - Finished Spring Data repository scanning in 54ms. Found 1 Elasticsearch repository interfaces.
2022-04-30 19:48:39 [main] INFO  o.s.d.r.c.RepositoryConfigurationDelegate - Bootstrapping Spring Data Reactive Elasticsearch repositories in DEFAULT mode.
2022-04-30 19:48:39 [main] INFO  o.s.d.r.c.RepositoryConfigurationDelegate - Finished Spring Data repository scanning in 14ms. Found 0 Reactive Elasticsearch repository interfaces.
2022-04-30 19:48:39 [main] INFO  o.s.cloud.context.scope.GenericScope - BeanFactory id=58c0f454-7425-3b28-a62a-c8a87e1bd143
2022-04-30 19:48:40 [main] INFO  o.s.b.w.e.tomcat.TomcatWebServer - Tomcat initialized with port(s): 8183 (http)
2022-04-30 19:48:40 [main] INFO  o.a.coyote.http11.Http11NioProtocol - Initializing ProtocolHandler ["http-nio-8183"]
2022-04-30 19:48:40 [main] INFO  o.a.catalina.core.StandardService - Starting service [Tomcat]
2022-04-30 19:48:40 [main] INFO  o.a.catalina.core.StandardEngine - Starting Servlet engine: [Apache Tomcat/9.0.38]
2022-04-30 19:48:40 [main] INFO  o.a.c.c.C.[.[.[/elastic-query-service] - Initializing Spring embedded WebApplicationContext
2022-04-30 19:48:40 [main] INFO  o.s.b.w.s.c.ServletWebServerApplicationContext - Root WebApplicationContext: initialization completed in 2141 ms
2022-04-30 19:48:40 [main] WARN  o.s.data.convert.CustomConversions - Registering converter from class org.springframework.data.geo.Point to interface java.util.Map as writing converter although it doesn't convert to a store-supported type! You might want to check your annotation setup at the converter implementation.
2022-04-30 19:48:40 [main] WARN  o.s.data.convert.CustomConversions - Registering converter from interface java.util.Map to class org.springframework.data.geo.Point as reading converter although it doesn't convert from a store-supported type! You might want to check your annotation setup at the converter implementation.
2022-04-30 19:48:40 [main] WARN  o.s.data.convert.CustomConversions - Registering converter from class org.springframework.data.elasticsearch.core.geo.GeoPoint to interface java.util.Map as writing converter although it doesn't convert to a store-supported type! You might want to check your annotation setup at the converter implementation.
2022-04-30 19:48:40 [main] WARN  o.s.data.convert.CustomConversions - Registering converter from interface java.util.Map to class org.springframework.data.elasticsearch.core.geo.GeoPoint as reading converter although it doesn't convert from a store-supported type! You might want to check your annotation setup at the converter implementation.
2022-04-30 19:48:40 [main] WARN  o.s.data.convert.CustomConversions - Registering converter from class org.springframework.data.geo.Point to interface java.util.Map as writing converter although it doesn't convert to a store-supported type! You might want to check your annotation setup at the converter implementation.
2022-04-30 19:48:40 [main] WARN  o.s.data.convert.CustomConversions - Registering converter from interface java.util.Map to class org.springframework.data.geo.Point as reading converter although it doesn't convert from a store-supported type! You might want to check your annotation setup at the converter implementation.
2022-04-30 19:48:40 [main] WARN  o.s.data.convert.CustomConversions - Registering converter from class org.springframework.data.elasticsearch.core.geo.GeoPoint to interface java.util.Map as writing converter although it doesn't convert to a store-supported type! You might want to check your annotation setup at the converter implementation.
2022-04-30 19:48:40 [main] WARN  o.s.data.convert.CustomConversions - Registering converter from interface java.util.Map to class org.springframework.data.elasticsearch.core.geo.GeoPoint as reading converter although it doesn't convert from a store-supported type! You might want to check your annotation setup at the converter implementation.
2022-04-30 19:48:41 [main] INFO  o.s.d.e.support.VersionInfo - Version Spring Data Elasticsearch: 4.0.4.RELEASE
2022-04-30 19:48:41 [main] INFO  o.s.d.e.support.VersionInfo - Version Elasticsearch Client in build: 7.6.2
2022-04-30 19:48:41 [main] INFO  o.s.d.e.support.VersionInfo - Version Elasticsearch Client used: 7.9.1
2022-04-30 19:48:41 [main] WARN  o.s.d.e.support.VersionInfo - Version mismatch in between Elasticsearch Clients build/use: 7.6.2 - 7.9.1
2022-04-30 19:48:41 [main] INFO  o.s.d.e.support.VersionInfo - Version Elasticsearch cluster: 7.9.1
2022-04-30 19:48:42 [main] INFO  o.s.s.web.DefaultSecurityFilterChain - Creating filter chain: Ant [pattern='/api-docs'], []
2022-04-30 19:48:42 [main] INFO  o.s.s.web.DefaultSecurityFilterChain - Creating filter chain: any request, [org.springframework.security.web.context.request.async.WebAsyncManagerIntegrationFilter@7482309c, org.springframework.security.web.context.SecurityContextPersistenceFilter@71285693, org.springframework.security.web.header.HeaderWriterFilter@3516b881, org.springframework.security.web.authentication.logout.LogoutFilter@93f15f6, org.springframework.security.web.authentication.www.BasicAuthenticationFilter@1592e540, org.springframework.security.web.savedrequest.RequestCacheAwareFilter@7286827b, org.springframework.security.web.servletapi.SecurityContextHolderAwareRequestFilter@5960f17, org.springframework.security.web.authentication.AnonymousAuthenticationFilter@f42336c, org.springframework.security.web.session.SessionManagementFilter@280d6a20, org.springframework.security.web.access.ExceptionTranslationFilter@5627b8eb, org.springframework.security.web.access.intercept.FilterSecurityInterceptor@413eaf5d]
2022-04-30 19:48:42 [main] WARN  o.s.data.convert.CustomConversions - Registering converter from class org.springframework.data.geo.Point to interface java.util.Map as writing converter although it doesn't convert to a store-supported type! You might want to check your annotation setup at the converter implementation.
2022-04-30 19:48:42 [main] WARN  o.s.data.convert.CustomConversions - Registering converter from interface java.util.Map to class org.springframework.data.geo.Point as reading converter although it doesn't convert from a store-supported type! You might want to check your annotation setup at the converter implementation.
2022-04-30 19:48:42 [main] WARN  o.s.data.convert.CustomConversions - Registering converter from class org.springframework.data.elasticsearch.core.geo.GeoPoint to interface java.util.Map as writing converter although it doesn't convert to a store-supported type! You might want to check your annotation setup at the converter implementation.
2022-04-30 19:48:42 [main] WARN  o.s.data.convert.CustomConversions - Registering converter from interface java.util.Map to class org.springframework.data.elasticsearch.core.geo.GeoPoint as reading converter although it doesn't convert from a store-supported type! You might want to check your annotation setup at the converter implementation.
2022-04-30 19:48:42 [main] INFO  o.s.s.c.ThreadPoolTaskExecutor - Initializing ExecutorService 'applicationTaskExecutor'
2022-04-30 19:48:44 [main] INFO  o.a.coyote.http11.Http11NioProtocol - Starting ProtocolHandler ["http-nio-8183"]
2022-04-30 19:48:44 [main] INFO  o.s.b.w.e.tomcat.TomcatWebServer - Tomcat started on port(s): 8183 (http) with context path '/elastic-query-service'
2022-04-30 19:48:44 [main] INFO  c.m.d.e.q.s.ElasticQueryServiceApplication - Started ElasticQueryServiceApplication in 9.835 seconds (JVM running for 10.931)
2022-04-30 19:53:01 [http-nio-8183-exec-1] INFO  o.a.c.c.C.[.[.[/elastic-query-service] - Initializing Spring DispatcherServlet 'dispatcherServlet'
2022-04-30 19:53:01 [http-nio-8183-exec-1] INFO  o.s.web.servlet.DispatcherServlet - Initializing Servlet 'dispatcherServlet'
2022-04-30 19:53:01 [http-nio-8183-exec-1] INFO  o.s.web.servlet.DispatcherServlet - Completed initialization in 15 ms
2022-04-30 19:53:02 [http-nio-8183-exec-1] INFO  c.m.d.e.q.s.b.i.TwitterElasticQueryService - Querying Elastic search by Text test
2022-04-30 19:53:02 [http-nio-8183-exec-2] INFO  c.m.d.e.q.s.b.i.TwitterElasticQueryService - Querying Elastic search by Text test
2022-04-30 19:53:02 [http-nio-8183-exec-2] INFO  c.m.d.e.q.c.s.i.TwitterElasticRepositoryQueryClient - 7 no of documents searched with text test
2022-04-30 19:53:02 [http-nio-8183-exec-1] INFO  c.m.d.e.q.c.s.i.TwitterElasticRepositoryQueryClient - 7 no of documents searched with text test
2022-04-30 19:53:02 [http-nio-8183-exec-2] INFO  c.m.d.e.q.s.a.ElasticDocumentController - Eastic search returned 7 no of documents with text test
2022-04-30 19:53:02 [http-nio-8183-exec-1] INFO  c.m.d.e.q.s.a.ElasticDocumentController - Eastic search returned 7 no of documents with text test
2022-04-30 19:55:23 [http-nio-8183-exec-5] INFO  c.m.d.e.q.s.b.i.TwitterElasticQueryService - Querying Elastic search by Text ela
2022-04-30 19:55:23 [http-nio-8183-exec-5] INFO  c.m.d.e.q.c.s.i.TwitterElasticRepositoryQueryClient - 0 no of documents searched with text ela
2022-04-30 19:55:23 [http-nio-8183-exec-5] INFO  c.m.d.e.q.s.a.ElasticDocumentController - Eastic search returned 0 no of documents with text ela
2022-04-30 19:55:31 [http-nio-8183-exec-6] INFO  c.m.d.e.q.s.b.i.TwitterElasticQueryService - Querying Elastic search by Text java
2022-04-30 19:55:32 [http-nio-8183-exec-6] INFO  c.m.d.e.q.c.s.i.TwitterElasticRepositoryQueryClient - 278 no of documents searched with text java
2022-04-30 19:55:32 [http-nio-8183-exec-6] INFO  c.m.d.e.q.s.a.ElasticDocumentController - Eastic search returned 278 no of documents with text java
2022-04-30 20:41:24 [background-preinit] INFO  o.h.validator.internal.util.Version - HV000001: Hibernate Validator 6.1.5.Final
2022-04-30 20:41:28 [background-preinit] INFO  o.h.validator.internal.util.Version - HV000001: Hibernate Validator 6.1.5.Final
2022-04-30 20:41:39 [main] INFO  o.s.c.c.c.ConfigServicePropertySourceLocator - Fetching config from server at : http://config-server:8888
2022-04-30 20:41:47 [main] INFO  o.s.c.c.c.ConfigServicePropertySourceLocator - Fetching config from server at : http://config-server:8888
2022-04-30 20:41:53 [main] INFO  o.s.c.c.c.ConfigServicePropertySourceLocator - Located environment: name=elastic-query-service,config-client, profiles=[elastic_query], label=null, version=3378b07c11914efbfe6f1bc33115e0c769a022af, state=null
2022-04-30 20:41:53 [main] INFO  o.s.c.b.c.PropertySourceBootstrapConfiguration - Located property source: [BootstrapPropertySource {name='bootstrapProperties-configClient'}, BootstrapPropertySource {name='bootstrapProperties-https://github.com/pvnreddy/microservices-demo-config/config-client-elastic_query.yml'}, BootstrapPropertySource {name='bootstrapProperties-https://github.com/pvnreddy/microservices-demo-config/config-client.yml'}]
2022-04-30 20:41:55 [main] INFO  c.m.d.e.q.s.ElasticQueryServiceApplication - The following profiles are active: elastic_query
2022-04-30 20:41:59 [main] INFO  o.s.c.c.c.ConfigServicePropertySourceLocator - Located environment: name=elastic-query-service,config-client, profiles=[elastic_query], label=null, version=3378b07c11914efbfe6f1bc33115e0c769a022af, state=null
2022-04-30 20:41:59 [main] INFO  o.s.c.b.c.PropertySourceBootstrapConfiguration - Located property source: [BootstrapPropertySource {name='bootstrapProperties-configClient'}, BootstrapPropertySource {name='bootstrapProperties-https://github.com/pvnreddy/microservices-demo-config/config-client-elastic_query.yml'}, BootstrapPropertySource {name='bootstrapProperties-https://github.com/pvnreddy/microservices-demo-config/config-client.yml'}]
2022-04-30 20:42:01 [main] INFO  c.m.d.e.q.s.ElasticQueryServiceApplication - The following profiles are active: elastic_query
2022-04-30 20:42:10 [main] INFO  o.s.d.r.c.RepositoryConfigurationDelegate - Bootstrapping Spring Data Elasticsearch repositories in DEFAULT mode.
2022-04-30 20:42:11 [main] INFO  o.s.d.r.c.RepositoryConfigurationDelegate - Finished Spring Data repository scanning in 948ms. Found 1 Elasticsearch repository interfaces.
2022-04-30 20:42:14 [main] INFO  o.s.d.r.c.RepositoryConfigurationDelegate - Bootstrapping Spring Data Elasticsearch repositories in DEFAULT mode.
2022-04-30 20:42:16 [main] INFO  o.s.d.r.c.RepositoryConfigurationDelegate - Finished Spring Data repository scanning in 1154ms. Found 1 Elasticsearch repository interfaces.
2022-04-30 20:42:16 [main] INFO  o.s.d.r.c.RepositoryConfigurationDelegate - Bootstrapping Spring Data Reactive Elasticsearch repositories in DEFAULT mode.
2022-04-30 20:42:17 [main] INFO  o.s.d.r.c.RepositoryConfigurationDelegate - Finished Spring Data repository scanning in 209ms. Found 0 Reactive Elasticsearch repository interfaces.
2022-04-30 20:42:20 [main] INFO  o.s.d.r.c.RepositoryConfigurationDelegate - Bootstrapping Spring Data Reactive Elasticsearch repositories in DEFAULT mode.
2022-04-30 20:42:21 [main] INFO  o.s.d.r.c.RepositoryConfigurationDelegate - Finished Spring Data repository scanning in 710ms. Found 0 Reactive Elasticsearch repository interfaces.
2022-04-30 20:42:23 [main] INFO  o.s.cloud.context.scope.GenericScope - BeanFactory id=818963bb-9e1d-3970-ace2-5bc48ce069ab
2022-04-30 20:42:29 [main] INFO  o.s.cloud.context.scope.GenericScope - BeanFactory id=818963bb-9e1d-3970-ace2-5bc48ce069ab
2022-04-30 20:42:31 [main] INFO  o.s.b.w.e.tomcat.TomcatWebServer - Tomcat initialized with port(s): 8183 (http)
2022-04-30 20:42:31 [main] INFO  o.a.coyote.http11.Http11NioProtocol - Initializing ProtocolHandler ["http-nio-8183"]
2022-04-30 20:42:31 [main] INFO  o.a.catalina.core.StandardService - Starting service [Tomcat]
2022-04-30 20:42:31 [main] INFO  o.a.catalina.core.StandardEngine - Starting Servlet engine: [Apache Tomcat/9.0.38]
2022-04-30 20:42:33 [main] INFO  o.a.c.c.C.[.[.[/elastic-query-service] - Initializing Spring embedded WebApplicationContext
2022-04-30 20:42:33 [main] INFO  o.s.b.w.s.c.ServletWebServerApplicationContext - Root WebApplicationContext: initialization completed in 37488 ms
2022-04-30 20:42:34 [main] INFO  o.s.b.w.e.tomcat.TomcatWebServer - Tomcat initialized with port(s): 8183 (http)
2022-04-30 20:42:35 [main] INFO  o.a.coyote.http11.Http11NioProtocol - Initializing ProtocolHandler ["http-nio-8183"]
2022-04-30 20:42:35 [main] INFO  o.a.catalina.core.StandardService - Starting service [Tomcat]
2022-04-30 20:42:35 [main] INFO  o.a.catalina.core.StandardEngine - Starting Servlet engine: [Apache Tomcat/9.0.38]
2022-04-30 20:42:36 [main] INFO  o.a.c.c.C.[.[.[/elastic-query-service] - Initializing Spring embedded WebApplicationContext
2022-04-30 20:42:36 [main] INFO  o.s.b.w.s.c.ServletWebServerApplicationContext - Root WebApplicationContext: initialization completed in 33814 ms
2022-04-30 20:42:36 [main] WARN  o.s.data.convert.CustomConversions - Registering converter from class org.springframework.data.geo.Point to interface java.util.Map as writing converter although it doesn't convert to a store-supported type! You might want to check your annotation setup at the converter implementation.
2022-04-30 20:42:36 [main] WARN  o.s.data.convert.CustomConversions - Registering converter from interface java.util.Map to class org.springframework.data.geo.Point as reading converter although it doesn't convert from a store-supported type! You might want to check your annotation setup at the converter implementation.
2022-04-30 20:42:36 [main] WARN  o.s.data.convert.CustomConversions - Registering converter from class org.springframework.data.elasticsearch.core.geo.GeoPoint to interface java.util.Map as writing converter although it doesn't convert to a store-supported type! You might want to check your annotation setup at the converter implementation.
2022-04-30 20:42:36 [main] WARN  o.s.data.convert.CustomConversions - Registering converter from interface java.util.Map to class org.springframework.data.elasticsearch.core.geo.GeoPoint as reading converter although it doesn't convert from a store-supported type! You might want to check your annotation setup at the converter implementation.
2022-04-30 20:42:36 [main] WARN  o.s.data.convert.CustomConversions - Registering converter from class org.springframework.data.geo.Point to interface java.util.Map as writing converter although it doesn't convert to a store-supported type! You might want to check your annotation setup at the converter implementation.
2022-04-30 20:42:36 [main] WARN  o.s.data.convert.CustomConversions - Registering converter from interface java.util.Map to class org.springframework.data.geo.Point as reading converter although it doesn't convert from a store-supported type! You might want to check your annotation setup at the converter implementation.
2022-04-30 20:42:36 [main] WARN  o.s.data.convert.CustomConversions - Registering converter from class org.springframework.data.elasticsearch.core.geo.GeoPoint to interface java.util.Map as writing converter although it doesn't convert to a store-supported type! You might want to check your annotation setup at the converter implementation.
2022-04-30 20:42:36 [main] WARN  o.s.data.convert.CustomConversions - Registering converter from interface java.util.Map to class org.springframework.data.elasticsearch.core.geo.GeoPoint as reading converter although it doesn't convert from a store-supported type! You might want to check your annotation setup at the converter implementation.
2022-04-30 20:42:38 [main] WARN  o.s.data.convert.CustomConversions - Registering converter from class org.springframework.data.geo.Point to interface java.util.Map as writing converter although it doesn't convert to a store-supported type! You might want to check your annotation setup at the converter implementation.
2022-04-30 20:42:38 [main] WARN  o.s.data.convert.CustomConversions - Registering converter from interface java.util.Map to class org.springframework.data.geo.Point as reading converter although it doesn't convert from a store-supported type! You might want to check your annotation setup at the converter implementation.
2022-04-30 20:42:38 [main] WARN  o.s.data.convert.CustomConversions - Registering converter from class org.springframework.data.elasticsearch.core.geo.GeoPoint to interface java.util.Map as writing converter although it doesn't convert to a store-supported type! You might want to check your annotation setup at the converter implementation.
2022-04-30 20:42:38 [main] WARN  o.s.data.convert.CustomConversions - Registering converter from interface java.util.Map to class org.springframework.data.elasticsearch.core.geo.GeoPoint as reading converter although it doesn't convert from a store-supported type! You might want to check your annotation setup at the converter implementation.
2022-04-30 20:42:38 [main] WARN  o.s.data.convert.CustomConversions - Registering converter from class org.springframework.data.geo.Point to interface java.util.Map as writing converter although it doesn't convert to a store-supported type! You might want to check your annotation setup at the converter implementation.
2022-04-30 20:42:38 [main] WARN  o.s.data.convert.CustomConversions - Registering converter from interface java.util.Map to class org.springframework.data.geo.Point as reading converter although it doesn't convert from a store-supported type! You might want to check your annotation setup at the converter implementation.
2022-04-30 20:42:38 [main] WARN  o.s.data.convert.CustomConversions - Registering converter from class org.springframework.data.elasticsearch.core.geo.GeoPoint to interface java.util.Map as writing converter although it doesn't convert to a store-supported type! You might want to check your annotation setup at the converter implementation.
2022-04-30 20:42:38 [main] WARN  o.s.data.convert.CustomConversions - Registering converter from interface java.util.Map to class org.springframework.data.elasticsearch.core.geo.GeoPoint as reading converter although it doesn't convert from a store-supported type! You might want to check your annotation setup at the converter implementation.
2022-04-30 20:42:44 [main] INFO  o.s.d.e.support.VersionInfo - Version Spring Data Elasticsearch: 4.0.4.RELEASE
2022-04-30 20:42:44 [main] INFO  o.s.d.e.support.VersionInfo - Version Elasticsearch Client in build: 7.6.2
2022-04-30 20:42:44 [main] INFO  o.s.d.e.support.VersionInfo - Version Elasticsearch Client used: 7.9.1
2022-04-30 20:42:44 [main] WARN  o.s.d.e.support.VersionInfo - Version mismatch in between Elasticsearch Clients build/use: 7.6.2 - 7.9.1
2022-04-30 20:42:44 [main] INFO  o.s.d.e.support.VersionInfo - Version Elasticsearch cluster: 7.9.1
2022-04-30 20:42:47 [main] INFO  o.s.d.e.support.VersionInfo - Version Spring Data Elasticsearch: 4.0.4.RELEASE
2022-04-30 20:42:47 [main] INFO  o.s.d.e.support.VersionInfo - Version Elasticsearch Client in build: 7.6.2
2022-04-30 20:42:47 [main] INFO  o.s.d.e.support.VersionInfo - Version Elasticsearch Client used: 7.9.1
2022-04-30 20:42:47 [main] WARN  o.s.d.e.support.VersionInfo - Version mismatch in between Elasticsearch Clients build/use: 7.6.2 - 7.9.1
2022-04-30 20:42:47 [main] INFO  o.s.d.e.support.VersionInfo - Version Elasticsearch cluster: 7.9.1
2022-04-30 20:42:53 [main] INFO  o.s.s.web.DefaultSecurityFilterChain - Creating filter chain: Ant [pattern='/api-docs'], []
2022-04-30 20:42:53 [main] INFO  o.s.s.web.DefaultSecurityFilterChain - Creating filter chain: any request, [org.springframework.security.web.context.request.async.WebAsyncManagerIntegrationFilter@2a531637, org.springframework.security.web.context.SecurityContextPersistenceFilter@117fb9ba, org.springframework.security.web.header.HeaderWriterFilter@727956bb, org.springframework.security.web.authentication.logout.LogoutFilter@11309dd4, org.springframework.security.web.authentication.www.BasicAuthenticationFilter@68f9e807, org.springframework.security.web.savedrequest.RequestCacheAwareFilter@41e7a544, org.springframework.security.web.servletapi.SecurityContextHolderAwareRequestFilter@4bc21e34, org.springframework.security.web.authentication.AnonymousAuthenticationFilter@539ee811, org.springframework.security.web.session.SessionManagementFilter@1d9bd1d6, org.springframework.security.web.access.ExceptionTranslationFilter@6e017950, org.springframework.security.web.access.intercept.FilterSecurityInterceptor@779b4f9c]
2022-04-30 20:42:53 [main] WARN  o.s.data.convert.CustomConversions - Registering converter from class org.springframework.data.geo.Point to interface java.util.Map as writing converter although it doesn't convert to a store-supported type! You might want to check your annotation setup at the converter implementation.
2022-04-30 20:42:53 [main] WARN  o.s.data.convert.CustomConversions - Registering converter from interface java.util.Map to class org.springframework.data.geo.Point as reading converter although it doesn't convert from a store-supported type! You might want to check your annotation setup at the converter implementation.
2022-04-30 20:42:53 [main] WARN  o.s.data.convert.CustomConversions - Registering converter from class org.springframework.data.elasticsearch.core.geo.GeoPoint to interface java.util.Map as writing converter although it doesn't convert to a store-supported type! You might want to check your annotation setup at the converter implementation.
2022-04-30 20:42:53 [main] WARN  o.s.data.convert.CustomConversions - Registering converter from interface java.util.Map to class org.springframework.data.elasticsearch.core.geo.GeoPoint as reading converter although it doesn't convert from a store-supported type! You might want to check your annotation setup at the converter implementation.
2022-04-30 20:42:55 [main] INFO  o.s.s.web.DefaultSecurityFilterChain - Creating filter chain: Ant [pattern='/api-docs'], []
2022-04-30 20:42:56 [main] INFO  o.s.s.web.DefaultSecurityFilterChain - Creating filter chain: any request, [org.springframework.security.web.context.request.async.WebAsyncManagerIntegrationFilter@64544ee4, org.springframework.security.web.context.SecurityContextPersistenceFilter@fceab5d, org.springframework.security.web.header.HeaderWriterFilter@68c4a860, org.springframework.security.web.authentication.logout.LogoutFilter@7eefaca0, org.springframework.security.web.authentication.www.BasicAuthenticationFilter@160546b1, org.springframework.security.web.savedrequest.RequestCacheAwareFilter@1592e540, org.springframework.security.web.servletapi.SecurityContextHolderAwareRequestFilter@41e7a544, org.springframework.security.web.authentication.AnonymousAuthenticationFilter@16d61071, org.springframework.security.web.session.SessionManagementFilter@1b8ee69d, org.springframework.security.web.access.ExceptionTranslationFilter@4ad8d36f, org.springframework.security.web.access.intercept.FilterSecurityInterceptor@25823192]
2022-04-30 20:42:56 [main] INFO  o.s.s.c.ThreadPoolTaskExecutor - Initializing ExecutorService 'applicationTaskExecutor'
2022-04-30 20:42:56 [main] WARN  o.s.data.convert.CustomConversions - Registering converter from class org.springframework.data.geo.Point to interface java.util.Map as writing converter although it doesn't convert to a store-supported type! You might want to check your annotation setup at the converter implementation.
2022-04-30 20:42:56 [main] WARN  o.s.data.convert.CustomConversions - Registering converter from interface java.util.Map to class org.springframework.data.geo.Point as reading converter although it doesn't convert from a store-supported type! You might want to check your annotation setup at the converter implementation.
2022-04-30 20:42:56 [main] WARN  o.s.data.convert.CustomConversions - Registering converter from class org.springframework.data.elasticsearch.core.geo.GeoPoint to interface java.util.Map as writing converter although it doesn't convert to a store-supported type! You might want to check your annotation setup at the converter implementation.
2022-04-30 20:42:56 [main] WARN  o.s.data.convert.CustomConversions - Registering converter from interface java.util.Map to class org.springframework.data.elasticsearch.core.geo.GeoPoint as reading converter although it doesn't convert from a store-supported type! You might want to check your annotation setup at the converter implementation.
2022-04-30 20:42:57 [main] INFO  o.s.s.c.ThreadPoolTaskExecutor - Initializing ExecutorService 'applicationTaskExecutor'
2022-04-30 20:43:02 [main] INFO  o.a.coyote.http11.Http11NioProtocol - Starting ProtocolHandler ["http-nio-8183"]
2022-04-30 20:43:02 [main] INFO  o.s.b.w.e.tomcat.TomcatWebServer - Tomcat started on port(s): 8183 (http) with context path '/elastic-query-service'
2022-04-30 20:43:02 [main] INFO  c.m.d.e.q.s.ElasticQueryServiceApplication - Started ElasticQueryServiceApplication in 104.93 seconds (JVM running for 117.602)
2022-04-30 20:43:03 [main] INFO  o.a.coyote.http11.Http11NioProtocol - Starting ProtocolHandler ["http-nio-8183"]
2022-04-30 20:43:03 [main] INFO  o.s.b.w.e.tomcat.TomcatWebServer - Tomcat started on port(s): 8183 (http) with context path '/elastic-query-service'
2022-04-30 20:43:03 [main] INFO  c.m.d.e.q.s.ElasticQueryServiceApplication - Started ElasticQueryServiceApplication in 101.419 seconds (JVM running for 112.318)
2022-04-30 20:44:43 [http-nio-8183-exec-1] INFO  o.a.c.c.C.[.[.[/elastic-query-service] - Initializing Spring DispatcherServlet 'dispatcherServlet'
2022-04-30 20:44:43 [http-nio-8183-exec-1] INFO  o.s.web.servlet.DispatcherServlet - Initializing Servlet 'dispatcherServlet'
2022-04-30 20:44:43 [http-nio-8183-exec-1] INFO  o.s.web.servlet.DispatcherServlet - Completed initialization in 16 ms
2022-04-30 20:44:43 [http-nio-8183-exec-1] INFO  c.m.d.e.q.s.b.i.TwitterElasticQueryService - Querying Elastic search by Text text
2022-04-30 20:44:44 [http-nio-8183-exec-1] INFO  c.m.d.e.q.c.s.i.TwitterElasticRepositoryQueryClient - 0 no of documents searched with text text
2022-04-30 20:44:44 [http-nio-8183-exec-1] INFO  c.m.d.e.q.s.a.ElasticDocumentController - Eastic search returned 0 no of documents with text text with port 8183
2022-04-30 20:47:36 [http-nio-8183-exec-3] INFO  c.m.d.e.q.s.b.i.TwitterElasticQueryService - Querying Elastic search by Text kjhg
2022-04-30 20:47:36 [http-nio-8183-exec-3] INFO  c.m.d.e.q.c.s.i.TwitterElasticRepositoryQueryClient - 0 no of documents searched with text kjhg
2022-04-30 20:47:36 [http-nio-8183-exec-3] INFO  c.m.d.e.q.s.a.ElasticDocumentController - Eastic search returned 0 no of documents with text kjhg with port 8183
2022-04-30 20:49:33 [http-nio-8183-exec-4] INFO  c.m.d.e.q.s.b.i.TwitterElasticQueryService - Querying Elastic search by ID 1518523609349693440
2022-04-30 20:49:33 [http-nio-8183-exec-4] INFO  c.m.d.e.q.c.s.i.TwitterElasticRepositoryQueryClient - Document with id 1518523609349693440 searched successfully
2022-04-30 20:49:33 [http-nio-8183-exec-4] INFO  c.m.d.e.q.s.a.ElasticDocumentController - Eastic search returned document with id 1518523609349693440
2022-04-30 20:52:27 [http-nio-8183-exec-8] INFO  c.m.d.e.q.s.b.i.TwitterElasticQueryService - Querying Elastic search by Text sfdsf
2022-04-30 20:52:27 [http-nio-8183-exec-8] INFO  c.m.d.e.q.c.s.i.TwitterElasticRepositoryQueryClient - 0 no of documents searched with text sfdsf
2022-04-30 20:52:27 [http-nio-8183-exec-8] INFO  c.m.d.e.q.s.a.ElasticDocumentController - Eastic search returned 0 no of documents with text sfdsf with port 8183
2022-04-30 20:52:42 [http-nio-8183-exec-9] INFO  c.m.d.e.q.s.b.i.TwitterElasticQueryService - Querying Elastic search by Text java
2022-04-30 20:52:43 [http-nio-8183-exec-9] INFO  c.m.d.e.q.c.s.i.TwitterElasticRepositoryQueryClient - 337 no of documents searched with text java
2022-04-30 20:52:43 [http-nio-8183-exec-9] INFO  c.m.d.e.q.s.a.ElasticDocumentController - Eastic search returned 337 no of documents with text java with port 8183
2022-04-30 20:55:13 [http-nio-8183-exec-1] INFO  c.m.d.e.q.s.b.i.TwitterElasticQueryService - Querying Elastic search by Text elastic
2022-04-30 20:55:13 [http-nio-8183-exec-1] INFO  c.m.d.e.q.c.s.i.TwitterElasticRepositoryQueryClient - 2 no of documents searched with text elastic
2022-04-30 20:55:13 [http-nio-8183-exec-1] INFO  c.m.d.e.q.s.a.ElasticDocumentController - Eastic search returned 2 no of documents with text elastic with port 8183
2022-04-30 21:28:35 [background-preinit] INFO  o.h.validator.internal.util.Version - HV000001: Hibernate Validator 6.1.5.Final
2022-04-30 21:28:40 [background-preinit] INFO  o.h.validator.internal.util.Version - HV000001: Hibernate Validator 6.1.5.Final
2022-04-30 21:28:53 [main] INFO  o.s.c.c.c.ConfigServicePropertySourceLocator - Fetching config from server at : http://config-server:8888
2022-04-30 21:28:56 [main] INFO  o.s.c.c.c.ConfigServicePropertySourceLocator - Fetching config from server at : http://config-server:8888
2022-04-30 21:29:00 [main] INFO  o.s.c.c.c.ConfigServicePropertySourceLocator - Located environment: name=elastic-query-service,config-client, profiles=[elastic_query], label=null, version=3378b07c11914efbfe6f1bc33115e0c769a022af, state=null
2022-04-30 21:29:00 [main] INFO  o.s.c.b.c.PropertySourceBootstrapConfiguration - Located property source: [BootstrapPropertySource {name='bootstrapProperties-configClient'}, BootstrapPropertySource {name='bootstrapProperties-https://github.com/pvnreddy/microservices-demo-config/config-client-elastic_query.yml'}, BootstrapPropertySource {name='bootstrapProperties-https://github.com/pvnreddy/microservices-demo-config/config-client.yml'}]
2022-04-30 21:29:01 [main] INFO  c.m.d.e.q.s.ElasticQueryServiceApplication - The following profiles are active: elastic_query
2022-04-30 21:29:06 [main] INFO  o.s.c.c.c.ConfigServicePropertySourceLocator - Located environment: name=elastic-query-service,config-client, profiles=[elastic_query], label=null, version=3378b07c11914efbfe6f1bc33115e0c769a022af, state=null
2022-04-30 21:29:06 [main] INFO  o.s.c.b.c.PropertySourceBootstrapConfiguration - Located property source: [BootstrapPropertySource {name='bootstrapProperties-configClient'}, BootstrapPropertySource {name='bootstrapProperties-https://github.com/pvnreddy/microservices-demo-config/config-client-elastic_query.yml'}, BootstrapPropertySource {name='bootstrapProperties-https://github.com/pvnreddy/microservices-demo-config/config-client.yml'}]
2022-04-30 21:29:07 [main] INFO  c.m.d.e.q.s.ElasticQueryServiceApplication - The following profiles are active: elastic_query
2022-04-30 21:29:12 [main] INFO  o.s.d.r.c.RepositoryConfigurationDelegate - Bootstrapping Spring Data Elasticsearch repositories in DEFAULT mode.
2022-04-30 21:29:14 [main] INFO  o.s.d.r.c.RepositoryConfigurationDelegate - Finished Spring Data repository scanning in 1452ms. Found 1 Elasticsearch repository interfaces.
2022-04-30 21:29:18 [main] INFO  o.s.d.r.c.RepositoryConfigurationDelegate - Bootstrapping Spring Data Reactive Elasticsearch repositories in DEFAULT mode.
2022-04-30 21:29:18 [main] INFO  o.s.d.r.c.RepositoryConfigurationDelegate - Finished Spring Data repository scanning in 144ms. Found 0 Reactive Elasticsearch repository interfaces.
2022-04-30 21:29:19 [main] INFO  o.s.d.r.c.RepositoryConfigurationDelegate - Bootstrapping Spring Data Elasticsearch repositories in DEFAULT mode.
2022-04-30 21:29:20 [main] INFO  o.s.d.r.c.RepositoryConfigurationDelegate - Finished Spring Data repository scanning in 877ms. Found 1 Elasticsearch repository interfaces.
2022-04-30 21:29:22 [main] INFO  o.s.cloud.context.scope.GenericScope - BeanFactory id=818963bb-9e1d-3970-ace2-5bc48ce069ab
2022-04-30 21:29:22 [main] INFO  o.s.d.r.c.RepositoryConfigurationDelegate - Bootstrapping Spring Data Reactive Elasticsearch repositories in DEFAULT mode.
2022-04-30 21:29:22 [main] INFO  o.s.d.r.c.RepositoryConfigurationDelegate - Finished Spring Data repository scanning in 113ms. Found 0 Reactive Elasticsearch repository interfaces.
2022-04-30 21:29:26 [main] INFO  o.s.cloud.context.scope.GenericScope - BeanFactory id=818963bb-9e1d-3970-ace2-5bc48ce069ab
2022-04-30 21:29:26 [main] INFO  o.s.b.w.e.tomcat.TomcatWebServer - Tomcat initialized with port(s): 8185 (http)
2022-04-30 21:29:27 [main] INFO  o.a.coyote.http11.Http11NioProtocol - Initializing ProtocolHandler ["http-nio-8185"]
2022-04-30 21:29:27 [main] INFO  o.a.catalina.core.StandardService - Starting service [Tomcat]
2022-04-30 21:29:27 [main] INFO  o.a.catalina.core.StandardEngine - Starting Servlet engine: [Apache Tomcat/9.0.38]
2022-04-30 21:29:28 [main] INFO  o.a.c.c.C.[.[.[/elastic-query-service] - Initializing Spring embedded WebApplicationContext
2022-04-30 21:29:28 [main] INFO  o.s.b.w.s.c.ServletWebServerApplicationContext - Root WebApplicationContext: initialization completed in 25855 ms
2022-04-30 21:29:29 [main] WARN  o.s.data.convert.CustomConversions - Registering converter from class org.springframework.data.geo.Point to interface java.util.Map as writing converter although it doesn't convert to a store-supported type! You might want to check your annotation setup at the converter implementation.
2022-04-30 21:29:29 [main] WARN  o.s.data.convert.CustomConversions - Registering converter from interface java.util.Map to class org.springframework.data.geo.Point as reading converter although it doesn't convert from a store-supported type! You might want to check your annotation setup at the converter implementation.
2022-04-30 21:29:29 [main] WARN  o.s.data.convert.CustomConversions - Registering converter from class org.springframework.data.elasticsearch.core.geo.GeoPoint to interface java.util.Map as writing converter although it doesn't convert to a store-supported type! You might want to check your annotation setup at the converter implementation.
2022-04-30 21:29:29 [main] WARN  o.s.data.convert.CustomConversions - Registering converter from interface java.util.Map to class org.springframework.data.elasticsearch.core.geo.GeoPoint as reading converter although it doesn't convert from a store-supported type! You might want to check your annotation setup at the converter implementation.
2022-04-30 21:29:29 [main] WARN  o.s.data.convert.CustomConversions - Registering converter from class org.springframework.data.geo.Point to interface java.util.Map as writing converter although it doesn't convert to a store-supported type! You might want to check your annotation setup at the converter implementation.
2022-04-30 21:29:29 [main] WARN  o.s.data.convert.CustomConversions - Registering converter from interface java.util.Map to class org.springframework.data.geo.Point as reading converter although it doesn't convert from a store-supported type! You might want to check your annotation setup at the converter implementation.
2022-04-30 21:29:29 [main] WARN  o.s.data.convert.CustomConversions - Registering converter from class org.springframework.data.elasticsearch.core.geo.GeoPoint to interface java.util.Map as writing converter although it doesn't convert to a store-supported type! You might want to check your annotation setup at the converter implementation.
2022-04-30 21:29:29 [main] WARN  o.s.data.convert.CustomConversions - Registering converter from interface java.util.Map to class org.springframework.data.elasticsearch.core.geo.GeoPoint as reading converter although it doesn't convert from a store-supported type! You might want to check your annotation setup at the converter implementation.
2022-04-30 21:29:30 [main] INFO  o.s.b.w.e.tomcat.TomcatWebServer - Tomcat initialized with port(s): 8183 (http)
2022-04-30 21:29:30 [main] INFO  o.a.coyote.http11.Http11NioProtocol - Initializing ProtocolHandler ["http-nio-8183"]
2022-04-30 21:29:30 [main] INFO  o.a.catalina.core.StandardService - Starting service [Tomcat]
2022-04-30 21:29:30 [main] INFO  o.a.catalina.core.StandardEngine - Starting Servlet engine: [Apache Tomcat/9.0.38]
2022-04-30 21:29:32 [main] INFO  o.a.c.c.C.[.[.[/elastic-query-service] - Initializing Spring embedded WebApplicationContext
2022-04-30 21:29:32 [main] INFO  o.s.b.w.s.c.ServletWebServerApplicationContext - Root WebApplicationContext: initialization completed in 24259 ms
2022-04-30 21:29:34 [main] WARN  o.s.data.convert.CustomConversions - Registering converter from class org.springframework.data.geo.Point to interface java.util.Map as writing converter although it doesn't convert to a store-supported type! You might want to check your annotation setup at the converter implementation.
2022-04-30 21:29:34 [main] WARN  o.s.data.convert.CustomConversions - Registering converter from interface java.util.Map to class org.springframework.data.geo.Point as reading converter although it doesn't convert from a store-supported type! You might want to check your annotation setup at the converter implementation.
2022-04-30 21:29:34 [main] WARN  o.s.data.convert.CustomConversions - Registering converter from class org.springframework.data.elasticsearch.core.geo.GeoPoint to interface java.util.Map as writing converter although it doesn't convert to a store-supported type! You might want to check your annotation setup at the converter implementation.
2022-04-30 21:29:34 [main] WARN  o.s.data.convert.CustomConversions - Registering converter from interface java.util.Map to class org.springframework.data.elasticsearch.core.geo.GeoPoint as reading converter although it doesn't convert from a store-supported type! You might want to check your annotation setup at the converter implementation.
2022-04-30 21:29:34 [main] WARN  o.s.data.convert.CustomConversions - Registering converter from class org.springframework.data.geo.Point to interface java.util.Map as writing converter although it doesn't convert to a store-supported type! You might want to check your annotation setup at the converter implementation.
2022-04-30 21:29:34 [main] WARN  o.s.data.convert.CustomConversions - Registering converter from interface java.util.Map to class org.springframework.data.geo.Point as reading converter although it doesn't convert from a store-supported type! You might want to check your annotation setup at the converter implementation.
2022-04-30 21:29:34 [main] WARN  o.s.data.convert.CustomConversions - Registering converter from class org.springframework.data.elasticsearch.core.geo.GeoPoint to interface java.util.Map as writing converter although it doesn't convert to a store-supported type! You might want to check your annotation setup at the converter implementation.
2022-04-30 21:29:34 [main] WARN  o.s.data.convert.CustomConversions - Registering converter from interface java.util.Map to class org.springframework.data.elasticsearch.core.geo.GeoPoint as reading converter although it doesn't convert from a store-supported type! You might want to check your annotation setup at the converter implementation.
2022-04-30 21:29:36 [main] INFO  o.s.d.e.support.VersionInfo - Version Spring Data Elasticsearch: 4.0.4.RELEASE
2022-04-30 21:29:36 [main] INFO  o.s.d.e.support.VersionInfo - Version Elasticsearch Client in build: 7.6.2
2022-04-30 21:29:36 [main] INFO  o.s.d.e.support.VersionInfo - Version Elasticsearch Client used: 7.9.1
2022-04-30 21:29:36 [main] WARN  o.s.d.e.support.VersionInfo - Version mismatch in between Elasticsearch Clients build/use: 7.6.2 - 7.9.1
2022-04-30 21:29:36 [main] INFO  o.s.d.e.support.VersionInfo - Version Elasticsearch cluster: 7.9.1
2022-04-30 21:29:39 [main] INFO  o.s.d.e.support.VersionInfo - Version Spring Data Elasticsearch: 4.0.4.RELEASE
2022-04-30 21:29:39 [main] INFO  o.s.d.e.support.VersionInfo - Version Elasticsearch Client in build: 7.6.2
2022-04-30 21:29:39 [main] INFO  o.s.d.e.support.VersionInfo - Version Elasticsearch Client used: 7.9.1
2022-04-30 21:29:39 [main] WARN  o.s.d.e.support.VersionInfo - Version mismatch in between Elasticsearch Clients build/use: 7.6.2 - 7.9.1
2022-04-30 21:29:39 [main] INFO  o.s.d.e.support.VersionInfo - Version Elasticsearch cluster: 7.9.1
2022-04-30 21:29:41 [main] INFO  o.s.s.web.DefaultSecurityFilterChain - Creating filter chain: Ant [pattern='/api-docs'], []
2022-04-30 21:29:41 [main] INFO  o.s.s.web.DefaultSecurityFilterChain - Creating filter chain: any request, [org.springframework.security.web.context.request.async.WebAsyncManagerIntegrationFilter@653e7b, org.springframework.security.web.context.SecurityContextPersistenceFilter@1dfe5dd1, org.springframework.security.web.header.HeaderWriterFilter@7f77e065, org.springframework.security.web.authentication.logout.LogoutFilter@3573e19d, org.springframework.security.web.authentication.www.BasicAuthenticationFilter@37364634, org.springframework.security.web.savedrequest.RequestCacheAwareFilter@6e017950, org.springframework.security.web.servletapi.SecurityContextHolderAwareRequestFilter@fceab5d, org.springframework.security.web.authentication.AnonymousAuthenticationFilter@6b64429e, org.springframework.security.web.session.SessionManagementFilter@93f15f6, org.springframework.security.web.access.ExceptionTranslationFilter@32513dea, org.springframework.security.web.access.intercept.FilterSecurityInterceptor@4e51eda7]
2022-04-30 21:29:41 [main] WARN  o.s.data.convert.CustomConversions - Registering converter from class org.springframework.data.geo.Point to interface java.util.Map as writing converter although it doesn't convert to a store-supported type! You might want to check your annotation setup at the converter implementation.
2022-04-30 21:29:41 [main] WARN  o.s.data.convert.CustomConversions - Registering converter from interface java.util.Map to class org.springframework.data.geo.Point as reading converter although it doesn't convert from a store-supported type! You might want to check your annotation setup at the converter implementation.
2022-04-30 21:29:41 [main] WARN  o.s.data.convert.CustomConversions - Registering converter from class org.springframework.data.elasticsearch.core.geo.GeoPoint to interface java.util.Map as writing converter although it doesn't convert to a store-supported type! You might want to check your annotation setup at the converter implementation.
2022-04-30 21:29:41 [main] WARN  o.s.data.convert.CustomConversions - Registering converter from interface java.util.Map to class org.springframework.data.elasticsearch.core.geo.GeoPoint as reading converter although it doesn't convert from a store-supported type! You might want to check your annotation setup at the converter implementation.
2022-04-30 21:29:42 [main] INFO  o.s.s.c.ThreadPoolTaskExecutor - Initializing ExecutorService 'applicationTaskExecutor'
2022-04-30 21:29:42 [main] INFO  o.s.s.web.DefaultSecurityFilterChain - Creating filter chain: Ant [pattern='/api-docs'], []
2022-04-30 21:29:42 [main] INFO  o.s.s.web.DefaultSecurityFilterChain - Creating filter chain: any request, [org.springframework.security.web.context.request.async.WebAsyncManagerIntegrationFilter@779b4f9c, org.springframework.security.web.context.SecurityContextPersistenceFilter@3e2772a9, org.springframework.security.web.header.HeaderWriterFilter@5034681f, org.springframework.security.web.authentication.logout.LogoutFilter@34bf66af, org.springframework.security.web.authentication.www.BasicAuthenticationFilter@8b1202a, org.springframework.security.web.savedrequest.RequestCacheAwareFilter@1fa18f87, org.springframework.security.web.servletapi.SecurityContextHolderAwareRequestFilter@5b88af70, org.springframework.security.web.authentication.AnonymousAuthenticationFilter@31fe0ce5, org.springframework.security.web.session.SessionManagementFilter@79445efb, org.springframework.security.web.access.ExceptionTranslationFilter@570ed9c, org.springframework.security.web.access.intercept.FilterSecurityInterceptor@6fdc2db6]
2022-04-30 21:29:42 [main] WARN  o.s.data.convert.CustomConversions - Registering converter from class org.springframework.data.geo.Point to interface java.util.Map as writing converter although it doesn't convert to a store-supported type! You might want to check your annotation setup at the converter implementation.
2022-04-30 21:29:42 [main] WARN  o.s.data.convert.CustomConversions - Registering converter from interface java.util.Map to class org.springframework.data.geo.Point as reading converter although it doesn't convert from a store-supported type! You might want to check your annotation setup at the converter implementation.
2022-04-30 21:29:42 [main] WARN  o.s.data.convert.CustomConversions - Registering converter from class org.springframework.data.elasticsearch.core.geo.GeoPoint to interface java.util.Map as writing converter although it doesn't convert to a store-supported type! You might want to check your annotation setup at the converter implementation.
2022-04-30 21:29:42 [main] WARN  o.s.data.convert.CustomConversions - Registering converter from interface java.util.Map to class org.springframework.data.elasticsearch.core.geo.GeoPoint as reading converter although it doesn't convert from a store-supported type! You might want to check your annotation setup at the converter implementation.
2022-04-30 21:29:43 [main] INFO  o.s.s.c.ThreadPoolTaskExecutor - Initializing ExecutorService 'applicationTaskExecutor'
2022-04-30 21:29:47 [main] INFO  o.a.coyote.http11.Http11NioProtocol - Starting ProtocolHandler ["http-nio-8185"]
2022-04-30 21:29:47 [main] INFO  o.s.b.w.e.tomcat.TomcatWebServer - Tomcat started on port(s): 8185 (http) with context path '/elastic-query-service'
2022-04-30 21:29:47 [main] INFO  c.m.d.e.q.s.ElasticQueryServiceApplication - Started ElasticQueryServiceApplication in 81.597 seconds (JVM running for 94.082)
2022-04-30 21:29:48 [main] INFO  o.a.coyote.http11.Http11NioProtocol - Starting ProtocolHandler ["http-nio-8183"]
2022-04-30 21:29:48 [main] INFO  o.s.b.w.e.tomcat.TomcatWebServer - Tomcat started on port(s): 8183 (http) with context path '/elastic-query-service'
2022-04-30 21:29:49 [main] INFO  c.m.d.e.q.s.ElasticQueryServiceApplication - Started ElasticQueryServiceApplication in 80.688 seconds (JVM running for 91.457)
2022-04-30 21:34:16 [http-nio-8183-exec-1] INFO  o.a.c.c.C.[.[.[/elastic-query-service] - Initializing Spring DispatcherServlet 'dispatcherServlet'
2022-04-30 21:34:16 [http-nio-8183-exec-1] INFO  o.s.web.servlet.DispatcherServlet - Initializing Servlet 'dispatcherServlet'
2022-04-30 21:34:16 [http-nio-8183-exec-1] INFO  o.s.web.servlet.DispatcherServlet - Completed initialization in 12 ms
2022-04-30 21:34:16 [http-nio-8183-exec-1] INFO  c.m.d.e.q.s.b.i.TwitterElasticQueryService - Querying Elastic search by Text java
2022-04-30 21:34:17 [http-nio-8185-exec-1] INFO  o.a.c.c.C.[.[.[/elastic-query-service] - Initializing Spring DispatcherServlet 'dispatcherServlet'
2022-04-30 21:34:17 [http-nio-8185-exec-1] INFO  o.s.web.servlet.DispatcherServlet - Initializing Servlet 'dispatcherServlet'
2022-04-30 21:34:17 [http-nio-8185-exec-1] INFO  o.s.web.servlet.DispatcherServlet - Completed initialization in 26 ms
2022-04-30 21:34:17 [http-nio-8183-exec-1] INFO  c.m.d.e.q.c.s.i.TwitterElasticRepositoryQueryClient - 353 no of documents searched with text java
2022-04-30 21:34:18 [http-nio-8185-exec-1] INFO  c.m.d.e.q.s.b.i.TwitterElasticQueryService - Querying Elastic search by Text java
2022-04-30 21:34:18 [http-nio-8183-exec-1] INFO  c.m.d.e.q.s.a.ElasticDocumentController - Eastic search returned 353 no of documents with text java with port 8183
2022-04-30 21:34:19 [http-nio-8185-exec-1] INFO  c.m.d.e.q.c.s.i.TwitterElasticRepositoryQueryClient - 353 no of documents searched with text java
2022-04-30 21:34:20 [http-nio-8185-exec-1] INFO  c.m.d.e.q.s.a.ElasticDocumentController - Eastic search returned 353 no of documents with text java with port 8185
2022-04-30 21:34:25 [http-nio-8183-exec-2] INFO  c.m.d.e.q.s.b.i.TwitterElasticQueryService - Querying Elastic search by Text java
2022-04-30 21:34:26 [http-nio-8183-exec-2] INFO  c.m.d.e.q.c.s.i.TwitterElasticRepositoryQueryClient - 353 no of documents searched with text java
2022-04-30 21:34:26 [http-nio-8183-exec-2] INFO  c.m.d.e.q.s.a.ElasticDocumentController - Eastic search returned 353 no of documents with text java with port 8183
