2022-04-30 06:09:52 [main] INFO  o.s.c.c.c.ConfigServicePropertySourceLocator - Fetching config from server at : http://config-server:8888
2022-04-30 06:09:54 [main] INFO  o.s.c.c.c.ConfigServicePropertySourceLocator - Located environment: name=kafka-to-elastic-service,config-client, profiles=[kafka_to_elastic], label=null, version=8fb0da5b8e9b4fe6038022fe9cdf49c4e61c52b7, state=null
2022-04-30 06:09:54 [main] INFO  o.s.c.b.c.PropertySourceBootstrapConfiguration - Located property source: [BootstrapPropertySource {name='bootstrapProperties-configClient'}, BootstrapPropertySource {name='bootstrapProperties-https://github.com/pvnreddy/microservices-demo-config/config-client-kafka_to_elastic.yml'}, BootstrapPropertySource {name='bootstrapProperties-https://github.com/pvnreddy/microservices-demo-config/config-client.yml'}]
2022-04-30 06:09:55 [main] INFO  c.m.d.k.t.e.s.KafkaToElasticServiceApplication - The following profiles are active: kafka_to_elastic
2022-04-30 06:09:56 [main] INFO  o.s.d.r.c.RepositoryConfigurationDelegate - Bootstrapping Spring Data Elasticsearch repositories in DEFAULT mode.
2022-04-30 06:09:56 [main] INFO  o.s.d.r.c.RepositoryConfigurationDelegate - Finished Spring Data repository scanning in 359ms. Found 1 Elasticsearch repository interfaces.
2022-04-30 06:09:56 [main] INFO  o.s.d.r.c.RepositoryConfigurationDelegate - Bootstrapping Spring Data Reactive Elasticsearch repositories in DEFAULT mode.
2022-04-30 06:09:56 [main] INFO  o.s.d.r.c.RepositoryConfigurationDelegate - Finished Spring Data repository scanning in 14ms. Found 0 Reactive Elasticsearch repository interfaces.
2022-04-30 06:09:57 [main] INFO  o.s.cloud.context.scope.GenericScope - BeanFactory id=4635e233-4cb4-3b97-b911-0b8aec6268f4
2022-04-30 06:09:57 [main] INFO  o.s.c.s.PostProcessorRegistrationDelegate$BeanPostProcessorChecker - Bean 'org.springframework.retry.annotation.RetryConfiguration' of type [org.springframework.retry.annotation.RetryConfiguration$$EnhancerBySpringCGLIB$$3dd0cd2b] is not eligible for getting processed by all BeanPostProcessors (for example: not eligible for auto-proxying)
2022-04-30 06:09:57 [main] INFO  o.a.k.c.admin.AdminClientConfig - AdminClientConfig values: 
	bootstrap.servers = [kafka-broker-1:9092, kafka-broker-2:9092, kafka-broker-3:9092]
	client.dns.lookup = default
	client.id = 
	connections.max.idle.ms = 300000
	default.api.timeout.ms = 60000
	metadata.max.age.ms = 300000
	metric.reporters = []
	metrics.num.samples = 2
	metrics.recording.level = INFO
	metrics.sample.window.ms = 30000
	receive.buffer.bytes = 65536
	reconnect.backoff.max.ms = 1000
	reconnect.backoff.ms = 50
	request.timeout.ms = 30000
	retries = 2147483647
	retry.backoff.ms = 100
	sasl.client.callback.handler.class = null
	sasl.jaas.config = null
	sasl.kerberos.kinit.cmd = /usr/bin/kinit
	sasl.kerberos.min.time.before.relogin = 60000
	sasl.kerberos.service.name = null
	sasl.kerberos.ticket.renew.jitter = 0.05
	sasl.kerberos.ticket.renew.window.factor = 0.8
	sasl.login.callback.handler.class = null
	sasl.login.class = null
	sasl.login.refresh.buffer.seconds = 300
	sasl.login.refresh.min.period.seconds = 60
	sasl.login.refresh.window.factor = 0.8
	sasl.login.refresh.window.jitter = 0.05
	sasl.mechanism = GSSAPI
	security.protocol = PLAINTEXT
	security.providers = null
	send.buffer.bytes = 131072
	ssl.cipher.suites = null
	ssl.enabled.protocols = [TLSv1.2]
	ssl.endpoint.identification.algorithm = https
	ssl.key.password = null
	ssl.keymanager.algorithm = SunX509
	ssl.keystore.location = null
	ssl.keystore.password = null
	ssl.keystore.type = JKS
	ssl.protocol = TLSv1.2
	ssl.provider = null
	ssl.secure.random.implementation = null
	ssl.trustmanager.algorithm = PKIX
	ssl.truststore.location = null
	ssl.truststore.password = null
	ssl.truststore.type = JKS

2022-04-30 06:09:58 [main] INFO  o.a.kafka.common.utils.AppInfoParser - Kafka version: 2.5.1
2022-04-30 06:09:58 [main] INFO  o.a.kafka.common.utils.AppInfoParser - Kafka commitId: 0efa8fb0f4c73d92
2022-04-30 06:09:58 [main] INFO  o.a.kafka.common.utils.AppInfoParser - Kafka startTimeMs: 1651298998074
2022-04-30 06:09:59 [main] WARN  o.s.data.convert.CustomConversions - Registering converter from class org.springframework.data.geo.Point to interface java.util.Map as writing converter although it doesn't convert to a store-supported type! You might want to check your annotation setup at the converter implementation.
2022-04-30 06:09:59 [main] WARN  o.s.data.convert.CustomConversions - Registering converter from interface java.util.Map to class org.springframework.data.geo.Point as reading converter although it doesn't convert from a store-supported type! You might want to check your annotation setup at the converter implementation.
2022-04-30 06:09:59 [main] WARN  o.s.data.convert.CustomConversions - Registering converter from class org.springframework.data.elasticsearch.core.geo.GeoPoint to interface java.util.Map as writing converter although it doesn't convert to a store-supported type! You might want to check your annotation setup at the converter implementation.
2022-04-30 06:09:59 [main] WARN  o.s.data.convert.CustomConversions - Registering converter from interface java.util.Map to class org.springframework.data.elasticsearch.core.geo.GeoPoint as reading converter although it doesn't convert from a store-supported type! You might want to check your annotation setup at the converter implementation.
2022-04-30 06:09:59 [main] WARN  o.s.data.convert.CustomConversions - Registering converter from class org.springframework.data.geo.Point to interface java.util.Map as writing converter although it doesn't convert to a store-supported type! You might want to check your annotation setup at the converter implementation.
2022-04-30 06:09:59 [main] WARN  o.s.data.convert.CustomConversions - Registering converter from interface java.util.Map to class org.springframework.data.geo.Point as reading converter although it doesn't convert from a store-supported type! You might want to check your annotation setup at the converter implementation.
2022-04-30 06:09:59 [main] WARN  o.s.data.convert.CustomConversions - Registering converter from class org.springframework.data.elasticsearch.core.geo.GeoPoint to interface java.util.Map as writing converter although it doesn't convert to a store-supported type! You might want to check your annotation setup at the converter implementation.
2022-04-30 06:09:59 [main] WARN  o.s.data.convert.CustomConversions - Registering converter from interface java.util.Map to class org.springframework.data.elasticsearch.core.geo.GeoPoint as reading converter although it doesn't convert from a store-supported type! You might want to check your annotation setup at the converter implementation.
2022-04-30 06:10:02 [main] INFO  o.s.d.e.support.VersionInfo - Version Spring Data Elasticsearch: 4.0.4.RELEASE
2022-04-30 06:10:02 [main] INFO  o.s.d.e.support.VersionInfo - Version Elasticsearch Client in build: 7.6.2
2022-04-30 06:10:02 [main] INFO  o.s.d.e.support.VersionInfo - Version Elasticsearch Client used: 7.9.1
2022-04-30 06:10:02 [main] WARN  o.s.d.e.support.VersionInfo - Version mismatch in between Elasticsearch Clients build/use: 7.6.2 - 7.9.1
2022-04-30 06:10:02 [main] INFO  o.s.d.e.support.VersionInfo - Version Elasticsearch cluster: 7.9.1
2022-04-30 06:10:03 [main] WARN  o.s.data.convert.CustomConversions - Registering converter from class org.springframework.data.geo.Point to interface java.util.Map as writing converter although it doesn't convert to a store-supported type! You might want to check your annotation setup at the converter implementation.
2022-04-30 06:10:03 [main] WARN  o.s.data.convert.CustomConversions - Registering converter from interface java.util.Map to class org.springframework.data.geo.Point as reading converter although it doesn't convert from a store-supported type! You might want to check your annotation setup at the converter implementation.
2022-04-30 06:10:03 [main] WARN  o.s.data.convert.CustomConversions - Registering converter from class org.springframework.data.elasticsearch.core.geo.GeoPoint to interface java.util.Map as writing converter although it doesn't convert to a store-supported type! You might want to check your annotation setup at the converter implementation.
2022-04-30 06:10:03 [main] WARN  o.s.data.convert.CustomConversions - Registering converter from interface java.util.Map to class org.springframework.data.elasticsearch.core.geo.GeoPoint as reading converter although it doesn't convert from a store-supported type! You might want to check your annotation setup at the converter implementation.
2022-04-30 06:10:03 [main] INFO  o.s.b.a.s.r.ReactiveUserDetailsServiceAutoConfiguration - 

Using generated security password: e61c45d6-9203-4b53-a7b7-69d80c7cebaa

2022-04-30 06:10:05 [main] INFO  o.a.k.c.consumer.ConsumerConfig - ConsumerConfig values: 
	allow.auto.create.topics = true
	auto.commit.interval.ms = 5000
	auto.offset.reset = earliest
	bootstrap.servers = [kafka-broker-1:9092, kafka-broker-2:9092, kafka-broker-3:9092]
	check.crcs = true
	client.dns.lookup = default
	client.id = 
	client.rack = 
	connections.max.idle.ms = 540000
	default.api.timeout.ms = 60000
	enable.auto.commit = false
	exclude.internal.topics = true
	fetch.max.bytes = 52428800
	fetch.max.wait.ms = 500
	fetch.min.bytes = 1
	group.id = twitter-topic-consumer
	group.instance.id = null
	heartbeat.interval.ms = 3000
	interceptor.classes = []
	internal.leave.group.on.close = true
	isolation.level = read_uncommitted
	key.deserializer = class org.apache.kafka.common.serialization.LongDeserializer
	max.partition.fetch.bytes = 1048576
	max.poll.interval.ms = 300000
	max.poll.records = 500
	metadata.max.age.ms = 300000
	metric.reporters = []
	metrics.num.samples = 2
	metrics.recording.level = INFO
	metrics.sample.window.ms = 30000
	partition.assignment.strategy = [class org.apache.kafka.clients.consumer.RangeAssignor]
	receive.buffer.bytes = 65536
	reconnect.backoff.max.ms = 1000
	reconnect.backoff.ms = 50
	request.timeout.ms = 30000
	retry.backoff.ms = 100
	sasl.client.callback.handler.class = null
	sasl.jaas.config = null
	sasl.kerberos.kinit.cmd = /usr/bin/kinit
	sasl.kerberos.min.time.before.relogin = 60000
	sasl.kerberos.service.name = null
	sasl.kerberos.ticket.renew.jitter = 0.05
	sasl.kerberos.ticket.renew.window.factor = 0.8
	sasl.login.callback.handler.class = null
	sasl.login.class = null
	sasl.login.refresh.buffer.seconds = 300
	sasl.login.refresh.min.period.seconds = 60
	sasl.login.refresh.window.factor = 0.8
	sasl.login.refresh.window.jitter = 0.05
	sasl.mechanism = GSSAPI
	security.protocol = PLAINTEXT
	security.providers = null
	send.buffer.bytes = 131072
	session.timeout.ms = 10000
	ssl.cipher.suites = null
	ssl.enabled.protocols = [TLSv1.2]
	ssl.endpoint.identification.algorithm = https
	ssl.key.password = null
	ssl.keymanager.algorithm = SunX509
	ssl.keystore.location = null
	ssl.keystore.password = null
	ssl.keystore.type = JKS
	ssl.protocol = TLSv1.2
	ssl.provider = null
	ssl.secure.random.implementation = null
	ssl.trustmanager.algorithm = PKIX
	ssl.truststore.location = null
	ssl.truststore.password = null
	ssl.truststore.type = JKS
	value.deserializer = class io.confluent.kafka.serializers.KafkaAvroDeserializer

2022-04-30 06:10:05 [main] INFO  i.c.k.s.KafkaAvroDeserializerConfig - KafkaAvroDeserializerConfig values: 
	bearer.auth.token = [hidden]
	proxy.port = -1
	schema.reflection = false
	auto.register.schemas = true
	max.schemas.per.subject = 1000
	basic.auth.credentials.source = URL
	specific.avro.reader = true
	value.subject.name.strategy = class io.confluent.kafka.serializers.subject.TopicNameStrategy
	schema.registry.url = [http://schema-registry:8081]
	basic.auth.user.info = [hidden]
	proxy.host = 
	use.latest.version = false
	schema.registry.basic.auth.user.info = [hidden]
	bearer.auth.credentials.source = STATIC_TOKEN
	key.subject.name.strategy = class io.confluent.kafka.serializers.subject.TopicNameStrategy

2022-04-30 06:10:05 [main] INFO  o.a.kafka.common.utils.AppInfoParser - Kafka version: 2.5.1
2022-04-30 06:10:05 [main] INFO  o.a.kafka.common.utils.AppInfoParser - Kafka commitId: 0efa8fb0f4c73d92
2022-04-30 06:10:05 [main] INFO  o.a.kafka.common.utils.AppInfoParser - Kafka startTimeMs: 1651299005441
2022-04-30 06:10:05 [main] INFO  o.a.k.clients.consumer.KafkaConsumer - [Consumer clientId=consumer-twitter-topic-consumer-1, groupId=twitter-topic-consumer] Subscribed to topic(s): twitter-topic
2022-04-30 06:10:05 [main] INFO  o.s.s.c.ThreadPoolTaskScheduler - Initializing ExecutorService
2022-04-30 06:10:05 [main] INFO  o.s.b.w.e.netty.NettyWebServer - Netty started on port(s): 8182
2022-04-30 06:10:05 [twitter-topic-consumer-0-C-1] INFO  org.apache.kafka.clients.Metadata - [Consumer clientId=consumer-twitter-topic-consumer-1, groupId=twitter-topic-consumer] Cluster ID: 903DLq2WQIyULl-bqs-qHA
2022-04-30 06:10:05 [main] INFO  c.m.d.k.t.e.s.KafkaToElasticServiceApplication - Started KafkaToElasticServiceApplication in 18.123 seconds (JVM running for 24.902)
2022-04-30 06:10:05 [main] INFO  c.m.d.k.a.c.client.KafkaAdminClient - Reading Kafka topic [twitter-topic]. attempt 0
2022-04-30 06:10:05 [main] INFO  c.m.d.k.a.c.client.KafkaAdminClient - Topic with name twitter-topic is ready
2022-04-30 06:10:05 [main] INFO  c.m.d.k.a.c.client.KafkaAdminClient - Topic with name _schemas is ready
2022-04-30 06:10:05 [main] INFO  c.m.d.k.a.c.client.KafkaAdminClient - Topic with name __confluent.support.metrics is ready
2022-04-30 06:10:05 [main] INFO  c.m.d.k.t.e.s.c.i.TwitterKafkaConsumer - Topics with name twitter-topic are ready for operations!
2022-04-30 06:10:12 [twitter-topic-consumer-0-C-1] INFO  o.a.k.c.c.i.AbstractCoordinator - [Consumer clientId=consumer-twitter-topic-consumer-1, groupId=twitter-topic-consumer] Discovered group coordinator kafka-broker-2:9092 (id: 2147483645 rack: null)
2022-04-30 06:10:12 [twitter-topic-consumer-0-C-1] INFO  o.a.k.c.c.i.AbstractCoordinator - [Consumer clientId=consumer-twitter-topic-consumer-1, groupId=twitter-topic-consumer] (Re-)joining group
2022-04-30 06:10:15 [twitter-topic-consumer-0-C-1] INFO  o.a.k.c.c.i.ConsumerCoordinator - [Consumer clientId=consumer-twitter-topic-consumer-1, groupId=twitter-topic-consumer] Finished assignment for group at generation 1: {consumer-twitter-topic-consumer-1-1bc79e90-b9e7-4db6-a3bc-6738a3b4ade8=Assignment(partitions=[twitter-topic-0, twitter-topic-1, twitter-topic-2])}
2022-04-30 06:10:15 [twitter-topic-consumer-0-C-1] INFO  o.a.k.c.c.i.AbstractCoordinator - [Consumer clientId=consumer-twitter-topic-consumer-1, groupId=twitter-topic-consumer] Successfully joined group with generation 1
2022-04-30 06:10:15 [twitter-topic-consumer-0-C-1] INFO  o.a.k.c.c.i.ConsumerCoordinator - [Consumer clientId=consumer-twitter-topic-consumer-1, groupId=twitter-topic-consumer] Adding newly assigned partitions: twitter-topic-0, twitter-topic-1, twitter-topic-2
2022-04-30 06:10:15 [twitter-topic-consumer-0-C-1] INFO  o.a.k.c.c.i.ConsumerCoordinator - [Consumer clientId=consumer-twitter-topic-consumer-1, groupId=twitter-topic-consumer] Found no committed offset for partition twitter-topic-0
2022-04-30 06:10:15 [twitter-topic-consumer-0-C-1] INFO  o.a.k.c.c.i.ConsumerCoordinator - [Consumer clientId=consumer-twitter-topic-consumer-1, groupId=twitter-topic-consumer] Found no committed offset for partition twitter-topic-1
2022-04-30 06:10:15 [twitter-topic-consumer-0-C-1] INFO  o.a.k.c.c.i.ConsumerCoordinator - [Consumer clientId=consumer-twitter-topic-consumer-1, groupId=twitter-topic-consumer] Found no committed offset for partition twitter-topic-2
2022-04-30 06:10:15 [twitter-topic-consumer-0-C-1] INFO  o.a.k.c.c.i.SubscriptionState - [Consumer clientId=consumer-twitter-topic-consumer-1, groupId=twitter-topic-consumer] Resetting offset for partition twitter-topic-0 to offset 0.
2022-04-30 06:10:15 [twitter-topic-consumer-0-C-1] INFO  o.a.k.c.c.i.SubscriptionState - [Consumer clientId=consumer-twitter-topic-consumer-1, groupId=twitter-topic-consumer] Resetting offset for partition twitter-topic-1 to offset 0.
2022-04-30 06:10:15 [twitter-topic-consumer-0-C-1] INFO  o.a.k.c.c.i.SubscriptionState - [Consumer clientId=consumer-twitter-topic-consumer-1, groupId=twitter-topic-consumer] Resetting offset for partition twitter-topic-2 to offset 0.
2022-04-30 06:10:15 [twitter-topic-consumer-0-C-1] INFO  o.s.k.l.KafkaMessageListenerContainer - twitter-topic-consumer: partitions assigned: [twitter-topic-0, twitter-topic-1, twitter-topic-2]
2022-04-30 06:10:16 [twitter-topic-consumer-0-C-1] INFO  c.m.d.k.t.e.s.c.i.TwitterKafkaConsumer - 1 number of message received with keys [821931853]. partitions [0] and offsets [0], sending it to Elastic: Thread id 29
2022-04-30 06:10:17 [twitter-topic-consumer-0-C-1] INFO  c.m.d.e.i.c.s.i.TwitterElasticRepositoryIndexClient - Documents indexed successfully with typecom.microservices.demo.elastic.model.index.impl.TwitterIndexModel, Ids [1520284319058513920]
2022-04-30 06:10:17 [twitter-topic-consumer-0-C-1] INFO  c.m.d.k.t.e.s.c.i.TwitterKafkaConsumer - Documents saved to elastic search with Ids [1520284319058513920]
2022-04-30 06:10:17 [twitter-topic-consumer-0-C-1] INFO  c.m.d.k.t.e.s.c.i.TwitterKafkaConsumer - 1 number of message received with keys [110359156]. partitions [0] and offsets [1], sending it to Elastic: Thread id 29
2022-04-30 06:10:17 [twitter-topic-consumer-0-C-1] INFO  c.m.d.e.i.c.s.i.TwitterElasticRepositoryIndexClient - Documents indexed successfully with typecom.microservices.demo.elastic.model.index.impl.TwitterIndexModel, Ids [1520284341661806593]
2022-04-30 06:10:17 [twitter-topic-consumer-0-C-1] INFO  c.m.d.k.t.e.s.c.i.TwitterKafkaConsumer - Documents saved to elastic search with Ids [1520284341661806593]
2022-04-30 06:10:17 [twitter-topic-consumer-0-C-1] INFO  c.m.d.k.t.e.s.c.i.TwitterKafkaConsumer - 1 number of message received with keys [1287106776681209857]. partitions [0] and offsets [2], sending it to Elastic: Thread id 29
2022-04-30 06:10:17 [twitter-topic-consumer-0-C-1] INFO  c.m.d.e.i.c.s.i.TwitterElasticRepositoryIndexClient - Documents indexed successfully with typecom.microservices.demo.elastic.model.index.impl.TwitterIndexModel, Ids [1520284351556034567]
2022-04-30 06:10:17 [twitter-topic-consumer-0-C-1] INFO  c.m.d.k.t.e.s.c.i.TwitterKafkaConsumer - Documents saved to elastic search with Ids [1520284351556034567]
2022-04-30 06:10:17 [twitter-topic-consumer-0-C-1] INFO  c.m.d.k.t.e.s.c.i.TwitterKafkaConsumer - 1 number of message received with keys [1170943716]. partitions [1] and offsets [0], sending it to Elastic: Thread id 29
2022-04-30 06:10:17 [twitter-topic-consumer-0-C-1] INFO  c.m.d.e.i.c.s.i.TwitterElasticRepositoryIndexClient - Documents indexed successfully with typecom.microservices.demo.elastic.model.index.impl.TwitterIndexModel, Ids [1520284336989392897]
2022-04-30 06:10:17 [twitter-topic-consumer-0-C-1] INFO  c.m.d.k.t.e.s.c.i.TwitterKafkaConsumer - Documents saved to elastic search with Ids [1520284336989392897]
2022-04-30 06:10:17 [twitter-topic-consumer-0-C-1] INFO  c.m.d.k.t.e.s.c.i.TwitterKafkaConsumer - 1 number of message received with keys [1332714745871421443]. partitions [2] and offsets [0], sending it to Elastic: Thread id 29
2022-04-30 06:10:17 [twitter-topic-consumer-0-C-1] INFO  c.m.d.e.i.c.s.i.TwitterElasticRepositoryIndexClient - Documents indexed successfully with typecom.microservices.demo.elastic.model.index.impl.TwitterIndexModel, Ids [1520284312347762688]
2022-04-30 06:10:17 [twitter-topic-consumer-0-C-1] INFO  c.m.d.k.t.e.s.c.i.TwitterKafkaConsumer - Documents saved to elastic search with Ids [1520284312347762688]
2022-04-30 06:10:17 [twitter-topic-consumer-0-C-1] INFO  c.m.d.k.t.e.s.c.i.TwitterKafkaConsumer - 1 number of message received with keys [1517487412628254720]. partitions [2] and offsets [1], sending it to Elastic: Thread id 29
2022-04-30 06:10:18 [twitter-topic-consumer-0-C-1] INFO  c.m.d.e.i.c.s.i.TwitterElasticRepositoryIndexClient - Documents indexed successfully with typecom.microservices.demo.elastic.model.index.impl.TwitterIndexModel, Ids [1520284318010122240]
2022-04-30 06:10:18 [twitter-topic-consumer-0-C-1] INFO  c.m.d.k.t.e.s.c.i.TwitterKafkaConsumer - Documents saved to elastic search with Ids [1520284318010122240]
2022-04-30 06:10:18 [twitter-topic-consumer-0-C-1] INFO  c.m.d.k.t.e.s.c.i.TwitterKafkaConsumer - 1 number of message received with keys [1367656120739762185]. partitions [2] and offsets [2], sending it to Elastic: Thread id 29
2022-04-30 06:10:18 [twitter-topic-consumer-0-C-1] INFO  c.m.d.e.i.c.s.i.TwitterElasticRepositoryIndexClient - Documents indexed successfully with typecom.microservices.demo.elastic.model.index.impl.TwitterIndexModel, Ids [1520284328311230464]
2022-04-30 06:10:18 [twitter-topic-consumer-0-C-1] INFO  c.m.d.k.t.e.s.c.i.TwitterKafkaConsumer - Documents saved to elastic search with Ids [1520284328311230464]
2022-04-30 06:10:18 [twitter-topic-consumer-0-C-1] INFO  c.m.d.k.t.e.s.c.i.TwitterKafkaConsumer - 1 number of message received with keys [411419084]. partitions [2] and offsets [3], sending it to Elastic: Thread id 29
2022-04-30 06:10:18 [twitter-topic-consumer-0-C-1] INFO  c.m.d.e.i.c.s.i.TwitterElasticRepositoryIndexClient - Documents indexed successfully with typecom.microservices.demo.elastic.model.index.impl.TwitterIndexModel, Ids [1520284335932289024]
2022-04-30 06:10:18 [twitter-topic-consumer-0-C-1] INFO  c.m.d.k.t.e.s.c.i.TwitterKafkaConsumer - Documents saved to elastic search with Ids [1520284335932289024]
2022-04-30 06:10:18 [twitter-topic-consumer-0-C-1] INFO  c.m.d.k.t.e.s.c.i.TwitterKafkaConsumer - 1 number of message received with keys [411419084]. partitions [2] and offsets [4], sending it to Elastic: Thread id 29
2022-04-30 06:10:18 [twitter-topic-consumer-0-C-1] INFO  c.m.d.e.i.c.s.i.TwitterElasticRepositoryIndexClient - Documents indexed successfully with typecom.microservices.demo.elastic.model.index.impl.TwitterIndexModel, Ids [1520284364902641664]
2022-04-30 06:10:18 [twitter-topic-consumer-0-C-1] INFO  c.m.d.k.t.e.s.c.i.TwitterKafkaConsumer - Documents saved to elastic search with Ids [1520284364902641664]
2022-04-30 06:10:21 [twitter-topic-consumer-0-C-1] INFO  c.m.d.k.t.e.s.c.i.TwitterKafkaConsumer - 1 number of message received with keys [1429814778449465345]. partitions [0] and offsets [3], sending it to Elastic: Thread id 29
2022-04-30 06:10:21 [twitter-topic-consumer-0-C-1] INFO  c.m.d.e.i.c.s.i.TwitterElasticRepositoryIndexClient - Documents indexed successfully with typecom.microservices.demo.elastic.model.index.impl.TwitterIndexModel, Ids [1520284378450247681]
2022-04-30 06:10:21 [twitter-topic-consumer-0-C-1] INFO  c.m.d.k.t.e.s.c.i.TwitterKafkaConsumer - Documents saved to elastic search with Ids [1520284378450247681]
2022-04-30 06:10:23 [twitter-topic-consumer-0-C-1] INFO  c.m.d.k.t.e.s.c.i.TwitterKafkaConsumer - 1 number of message received with keys [1515622581834977281]. partitions [0] and offsets [4], sending it to Elastic: Thread id 29
2022-04-30 06:10:23 [twitter-topic-consumer-0-C-1] INFO  c.m.d.e.i.c.s.i.TwitterElasticRepositoryIndexClient - Documents indexed successfully with typecom.microservices.demo.elastic.model.index.impl.TwitterIndexModel, Ids [1520284386473693184]
2022-04-30 06:10:23 [twitter-topic-consumer-0-C-1] INFO  c.m.d.k.t.e.s.c.i.TwitterKafkaConsumer - Documents saved to elastic search with Ids [1520284386473693184]
2022-04-30 06:10:23 [twitter-topic-consumer-0-C-1] INFO  c.m.d.k.t.e.s.c.i.TwitterKafkaConsumer - 1 number of message received with keys [892959492]. partitions [0] and offsets [5], sending it to Elastic: Thread id 29
2022-04-30 06:10:23 [twitter-topic-consumer-0-C-1] INFO  c.m.d.e.i.c.s.i.TwitterElasticRepositoryIndexClient - Documents indexed successfully with typecom.microservices.demo.elastic.model.index.impl.TwitterIndexModel, Ids [1520284387559895040]
2022-04-30 06:10:23 [twitter-topic-consumer-0-C-1] INFO  c.m.d.k.t.e.s.c.i.TwitterKafkaConsumer - Documents saved to elastic search with Ids [1520284387559895040]
2022-04-30 06:10:25 [twitter-topic-consumer-0-C-1] INFO  c.m.d.k.t.e.s.c.i.TwitterKafkaConsumer - 1 number of message received with keys [1202221488]. partitions [1] and offsets [1], sending it to Elastic: Thread id 29
2022-04-30 06:10:25 [twitter-topic-consumer-0-C-1] INFO  c.m.d.e.i.c.s.i.TwitterElasticRepositoryIndexClient - Documents indexed successfully with typecom.microservices.demo.elastic.model.index.impl.TwitterIndexModel, Ids [1520284396569481216]
2022-04-30 06:10:25 [twitter-topic-consumer-0-C-1] INFO  c.m.d.k.t.e.s.c.i.TwitterKafkaConsumer - Documents saved to elastic search with Ids [1520284396569481216]
2022-04-30 06:10:27 [twitter-topic-consumer-0-C-1] INFO  c.m.d.k.t.e.s.c.i.TwitterKafkaConsumer - 1 number of message received with keys [964696989442166787]. partitions [0] and offsets [6], sending it to Elastic: Thread id 29
2022-04-30 06:10:27 [twitter-topic-consumer-0-C-1] INFO  c.m.d.e.i.c.s.i.TwitterElasticRepositoryIndexClient - Documents indexed successfully with typecom.microservices.demo.elastic.model.index.impl.TwitterIndexModel, Ids [1520284404874190849]
2022-04-30 06:10:27 [twitter-topic-consumer-0-C-1] INFO  c.m.d.k.t.e.s.c.i.TwitterKafkaConsumer - Documents saved to elastic search with Ids [1520284404874190849]
2022-04-30 06:10:29 [twitter-topic-consumer-0-C-1] INFO  c.m.d.k.t.e.s.c.i.TwitterKafkaConsumer - 1 number of message received with keys [1429814778449465345]. partitions [0] and offsets [7], sending it to Elastic: Thread id 29
2022-04-30 06:10:29 [twitter-topic-consumer-0-C-1] INFO  c.m.d.e.i.c.s.i.TwitterElasticRepositoryIndexClient - Documents indexed successfully with typecom.microservices.demo.elastic.model.index.impl.TwitterIndexModel, Ids [1520284412172447744]
2022-04-30 06:10:29 [twitter-topic-consumer-0-C-1] INFO  c.m.d.k.t.e.s.c.i.TwitterKafkaConsumer - Documents saved to elastic search with Ids [1520284412172447744]
2022-04-30 06:10:31 [twitter-topic-consumer-0-C-1] INFO  c.m.d.k.t.e.s.c.i.TwitterKafkaConsumer - 1 number of message received with keys [1437728609909706753]. partitions [0] and offsets [8], sending it to Elastic: Thread id 29
2022-04-30 06:10:31 [twitter-topic-consumer-0-C-1] INFO  c.m.d.e.i.c.s.i.TwitterElasticRepositoryIndexClient - Documents indexed successfully with typecom.microservices.demo.elastic.model.index.impl.TwitterIndexModel, Ids [1520284419784790018]
2022-04-30 06:10:31 [twitter-topic-consumer-0-C-1] INFO  c.m.d.k.t.e.s.c.i.TwitterKafkaConsumer - Documents saved to elastic search with Ids [1520284419784790018]
2022-04-30 06:10:31 [twitter-topic-consumer-0-C-1] INFO  c.m.d.k.t.e.s.c.i.TwitterKafkaConsumer - 1 number of message received with keys [1221977161231486977]. partitions [2] and offsets [5], sending it to Elastic: Thread id 29
2022-04-30 06:10:31 [twitter-topic-consumer-0-C-1] INFO  c.m.d.e.i.c.s.i.TwitterElasticRepositoryIndexClient - Documents indexed successfully with typecom.microservices.demo.elastic.model.index.impl.TwitterIndexModel, Ids [1520284420489502721]
2022-04-30 06:10:31 [twitter-topic-consumer-0-C-1] INFO  c.m.d.k.t.e.s.c.i.TwitterKafkaConsumer - Documents saved to elastic search with Ids [1520284420489502721]
2022-04-30 06:10:34 [twitter-topic-consumer-0-C-1] INFO  c.m.d.k.t.e.s.c.i.TwitterKafkaConsumer - 1 number of message received with keys [1429814778449465345]. partitions [0] and offsets [9], sending it to Elastic: Thread id 29
2022-04-30 06:10:34 [twitter-topic-consumer-0-C-1] INFO  c.m.d.e.i.c.s.i.TwitterElasticRepositoryIndexClient - Documents indexed successfully with typecom.microservices.demo.elastic.model.index.impl.TwitterIndexModel, Ids [1520284434326781952]
2022-04-30 06:10:34 [twitter-topic-consumer-0-C-1] INFO  c.m.d.k.t.e.s.c.i.TwitterKafkaConsumer - Documents saved to elastic search with Ids [1520284434326781952]
2022-04-30 06:10:44 [twitter-topic-consumer-0-C-1] INFO  c.m.d.k.t.e.s.c.i.TwitterKafkaConsumer - 1 number of message received with keys [991515881590087680]. partitions [1] and offsets [2], sending it to Elastic: Thread id 29
2022-04-30 06:10:44 [twitter-topic-consumer-0-C-1] INFO  c.m.d.e.i.c.s.i.TwitterElasticRepositoryIndexClient - Documents indexed successfully with typecom.microservices.demo.elastic.model.index.impl.TwitterIndexModel, Ids [1520284475380359168]
2022-04-30 06:10:44 [twitter-topic-consumer-0-C-1] INFO  c.m.d.k.t.e.s.c.i.TwitterKafkaConsumer - Documents saved to elastic search with Ids [1520284475380359168]
2022-04-30 06:10:45 [twitter-topic-consumer-0-C-1] INFO  c.m.d.k.t.e.s.c.i.TwitterKafkaConsumer - 1 number of message received with keys [1260015280048222208]. partitions [2] and offsets [6], sending it to Elastic: Thread id 29
2022-04-30 06:10:46 [twitter-topic-consumer-0-C-1] INFO  c.m.d.e.i.c.s.i.TwitterElasticRepositoryIndexClient - Documents indexed successfully with typecom.microservices.demo.elastic.model.index.impl.TwitterIndexModel, Ids [1520284481785114625]
2022-04-30 06:10:46 [twitter-topic-consumer-0-C-1] INFO  c.m.d.k.t.e.s.c.i.TwitterKafkaConsumer - Documents saved to elastic search with Ids [1520284481785114625]
2022-04-30 06:10:49 [twitter-topic-consumer-0-C-1] INFO  c.m.d.k.t.e.s.c.i.TwitterKafkaConsumer - 1 number of message received with keys [1341457594913869826]. partitions [2] and offsets [7], sending it to Elastic: Thread id 29
2022-04-30 06:10:49 [twitter-topic-consumer-0-C-1] INFO  c.m.d.e.i.c.s.i.TwitterElasticRepositoryIndexClient - Documents indexed successfully with typecom.microservices.demo.elastic.model.index.impl.TwitterIndexModel, Ids [1520284497710825472]
2022-04-30 06:10:49 [twitter-topic-consumer-0-C-1] INFO  c.m.d.k.t.e.s.c.i.TwitterKafkaConsumer - Documents saved to elastic search with Ids [1520284497710825472]
2022-04-30 06:10:52 [twitter-topic-consumer-0-C-1] INFO  c.m.d.k.t.e.s.c.i.TwitterKafkaConsumer - 1 number of message received with keys [1054063563151675392]. partitions [1] and offsets [3], sending it to Elastic: Thread id 29
2022-04-30 06:10:52 [twitter-topic-consumer-0-C-1] INFO  c.m.d.e.i.c.s.i.TwitterElasticRepositoryIndexClient - Documents indexed successfully with typecom.microservices.demo.elastic.model.index.impl.TwitterIndexModel, Ids [1520284508557303808]
2022-04-30 06:10:52 [twitter-topic-consumer-0-C-1] INFO  c.m.d.k.t.e.s.c.i.TwitterKafkaConsumer - Documents saved to elastic search with Ids [1520284508557303808]
2022-04-30 06:11:07 [twitter-topic-consumer-0-C-1] INFO  c.m.d.k.t.e.s.c.i.TwitterKafkaConsumer - 1 number of message received with keys [1371493492640256011]. partitions [2] and offsets [8], sending it to Elastic: Thread id 29
2022-04-30 06:11:07 [twitter-topic-consumer-0-C-1] INFO  c.m.d.e.i.c.s.i.TwitterElasticRepositoryIndexClient - Documents indexed successfully with typecom.microservices.demo.elastic.model.index.impl.TwitterIndexModel, Ids [1520284573799960576]
2022-04-30 06:11:07 [twitter-topic-consumer-0-C-1] INFO  c.m.d.k.t.e.s.c.i.TwitterKafkaConsumer - Documents saved to elastic search with Ids [1520284573799960576]
2022-04-30 06:11:10 [twitter-topic-consumer-0-C-1] INFO  c.m.d.k.t.e.s.c.i.TwitterKafkaConsumer - 1 number of message received with keys [1117553640527605760]. partitions [1] and offsets [4], sending it to Elastic: Thread id 29
2022-04-30 06:11:10 [twitter-topic-consumer-0-C-1] INFO  c.m.d.e.i.c.s.i.TwitterElasticRepositoryIndexClient - Documents indexed successfully with typecom.microservices.demo.elastic.model.index.impl.TwitterIndexModel, Ids [1520284585275318273]
2022-04-30 06:11:10 [twitter-topic-consumer-0-C-1] INFO  c.m.d.k.t.e.s.c.i.TwitterKafkaConsumer - Documents saved to elastic search with Ids [1520284585275318273]
2022-04-30 06:11:28 [twitter-topic-consumer-0-C-1] INFO  c.m.d.k.t.e.s.c.i.TwitterKafkaConsumer - 1 number of message received with keys [1202221488]. partitions [1] and offsets [5], sending it to Elastic: Thread id 29
2022-04-30 06:11:28 [twitter-topic-consumer-0-C-1] INFO  c.m.d.e.i.c.s.i.TwitterElasticRepositoryIndexClient - Documents indexed successfully with typecom.microservices.demo.elastic.model.index.impl.TwitterIndexModel, Ids [1520284660777033729]
2022-04-30 06:11:28 [twitter-topic-consumer-0-C-1] INFO  c.m.d.k.t.e.s.c.i.TwitterKafkaConsumer - Documents saved to elastic search with Ids [1520284660777033729]
2022-04-30 06:11:34 [twitter-topic-consumer-0-C-1] INFO  c.m.d.k.t.e.s.c.i.TwitterKafkaConsumer - 1 number of message received with keys [411419084]. partitions [2] and offsets [9], sending it to Elastic: Thread id 29
2022-04-30 06:11:34 [twitter-topic-consumer-0-C-1] INFO  c.m.d.e.i.c.s.i.TwitterElasticRepositoryIndexClient - Documents indexed successfully with typecom.microservices.demo.elastic.model.index.impl.TwitterIndexModel, Ids [1520284683971735552]
2022-04-30 06:11:34 [twitter-topic-consumer-0-C-1] INFO  c.m.d.k.t.e.s.c.i.TwitterKafkaConsumer - Documents saved to elastic search with Ids [1520284683971735552]
2022-04-30 06:11:52 [twitter-topic-consumer-0-C-1] INFO  c.m.d.k.t.e.s.c.i.TwitterKafkaConsumer - 1 number of message received with keys [1466483432402345988]. partitions [0] and offsets [10], sending it to Elastic: Thread id 29
2022-04-30 06:11:52 [twitter-topic-consumer-0-C-1] INFO  c.m.d.e.i.c.s.i.TwitterElasticRepositoryIndexClient - Documents indexed successfully with typecom.microservices.demo.elastic.model.index.impl.TwitterIndexModel, Ids [1520284760677011456]
2022-04-30 06:11:52 [twitter-topic-consumer-0-C-1] INFO  c.m.d.k.t.e.s.c.i.TwitterKafkaConsumer - Documents saved to elastic search with Ids [1520284760677011456]
2022-04-30 06:11:56 [twitter-topic-consumer-0-C-1] INFO  c.m.d.k.t.e.s.c.i.TwitterKafkaConsumer - 1 number of message received with keys [1373978702191550469]. partitions [0] and offsets [11], sending it to Elastic: Thread id 29
2022-04-30 06:11:56 [twitter-topic-consumer-0-C-1] INFO  c.m.d.e.i.c.s.i.TwitterElasticRepositoryIndexClient - Documents indexed successfully with typecom.microservices.demo.elastic.model.index.impl.TwitterIndexModel, Ids [1520284777487925249]
2022-04-30 06:11:56 [twitter-topic-consumer-0-C-1] INFO  c.m.d.k.t.e.s.c.i.TwitterKafkaConsumer - Documents saved to elastic search with Ids [1520284777487925249]
2022-04-30 06:11:57 [twitter-topic-consumer-0-C-1] INFO  c.m.d.k.t.e.s.c.i.TwitterKafkaConsumer - 1 number of message received with keys [1429814778449465345]. partitions [0] and offsets [12], sending it to Elastic: Thread id 29
2022-04-30 06:11:57 [twitter-topic-consumer-0-C-1] INFO  c.m.d.e.i.c.s.i.TwitterElasticRepositoryIndexClient - Documents indexed successfully with typecom.microservices.demo.elastic.model.index.impl.TwitterIndexModel, Ids [1520284781241847808]
2022-04-30 06:11:57 [twitter-topic-consumer-0-C-1] INFO  c.m.d.k.t.e.s.c.i.TwitterKafkaConsumer - Documents saved to elastic search with Ids [1520284781241847808]
2022-04-30 06:11:58 [twitter-topic-consumer-0-C-1] INFO  c.m.d.k.t.e.s.c.i.TwitterKafkaConsumer - 1 number of message received with keys [1357510705109434370]. partitions [2] and offsets [10], sending it to Elastic: Thread id 29
2022-04-30 06:11:58 [twitter-topic-consumer-0-C-1] INFO  c.m.d.e.i.c.s.i.TwitterElasticRepositoryIndexClient - Documents indexed successfully with typecom.microservices.demo.elastic.model.index.impl.TwitterIndexModel, Ids [1520284784823775232]
2022-04-30 06:11:58 [twitter-topic-consumer-0-C-1] INFO  c.m.d.k.t.e.s.c.i.TwitterKafkaConsumer - Documents saved to elastic search with Ids [1520284784823775232]
2022-04-30 06:12:03 [twitter-topic-consumer-0-C-1] INFO  c.m.d.k.t.e.s.c.i.TwitterKafkaConsumer - 1 number of message received with keys [892851758673805312]. partitions [0] and offsets [13], sending it to Elastic: Thread id 29
2022-04-30 06:12:04 [twitter-topic-consumer-0-C-1] INFO  c.m.d.e.i.c.s.i.TwitterElasticRepositoryIndexClient - Documents indexed successfully with typecom.microservices.demo.elastic.model.index.impl.TwitterIndexModel, Ids [1520284808923865088]
2022-04-30 06:12:04 [twitter-topic-consumer-0-C-1] INFO  c.m.d.k.t.e.s.c.i.TwitterKafkaConsumer - Documents saved to elastic search with Ids [1520284808923865088]
2022-04-30 06:12:04 [twitter-topic-consumer-0-C-1] INFO  c.m.d.k.t.e.s.c.i.TwitterKafkaConsumer - 1 number of message received with keys [1311272882832637952]. partitions [1] and offsets [6], sending it to Elastic: Thread id 29
2022-04-30 06:12:04 [twitter-topic-consumer-0-C-1] INFO  c.m.d.e.i.c.s.i.TwitterElasticRepositoryIndexClient - Documents indexed successfully with typecom.microservices.demo.elastic.model.index.impl.TwitterIndexModel, Ids [1520284811964919808]
2022-04-30 06:12:04 [twitter-topic-consumer-0-C-1] INFO  c.m.d.k.t.e.s.c.i.TwitterKafkaConsumer - Documents saved to elastic search with Ids [1520284811964919808]
2022-04-30 06:12:05 [twitter-topic-consumer-0-C-1] INFO  c.m.d.k.t.e.s.c.i.TwitterKafkaConsumer - 1 number of message received with keys [1429814778449465345]. partitions [0] and offsets [14], sending it to Elastic: Thread id 29
2022-04-30 06:12:05 [twitter-topic-consumer-0-C-1] INFO  c.m.d.e.i.c.s.i.TwitterElasticRepositoryIndexClient - Documents indexed successfully with typecom.microservices.demo.elastic.model.index.impl.TwitterIndexModel, Ids [1520284814175510528]
2022-04-30 06:12:05 [twitter-topic-consumer-0-C-1] INFO  c.m.d.k.t.e.s.c.i.TwitterKafkaConsumer - Documents saved to elastic search with Ids [1520284814175510528]
2022-04-30 06:12:08 [twitter-topic-consumer-0-C-1] INFO  c.m.d.k.t.e.s.c.i.TwitterKafkaConsumer - 1 number of message received with keys [1358806251077922816]. partitions [2] and offsets [11], sending it to Elastic: Thread id 29
2022-04-30 06:12:08 [twitter-topic-consumer-0-C-1] INFO  c.m.d.e.i.c.s.i.TwitterElasticRepositoryIndexClient - Documents indexed successfully with typecom.microservices.demo.elastic.model.index.impl.TwitterIndexModel, Ids [1520284827894747136]
2022-04-30 06:12:08 [twitter-topic-consumer-0-C-1] INFO  c.m.d.k.t.e.s.c.i.TwitterKafkaConsumer - Documents saved to elastic search with Ids [1520284827894747136]
2022-04-30 06:12:08 [twitter-topic-consumer-0-C-1] INFO  c.m.d.k.t.e.s.c.i.TwitterKafkaConsumer - 1 number of message received with keys [1375961552122044417]. partitions [2] and offsets [12], sending it to Elastic: Thread id 29
2022-04-30 06:12:08 [twitter-topic-consumer-0-C-1] INFO  c.m.d.e.i.c.s.i.TwitterElasticRepositoryIndexClient - Documents indexed successfully with typecom.microservices.demo.elastic.model.index.impl.TwitterIndexModel, Ids [1520284829710909440]
2022-04-30 06:12:08 [twitter-topic-consumer-0-C-1] INFO  c.m.d.k.t.e.s.c.i.TwitterKafkaConsumer - Documents saved to elastic search with Ids [1520284829710909440]
2022-04-30 06:12:09 [twitter-topic-consumer-0-C-1] INFO  c.m.d.k.t.e.s.c.i.TwitterKafkaConsumer - 1 number of message received with keys [1429814778449465345]. partitions [0] and offsets [15], sending it to Elastic: Thread id 29
2022-04-30 06:12:09 [twitter-topic-consumer-0-C-1] INFO  c.m.d.e.i.c.s.i.TwitterElasticRepositoryIndexClient - Documents indexed successfully with typecom.microservices.demo.elastic.model.index.impl.TwitterIndexModel, Ids [1520284833024712704]
2022-04-30 06:12:09 [twitter-topic-consumer-0-C-1] INFO  c.m.d.k.t.e.s.c.i.TwitterKafkaConsumer - Documents saved to elastic search with Ids [1520284833024712704]
2022-04-30 06:12:11 [twitter-topic-consumer-0-C-1] INFO  c.m.d.k.t.e.s.c.i.TwitterKafkaConsumer - 1 number of message received with keys [1889640283]. partitions [1] and offsets [7], sending it to Elastic: Thread id 29
2022-04-30 06:12:11 [twitter-topic-consumer-0-C-1] INFO  c.m.d.e.i.c.s.i.TwitterElasticRepositoryIndexClient - Documents indexed successfully with typecom.microservices.demo.elastic.model.index.impl.TwitterIndexModel, Ids [1520284838699450369]
2022-04-30 06:12:11 [twitter-topic-consumer-0-C-1] INFO  c.m.d.k.t.e.s.c.i.TwitterKafkaConsumer - Documents saved to elastic search with Ids [1520284838699450369]
2022-04-30 06:12:14 [twitter-topic-consumer-0-C-1] INFO  c.m.d.k.t.e.s.c.i.TwitterKafkaConsumer - 1 number of message received with keys [1436850873787944962]. partitions [0] and offsets [16], sending it to Elastic: Thread id 29
2022-04-30 06:12:14 [twitter-topic-consumer-0-C-1] INFO  c.m.d.e.i.c.s.i.TwitterElasticRepositoryIndexClient - Documents indexed successfully with typecom.microservices.demo.elastic.model.index.impl.TwitterIndexModel, Ids [1520284854490996736]
2022-04-30 06:12:14 [twitter-topic-consumer-0-C-1] INFO  c.m.d.k.t.e.s.c.i.TwitterKafkaConsumer - Documents saved to elastic search with Ids [1520284854490996736]
2022-04-30 06:12:14 [twitter-topic-consumer-0-C-1] INFO  c.m.d.k.t.e.s.c.i.TwitterKafkaConsumer - 1 number of message received with keys [1429814778449465345]. partitions [0] and offsets [17], sending it to Elastic: Thread id 29
2022-04-30 06:12:15 [twitter-topic-consumer-0-C-1] INFO  c.m.d.e.i.c.s.i.TwitterElasticRepositoryIndexClient - Documents indexed successfully with typecom.microservices.demo.elastic.model.index.impl.TwitterIndexModel, Ids [1520284855774617602]
2022-04-30 06:12:15 [twitter-topic-consumer-0-C-1] INFO  c.m.d.k.t.e.s.c.i.TwitterKafkaConsumer - Documents saved to elastic search with Ids [1520284855774617602]
2022-04-30 06:12:20 [twitter-topic-consumer-0-C-1] INFO  c.m.d.k.t.e.s.c.i.TwitterKafkaConsumer - 1 number of message received with keys [1397984630385647621]. partitions [0] and offsets [18], sending it to Elastic: Thread id 29
2022-04-30 06:12:20 [twitter-topic-consumer-0-C-1] INFO  c.m.d.e.i.c.s.i.TwitterElasticRepositoryIndexClient - Documents indexed successfully with typecom.microservices.demo.elastic.model.index.impl.TwitterIndexModel, Ids [1520284877903605760]
2022-04-30 06:12:20 [twitter-topic-consumer-0-C-1] INFO  c.m.d.k.t.e.s.c.i.TwitterKafkaConsumer - Documents saved to elastic search with Ids [1520284877903605760]
2022-04-30 06:12:20 [twitter-topic-consumer-0-C-1] INFO  c.m.d.k.t.e.s.c.i.TwitterKafkaConsumer - 1 number of message received with keys [1429814778449465345]. partitions [0] and offsets [19], sending it to Elastic: Thread id 29
2022-04-30 06:12:20 [twitter-topic-consumer-0-C-1] INFO  c.m.d.e.i.c.s.i.TwitterElasticRepositoryIndexClient - Documents indexed successfully with typecom.microservices.demo.elastic.model.index.impl.TwitterIndexModel, Ids [1520284877928554496]
2022-04-30 06:12:20 [twitter-topic-consumer-0-C-1] INFO  c.m.d.k.t.e.s.c.i.TwitterKafkaConsumer - Documents saved to elastic search with Ids [1520284877928554496]
2022-04-30 06:12:27 [twitter-topic-consumer-0-C-1] INFO  c.m.d.k.t.e.s.c.i.TwitterKafkaConsumer - 1 number of message received with keys [2395995757]. partitions [2] and offsets [13], sending it to Elastic: Thread id 29
2022-04-30 06:12:27 [twitter-topic-consumer-0-C-1] INFO  c.m.d.e.i.c.s.i.TwitterElasticRepositoryIndexClient - Documents indexed successfully with typecom.microservices.demo.elastic.model.index.impl.TwitterIndexModel, Ids [1520284907167047685]
2022-04-30 06:12:27 [twitter-topic-consumer-0-C-1] INFO  c.m.d.k.t.e.s.c.i.TwitterKafkaConsumer - Documents saved to elastic search with Ids [1520284907167047685]
2022-04-30 06:12:31 [twitter-topic-consumer-0-C-1] INFO  c.m.d.k.t.e.s.c.i.TwitterKafkaConsumer - 1 number of message received with keys [2184715868]. partitions [1] and offsets [8], sending it to Elastic: Thread id 29
2022-04-30 06:12:31 [twitter-topic-consumer-0-C-1] INFO  c.m.d.e.i.c.s.i.TwitterElasticRepositoryIndexClient - Documents indexed successfully with typecom.microservices.demo.elastic.model.index.impl.TwitterIndexModel, Ids [1520284926557536256]
2022-04-30 06:12:31 [twitter-topic-consumer-0-C-1] INFO  c.m.d.k.t.e.s.c.i.TwitterKafkaConsumer - Documents saved to elastic search with Ids [1520284926557536256]
2022-04-30 06:12:32 [twitter-topic-consumer-0-C-1] INFO  c.m.d.k.t.e.s.c.i.TwitterKafkaConsumer - 1 number of message received with keys [749455278]. partitions [0] and offsets [20], sending it to Elastic: Thread id 29
2022-04-30 06:12:32 [twitter-topic-consumer-0-C-1] INFO  c.m.d.e.i.c.s.i.TwitterElasticRepositoryIndexClient - Documents indexed successfully with typecom.microservices.demo.elastic.model.index.impl.TwitterIndexModel, Ids [1520284928696406016]
2022-04-30 06:12:32 [twitter-topic-consumer-0-C-1] INFO  c.m.d.k.t.e.s.c.i.TwitterKafkaConsumer - Documents saved to elastic search with Ids [1520284928696406016]
2022-04-30 06:12:33 [twitter-topic-consumer-0-C-1] INFO  c.m.d.k.t.e.s.c.i.TwitterKafkaConsumer - 1 number of message received with keys [749455278]. partitions [0] and offsets [21], sending it to Elastic: Thread id 29
2022-04-30 06:12:33 [twitter-topic-consumer-0-C-1] INFO  c.m.d.e.i.c.s.i.TwitterElasticRepositoryIndexClient - Documents indexed successfully with typecom.microservices.demo.elastic.model.index.impl.TwitterIndexModel, Ids [1520284931464646656]
2022-04-30 06:12:33 [twitter-topic-consumer-0-C-1] INFO  c.m.d.k.t.e.s.c.i.TwitterKafkaConsumer - Documents saved to elastic search with Ids [1520284931464646656]
2022-04-30 06:12:33 [twitter-topic-consumer-0-C-1] INFO  c.m.d.k.t.e.s.c.i.TwitterKafkaConsumer - 1 number of message received with keys [1466483432402345988]. partitions [0] and offsets [22], sending it to Elastic: Thread id 29
2022-04-30 06:12:33 [twitter-topic-consumer-0-C-1] INFO  c.m.d.e.i.c.s.i.TwitterElasticRepositoryIndexClient - Documents indexed successfully with typecom.microservices.demo.elastic.model.index.impl.TwitterIndexModel, Ids [1520284933465550848]
2022-04-30 06:12:33 [twitter-topic-consumer-0-C-1] INFO  c.m.d.k.t.e.s.c.i.TwitterKafkaConsumer - Documents saved to elastic search with Ids [1520284933465550848]
2022-04-30 06:12:37 [twitter-topic-consumer-0-C-1] INFO  c.m.d.k.t.e.s.c.i.TwitterKafkaConsumer - 1 number of message received with keys [971620109197312000]. partitions [0] and offsets [23], sending it to Elastic: Thread id 29
2022-04-30 06:12:37 [twitter-topic-consumer-0-C-1] INFO  c.m.d.e.i.c.s.i.TwitterElasticRepositoryIndexClient - Documents indexed successfully with typecom.microservices.demo.elastic.model.index.impl.TwitterIndexModel, Ids [1520284950704050176]
2022-04-30 06:12:37 [twitter-topic-consumer-0-C-1] INFO  c.m.d.k.t.e.s.c.i.TwitterKafkaConsumer - Documents saved to elastic search with Ids [1520284950704050176]
2022-04-30 06:12:39 [twitter-topic-consumer-0-C-1] INFO  c.m.d.k.t.e.s.c.i.TwitterKafkaConsumer - 1 number of message received with keys [1511984169190105088]. partitions [0] and offsets [24], sending it to Elastic: Thread id 29
2022-04-30 06:12:39 [twitter-topic-consumer-0-C-1] INFO  c.m.d.e.i.c.s.i.TwitterElasticRepositoryIndexClient - Documents indexed successfully with typecom.microservices.demo.elastic.model.index.impl.TwitterIndexModel, Ids [1520284957175955457]
2022-04-30 06:12:39 [twitter-topic-consumer-0-C-1] INFO  c.m.d.k.t.e.s.c.i.TwitterKafkaConsumer - Documents saved to elastic search with Ids [1520284957175955457]
2022-04-30 06:12:55 [twitter-topic-consumer-0-C-1] INFO  c.m.d.k.t.e.s.c.i.TwitterKafkaConsumer - 1 number of message received with keys [909545584020774912]. partitions [0] and offsets [25], sending it to Elastic: Thread id 29
2022-04-30 06:12:55 [twitter-topic-consumer-0-C-1] INFO  c.m.d.e.i.c.s.i.TwitterElasticRepositoryIndexClient - Documents indexed successfully with typecom.microservices.demo.elastic.model.index.impl.TwitterIndexModel, Ids [1520285025073512448]
2022-04-30 06:12:55 [twitter-topic-consumer-0-C-1] INFO  c.m.d.k.t.e.s.c.i.TwitterKafkaConsumer - Documents saved to elastic search with Ids [1520285025073512448]
2022-04-30 06:13:03 [twitter-topic-consumer-0-C-1] INFO  c.m.d.k.t.e.s.c.i.TwitterKafkaConsumer - 1 number of message received with keys [1366833536532156418]. partitions [1] and offsets [9], sending it to Elastic: Thread id 29
2022-04-30 06:13:03 [twitter-topic-consumer-0-C-1] INFO  c.m.d.e.i.c.s.i.TwitterElasticRepositoryIndexClient - Documents indexed successfully with typecom.microservices.demo.elastic.model.index.impl.TwitterIndexModel, Ids [1520285060762636289]
2022-04-30 06:13:03 [twitter-topic-consumer-0-C-1] INFO  c.m.d.k.t.e.s.c.i.TwitterKafkaConsumer - Documents saved to elastic search with Ids [1520285060762636289]
2022-04-30 06:13:04 [twitter-topic-consumer-0-C-1] INFO  c.m.d.k.t.e.s.c.i.TwitterKafkaConsumer - 1 number of message received with keys [113646114]. partitions [2] and offsets [14], sending it to Elastic: Thread id 29
2022-04-30 06:13:04 [twitter-topic-consumer-0-C-1] INFO  c.m.d.e.i.c.s.i.TwitterElasticRepositoryIndexClient - Documents indexed successfully with typecom.microservices.demo.elastic.model.index.impl.TwitterIndexModel, Ids [1520285064554291201]
2022-04-30 06:13:04 [twitter-topic-consumer-0-C-1] INFO  c.m.d.k.t.e.s.c.i.TwitterKafkaConsumer - Documents saved to elastic search with Ids [1520285064554291201]
2022-04-30 06:13:04 [twitter-topic-consumer-0-C-1] INFO  c.m.d.k.t.e.s.c.i.TwitterKafkaConsumer - 1 number of message received with keys [1235115115239919616]. partitions [1] and offsets [10], sending it to Elastic: Thread id 29
2022-04-30 06:13:04 [twitter-topic-consumer-0-C-1] INFO  c.m.d.e.i.c.s.i.TwitterElasticRepositoryIndexClient - Documents indexed successfully with typecom.microservices.demo.elastic.model.index.impl.TwitterIndexModel, Ids [1520285064755658758]
2022-04-30 06:13:04 [twitter-topic-consumer-0-C-1] INFO  c.m.d.k.t.e.s.c.i.TwitterKafkaConsumer - Documents saved to elastic search with Ids [1520285064755658758]
2022-04-30 06:13:05 [twitter-topic-consumer-0-C-1] INFO  c.m.d.k.t.e.s.c.i.TwitterKafkaConsumer - 1 number of message received with keys [1281253609988997120]. partitions [1] and offsets [11], sending it to Elastic: Thread id 29
2022-04-30 06:13:05 [twitter-topic-consumer-0-C-1] INFO  c.m.d.e.i.c.s.i.TwitterElasticRepositoryIndexClient - Documents indexed successfully with typecom.microservices.demo.elastic.model.index.impl.TwitterIndexModel, Ids [1520285065724547073]
2022-04-30 06:13:05 [twitter-topic-consumer-0-C-1] INFO  c.m.d.k.t.e.s.c.i.TwitterKafkaConsumer - Documents saved to elastic search with Ids [1520285065724547073]
2022-04-30 06:13:09 [twitter-topic-consumer-0-C-1] INFO  c.m.d.k.t.e.s.c.i.TwitterKafkaConsumer - 1 number of message received with keys [1429814778449465345]. partitions [0] and offsets [26], sending it to Elastic: Thread id 29
2022-04-30 06:13:09 [twitter-topic-consumer-0-C-1] INFO  c.m.d.e.i.c.s.i.TwitterElasticRepositoryIndexClient - Documents indexed successfully with typecom.microservices.demo.elastic.model.index.impl.TwitterIndexModel, Ids [1520285083974123520]
2022-04-30 06:13:09 [twitter-topic-consumer-0-C-1] INFO  c.m.d.k.t.e.s.c.i.TwitterKafkaConsumer - Documents saved to elastic search with Ids [1520285083974123520]
2022-04-30 06:13:10 [twitter-topic-consumer-0-C-1] INFO  c.m.d.k.t.e.s.c.i.TwitterKafkaConsumer - 1 number of message received with keys [1221977161231486977]. partitions [2] and offsets [15], sending it to Elastic: Thread id 29
2022-04-30 06:13:10 [twitter-topic-consumer-0-C-1] INFO  c.m.d.e.i.c.s.i.TwitterElasticRepositoryIndexClient - Documents indexed successfully with typecom.microservices.demo.elastic.model.index.impl.TwitterIndexModel, Ids [1520285088633733120]
2022-04-30 06:13:10 [twitter-topic-consumer-0-C-1] INFO  c.m.d.k.t.e.s.c.i.TwitterKafkaConsumer - Documents saved to elastic search with Ids [1520285088633733120]
2022-04-30 06:13:16 [twitter-topic-consumer-0-C-1] INFO  c.m.d.k.t.e.s.c.i.TwitterKafkaConsumer - 1 number of message received with keys [1429814778449465345]. partitions [0] and offsets [27], sending it to Elastic: Thread id 29
2022-04-30 06:13:16 [twitter-topic-consumer-0-C-1] INFO  c.m.d.e.i.c.s.i.TwitterElasticRepositoryIndexClient - Documents indexed successfully with typecom.microservices.demo.elastic.model.index.impl.TwitterIndexModel, Ids [1520285114756124673]
2022-04-30 06:13:16 [twitter-topic-consumer-0-C-1] INFO  c.m.d.k.t.e.s.c.i.TwitterKafkaConsumer - Documents saved to elastic search with Ids [1520285114756124673]
2022-04-30 06:13:21 [twitter-topic-consumer-0-C-1] INFO  c.m.d.k.t.e.s.c.i.TwitterKafkaConsumer - 1 number of message received with keys [1429814778449465345]. partitions [0] and offsets [28], sending it to Elastic: Thread id 29
2022-04-30 06:13:21 [twitter-topic-consumer-0-C-1] INFO  c.m.d.e.i.c.s.i.TwitterElasticRepositoryIndexClient - Documents indexed successfully with typecom.microservices.demo.elastic.model.index.impl.TwitterIndexModel, Ids [1520285134976876544]
2022-04-30 06:13:21 [twitter-topic-consumer-0-C-1] INFO  c.m.d.k.t.e.s.c.i.TwitterKafkaConsumer - Documents saved to elastic search with Ids [1520285134976876544]
2022-04-30 06:13:21 [twitter-topic-consumer-0-C-1] INFO  c.m.d.k.t.e.s.c.i.TwitterKafkaConsumer - 1 number of message received with keys [1409076550675357699]. partitions [1] and offsets [12], sending it to Elastic: Thread id 29
2022-04-30 06:13:21 [twitter-topic-consumer-0-C-1] INFO  c.m.d.e.i.c.s.i.TwitterElasticRepositoryIndexClient - Documents indexed successfully with typecom.microservices.demo.elastic.model.index.impl.TwitterIndexModel, Ids [1520285135580680195]
2022-04-30 06:13:21 [twitter-topic-consumer-0-C-1] INFO  c.m.d.k.t.e.s.c.i.TwitterKafkaConsumer - Documents saved to elastic search with Ids [1520285135580680195]
2022-04-30 06:13:37 [twitter-topic-consumer-0-C-1] INFO  c.m.d.k.t.e.s.c.i.TwitterKafkaConsumer - 1 number of message received with keys [173326511]. partitions [2] and offsets [16], sending it to Elastic: Thread id 29
2022-04-30 06:13:37 [twitter-topic-consumer-0-C-1] INFO  c.m.d.e.i.c.s.i.TwitterElasticRepositoryIndexClient - Documents indexed successfully with typecom.microservices.demo.elastic.model.index.impl.TwitterIndexModel, Ids [1520285201355575297]
2022-04-30 06:13:37 [twitter-topic-consumer-0-C-1] INFO  c.m.d.k.t.e.s.c.i.TwitterKafkaConsumer - Documents saved to elastic search with Ids [1520285201355575297]
2022-04-30 06:13:39 [twitter-topic-consumer-0-C-1] INFO  c.m.d.k.t.e.s.c.i.TwitterKafkaConsumer - 1 number of message received with keys [549012259]. partitions [0] and offsets [29], sending it to Elastic: Thread id 29
2022-04-30 06:13:39 [twitter-topic-consumer-0-C-1] INFO  c.m.d.e.i.c.s.i.TwitterElasticRepositoryIndexClient - Documents indexed successfully with typecom.microservices.demo.elastic.model.index.impl.TwitterIndexModel, Ids [1520285208649641989]
2022-04-30 06:13:39 [twitter-topic-consumer-0-C-1] INFO  c.m.d.k.t.e.s.c.i.TwitterKafkaConsumer - Documents saved to elastic search with Ids [1520285208649641989]
2022-04-30 06:13:43 [twitter-topic-consumer-0-C-1] INFO  c.m.d.k.t.e.s.c.i.TwitterKafkaConsumer - 1 number of message received with keys [173326511]. partitions [2] and offsets [17], sending it to Elastic: Thread id 29
2022-04-30 06:13:43 [twitter-topic-consumer-0-C-1] INFO  c.m.d.e.i.c.s.i.TwitterElasticRepositoryIndexClient - Documents indexed successfully with typecom.microservices.demo.elastic.model.index.impl.TwitterIndexModel, Ids [1520285225791619072]
2022-04-30 06:13:43 [twitter-topic-consumer-0-C-1] INFO  c.m.d.k.t.e.s.c.i.TwitterKafkaConsumer - Documents saved to elastic search with Ids [1520285225791619072]
2022-04-30 06:13:48 [twitter-topic-consumer-0-C-1] INFO  c.m.d.k.t.e.s.c.i.TwitterKafkaConsumer - 1 number of message received with keys [1706681]. partitions [0] and offsets [30], sending it to Elastic: Thread id 29
2022-04-30 06:13:48 [twitter-topic-consumer-0-C-1] INFO  c.m.d.e.i.c.s.i.TwitterElasticRepositoryIndexClient - Documents indexed successfully with typecom.microservices.demo.elastic.model.index.impl.TwitterIndexModel, Ids [1520285247895613440]
2022-04-30 06:13:48 [twitter-topic-consumer-0-C-1] INFO  c.m.d.k.t.e.s.c.i.TwitterKafkaConsumer - Documents saved to elastic search with Ids [1520285247895613440]
2022-04-30 06:14:00 [twitter-topic-consumer-0-C-1] INFO  c.m.d.k.t.e.s.c.i.TwitterKafkaConsumer - 1 number of message received with keys [964373115441635328]. partitions [2] and offsets [18], sending it to Elastic: Thread id 29
2022-04-30 06:14:00 [twitter-topic-consumer-0-C-1] INFO  c.m.d.e.i.c.s.i.TwitterElasticRepositoryIndexClient - Documents indexed successfully with typecom.microservices.demo.elastic.model.index.impl.TwitterIndexModel, Ids [1520285297350742017]
2022-04-30 06:14:00 [twitter-topic-consumer-0-C-1] INFO  c.m.d.k.t.e.s.c.i.TwitterKafkaConsumer - Documents saved to elastic search with Ids [1520285297350742017]
2022-04-30 06:14:00 [twitter-topic-consumer-0-C-1] INFO  c.m.d.k.t.e.s.c.i.TwitterKafkaConsumer - 1 number of message received with keys [149995433]. partitions [1] and offsets [13], sending it to Elastic: Thread id 29
2022-04-30 06:14:00 [twitter-topic-consumer-0-C-1] INFO  c.m.d.e.i.c.s.i.TwitterElasticRepositoryIndexClient - Documents indexed successfully with typecom.microservices.demo.elastic.model.index.impl.TwitterIndexModel, Ids [1520285299653414913]
2022-04-30 06:14:00 [twitter-topic-consumer-0-C-1] INFO  c.m.d.k.t.e.s.c.i.TwitterKafkaConsumer - Documents saved to elastic search with Ids [1520285299653414913]
2022-04-30 06:14:03 [twitter-topic-consumer-0-C-1] INFO  c.m.d.k.t.e.s.c.i.TwitterKafkaConsumer - 1 number of message received with keys [173326511]. partitions [2] and offsets [19], sending it to Elastic: Thread id 29
2022-04-30 06:14:03 [twitter-topic-consumer-0-C-1] INFO  c.m.d.e.i.c.s.i.TwitterElasticRepositoryIndexClient - Documents indexed successfully with typecom.microservices.demo.elastic.model.index.impl.TwitterIndexModel, Ids [1520285309484773376]
2022-04-30 06:14:03 [twitter-topic-consumer-0-C-1] INFO  c.m.d.k.t.e.s.c.i.TwitterKafkaConsumer - Documents saved to elastic search with Ids [1520285309484773376]
2022-04-30 06:14:05 [twitter-topic-consumer-0-C-1] INFO  c.m.d.k.t.e.s.c.i.TwitterKafkaConsumer - 1 number of message received with keys [42680586]. partitions [1] and offsets [14], sending it to Elastic: Thread id 29
2022-04-30 06:14:06 [twitter-topic-consumer-0-C-1] INFO  c.m.d.e.i.c.s.i.TwitterElasticRepositoryIndexClient - Documents indexed successfully with typecom.microservices.demo.elastic.model.index.impl.TwitterIndexModel, Ids [1520285321308647424]
2022-04-30 06:14:06 [twitter-topic-consumer-0-C-1] INFO  c.m.d.k.t.e.s.c.i.TwitterKafkaConsumer - Documents saved to elastic search with Ids [1520285321308647424]
2022-04-30 06:14:06 [twitter-topic-consumer-0-C-1] INFO  c.m.d.k.t.e.s.c.i.TwitterKafkaConsumer - 1 number of message received with keys [2302644318]. partitions [1] and offsets [15], sending it to Elastic: Thread id 29
2022-04-30 06:14:06 [twitter-topic-consumer-0-C-1] INFO  c.m.d.e.i.c.s.i.TwitterElasticRepositoryIndexClient - Documents indexed successfully with typecom.microservices.demo.elastic.model.index.impl.TwitterIndexModel, Ids [1520285322222874625]
2022-04-30 06:14:06 [twitter-topic-consumer-0-C-1] INFO  c.m.d.k.t.e.s.c.i.TwitterKafkaConsumer - Documents saved to elastic search with Ids [1520285322222874625]
2022-04-30 06:14:08 [twitter-topic-consumer-0-C-1] INFO  c.m.d.k.t.e.s.c.i.TwitterKafkaConsumer - 1 number of message received with keys [1436932080227831808]. partitions [0] and offsets [31], sending it to Elastic: Thread id 29
2022-04-30 06:14:08 [twitter-topic-consumer-0-C-1] INFO  c.m.d.e.i.c.s.i.TwitterElasticRepositoryIndexClient - Documents indexed successfully with typecom.microservices.demo.elastic.model.index.impl.TwitterIndexModel, Ids [1520285330737438720]
2022-04-30 06:14:08 [twitter-topic-consumer-0-C-1] INFO  c.m.d.k.t.e.s.c.i.TwitterKafkaConsumer - Documents saved to elastic search with Ids [1520285330737438720]
2022-04-30 06:14:11 [twitter-topic-consumer-0-C-1] INFO  c.m.d.k.t.e.s.c.i.TwitterKafkaConsumer - 1 number of message received with keys [1162345066964246530]. partitions [1] and offsets [16], sending it to Elastic: Thread id 29
2022-04-30 06:14:11 [twitter-topic-consumer-0-C-1] INFO  c.m.d.e.i.c.s.i.TwitterElasticRepositoryIndexClient - Documents indexed successfully with typecom.microservices.demo.elastic.model.index.impl.TwitterIndexModel, Ids [1520285343588622336]
2022-04-30 06:14:11 [twitter-topic-consumer-0-C-1] INFO  c.m.d.k.t.e.s.c.i.TwitterKafkaConsumer - Documents saved to elastic search with Ids [1520285343588622336]
2022-04-30 06:14:16 [twitter-topic-consumer-0-C-1] INFO  c.m.d.k.t.e.s.c.i.TwitterKafkaConsumer - 1 number of message received with keys [951690486917582850]. partitions [2] and offsets [20], sending it to Elastic: Thread id 29
2022-04-30 06:14:16 [twitter-topic-consumer-0-C-1] INFO  c.m.d.e.i.c.s.i.TwitterElasticRepositoryIndexClient - Documents indexed successfully with typecom.microservices.demo.elastic.model.index.impl.TwitterIndexModel, Ids [1520285364778328064]
2022-04-30 06:14:16 [twitter-topic-consumer-0-C-1] INFO  c.m.d.k.t.e.s.c.i.TwitterKafkaConsumer - Documents saved to elastic search with Ids [1520285364778328064]
2022-04-30 06:14:16 [twitter-topic-consumer-0-C-1] INFO  c.m.d.k.t.e.s.c.i.TwitterKafkaConsumer - 1 number of message received with keys [1425764869106585600]. partitions [2] and offsets [21], sending it to Elastic: Thread id 29
2022-04-30 06:14:16 [twitter-topic-consumer-0-C-1] INFO  c.m.d.e.i.c.s.i.TwitterElasticRepositoryIndexClient - Documents indexed successfully with typecom.microservices.demo.elastic.model.index.impl.TwitterIndexModel, Ids [1520285365554216960]
2022-04-30 06:14:16 [twitter-topic-consumer-0-C-1] INFO  c.m.d.k.t.e.s.c.i.TwitterKafkaConsumer - Documents saved to elastic search with Ids [1520285365554216960]
2022-04-30 06:14:33 [twitter-topic-consumer-0-C-1] INFO  c.m.d.k.t.e.s.c.i.TwitterKafkaConsumer - 1 number of message received with keys [1425764869106585600]. partitions [2] and offsets [22], sending it to Elastic: Thread id 29
2022-04-30 06:14:33 [twitter-topic-consumer-0-C-1] INFO  c.m.d.e.i.c.s.i.TwitterElasticRepositoryIndexClient - Documents indexed successfully with typecom.microservices.demo.elastic.model.index.impl.TwitterIndexModel, Ids [1520285437469765632]
2022-04-30 06:14:33 [twitter-topic-consumer-0-C-1] INFO  c.m.d.k.t.e.s.c.i.TwitterKafkaConsumer - Documents saved to elastic search with Ids [1520285437469765632]
2022-04-30 06:14:38 [twitter-topic-consumer-0-C-1] INFO  c.m.d.k.t.e.s.c.i.TwitterKafkaConsumer - 1 number of message received with keys [1425764869106585600]. partitions [2] and offsets [23], sending it to Elastic: Thread id 29
2022-04-30 06:14:38 [twitter-topic-consumer-0-C-1] INFO  c.m.d.e.i.c.s.i.TwitterElasticRepositoryIndexClient - Documents indexed successfully with typecom.microservices.demo.elastic.model.index.impl.TwitterIndexModel, Ids [1520285458256867328]
2022-04-30 06:14:38 [twitter-topic-consumer-0-C-1] INFO  c.m.d.k.t.e.s.c.i.TwitterKafkaConsumer - Documents saved to elastic search with Ids [1520285458256867328]
2022-04-30 06:14:41 [twitter-topic-consumer-0-C-1] INFO  c.m.d.k.t.e.s.c.i.TwitterKafkaConsumer - 1 number of message received with keys [550235139]. partitions [0] and offsets [32], sending it to Elastic: Thread id 29
2022-04-30 06:14:41 [twitter-topic-consumer-0-C-1] INFO  c.m.d.e.i.c.s.i.TwitterElasticRepositoryIndexClient - Documents indexed successfully with typecom.microservices.demo.elastic.model.index.impl.TwitterIndexModel, Ids [1520285470424322054]
2022-04-30 06:14:41 [twitter-topic-consumer-0-C-1] INFO  c.m.d.k.t.e.s.c.i.TwitterKafkaConsumer - Documents saved to elastic search with Ids [1520285470424322054]
2022-04-30 06:14:43 [twitter-topic-consumer-0-C-1] INFO  c.m.d.k.t.e.s.c.i.TwitterKafkaConsumer - 1 number of message received with keys [1425764869106585600]. partitions [2] and offsets [24], sending it to Elastic: Thread id 29
2022-04-30 06:14:43 [twitter-topic-consumer-0-C-1] INFO  c.m.d.e.i.c.s.i.TwitterElasticRepositoryIndexClient - Documents indexed successfully with typecom.microservices.demo.elastic.model.index.impl.TwitterIndexModel, Ids [1520285477714096129]
2022-04-30 06:14:43 [twitter-topic-consumer-0-C-1] INFO  c.m.d.k.t.e.s.c.i.TwitterKafkaConsumer - Documents saved to elastic search with Ids [1520285477714096129]
2022-04-30 06:14:59 [twitter-topic-consumer-0-C-1] INFO  c.m.d.k.t.e.s.c.i.TwitterKafkaConsumer - 1 number of message received with keys [1517965990914629632]. partitions [0] and offsets [33], sending it to Elastic: Thread id 29
2022-04-30 06:14:59 [twitter-topic-consumer-0-C-1] INFO  c.m.d.e.i.c.s.i.TwitterElasticRepositoryIndexClient - Documents indexed successfully with typecom.microservices.demo.elastic.model.index.impl.TwitterIndexModel, Ids [1520285544189550594]
2022-04-30 06:14:59 [twitter-topic-consumer-0-C-1] INFO  c.m.d.k.t.e.s.c.i.TwitterKafkaConsumer - Documents saved to elastic search with Ids [1520285544189550594]
2022-04-30 06:15:07 [twitter-topic-consumer-0-C-1] INFO  c.m.d.k.t.e.s.c.i.TwitterKafkaConsumer - 1 number of message received with keys [1367656120739762185]. partitions [2] and offsets [25], sending it to Elastic: Thread id 29
2022-04-30 06:15:07 [twitter-topic-consumer-0-C-1] INFO  c.m.d.e.i.c.s.i.TwitterElasticRepositoryIndexClient - Documents indexed successfully with typecom.microservices.demo.elastic.model.index.impl.TwitterIndexModel, Ids [1520285580235444225]
2022-04-30 06:15:07 [twitter-topic-consumer-0-C-1] INFO  c.m.d.k.t.e.s.c.i.TwitterKafkaConsumer - Documents saved to elastic search with Ids [1520285580235444225]
2022-04-30 06:15:07 [twitter-topic-consumer-0-C-1] INFO  c.m.d.k.t.e.s.c.i.TwitterKafkaConsumer - 1 number of message received with keys [1358806251077922816]. partitions [2] and offsets [26], sending it to Elastic: Thread id 29
2022-04-30 06:15:07 [twitter-topic-consumer-0-C-1] INFO  c.m.d.e.i.c.s.i.TwitterElasticRepositoryIndexClient - Documents indexed successfully with typecom.microservices.demo.elastic.model.index.impl.TwitterIndexModel, Ids [1520285580697149440]
2022-04-30 06:15:07 [twitter-topic-consumer-0-C-1] INFO  c.m.d.k.t.e.s.c.i.TwitterKafkaConsumer - Documents saved to elastic search with Ids [1520285580697149440]
2022-04-30 06:15:08 [twitter-topic-consumer-0-C-1] INFO  c.m.d.k.t.e.s.c.i.TwitterKafkaConsumer - 1 number of message received with keys [1375961552122044417]. partitions [2] and offsets [27], sending it to Elastic: Thread id 29
2022-04-30 06:15:08 [twitter-topic-consumer-0-C-1] INFO  c.m.d.e.i.c.s.i.TwitterElasticRepositoryIndexClient - Documents indexed successfully with typecom.microservices.demo.elastic.model.index.impl.TwitterIndexModel, Ids [1520285582282604544]
2022-04-30 06:15:08 [twitter-topic-consumer-0-C-1] INFO  c.m.d.k.t.e.s.c.i.TwitterKafkaConsumer - Documents saved to elastic search with Ids [1520285582282604544]
2022-04-30 06:15:08 [twitter-topic-consumer-0-C-1] INFO  c.m.d.k.t.e.s.c.i.TwitterKafkaConsumer - 1 number of message received with keys [3786243073]. partitions [1] and offsets [17], sending it to Elastic: Thread id 29
2022-04-30 06:15:08 [twitter-topic-consumer-0-C-1] INFO  c.m.d.e.i.c.s.i.TwitterElasticRepositoryIndexClient - Documents indexed successfully with typecom.microservices.demo.elastic.model.index.impl.TwitterIndexModel, Ids [1520285583532199936]
2022-04-30 06:15:08 [twitter-topic-consumer-0-C-1] INFO  c.m.d.k.t.e.s.c.i.TwitterKafkaConsumer - Documents saved to elastic search with Ids [1520285583532199936]
2022-04-30 06:15:18 [twitter-topic-consumer-0-C-1] INFO  c.m.d.k.t.e.s.c.i.TwitterKafkaConsumer - 1 number of message received with keys [1326761618362019842]. partitions [0] and offsets [34], sending it to Elastic: Thread id 29
2022-04-30 06:15:18 [twitter-topic-consumer-0-C-1] INFO  c.m.d.e.i.c.s.i.TwitterElasticRepositoryIndexClient - Documents indexed successfully with typecom.microservices.demo.elastic.model.index.impl.TwitterIndexModel, Ids [1520285625559175168]
2022-04-30 06:15:18 [twitter-topic-consumer-0-C-1] INFO  c.m.d.k.t.e.s.c.i.TwitterKafkaConsumer - Documents saved to elastic search with Ids [1520285625559175168]
2022-04-30 06:15:28 [twitter-topic-consumer-0-C-1] INFO  c.m.d.k.t.e.s.c.i.TwitterKafkaConsumer - 1 number of message received with keys [1706681]. partitions [0] and offsets [35], sending it to Elastic: Thread id 29
2022-04-30 06:15:28 [twitter-topic-consumer-0-C-1] INFO  c.m.d.e.i.c.s.i.TwitterElasticRepositoryIndexClient - Documents indexed successfully with typecom.microservices.demo.elastic.model.index.impl.TwitterIndexModel, Ids [1520285667338686464]
2022-04-30 06:15:28 [twitter-topic-consumer-0-C-1] INFO  c.m.d.k.t.e.s.c.i.TwitterKafkaConsumer - Documents saved to elastic search with Ids [1520285667338686464]
2022-04-30 06:15:29 [twitter-topic-consumer-0-C-1] INFO  c.m.d.k.t.e.s.c.i.TwitterKafkaConsumer - 1 number of message received with keys [808825153]. partitions [0] and offsets [36], sending it to Elastic: Thread id 29
2022-04-30 06:15:29 [twitter-topic-consumer-0-C-1] INFO  c.m.d.e.i.c.s.i.TwitterElasticRepositoryIndexClient - Documents indexed successfully with typecom.microservices.demo.elastic.model.index.impl.TwitterIndexModel, Ids [1520285672527044608]
2022-04-30 06:15:29 [twitter-topic-consumer-0-C-1] INFO  c.m.d.k.t.e.s.c.i.TwitterKafkaConsumer - Documents saved to elastic search with Ids [1520285672527044608]
2022-04-30 06:15:52 [twitter-topic-consumer-0-C-1] INFO  c.m.d.k.t.e.s.c.i.TwitterKafkaConsumer - 1 number of message received with keys [985607800410734592]. partitions [2] and offsets [28], sending it to Elastic: Thread id 29
2022-04-30 06:15:52 [twitter-topic-consumer-0-C-1] INFO  c.m.d.e.i.c.s.i.TwitterElasticRepositoryIndexClient - Documents indexed successfully with typecom.microservices.demo.elastic.model.index.impl.TwitterIndexModel, Ids [1520285769453166593]
2022-04-30 06:15:52 [twitter-topic-consumer-0-C-1] INFO  c.m.d.k.t.e.s.c.i.TwitterKafkaConsumer - Documents saved to elastic search with Ids [1520285769453166593]
