2022-04-29 17:59:11 [main] INFO  o.s.c.c.c.ConfigServicePropertySourceLocator - Fetching config from server at : http://config-server:8888
2022-04-29 17:59:23 [main] INFO  o.s.c.c.c.ConfigServicePropertySourceLocator - Located environment: name=twitter-to-kafka-service,config-client, profiles=[twitter_to_kafka], label=null, version=1e97fac0e61cc9638e88e0802c1dcdb5322be90f, state=null
2022-04-29 17:59:23 [main] INFO  o.s.c.b.c.PropertySourceBootstrapConfiguration - Located property source: [BootstrapPropertySource {name='bootstrapProperties-configClient'}, BootstrapPropertySource {name='bootstrapProperties-https://github.com/pvnreddy/microservices-demo-config/config-client-twitter_to_kafka.yml'}, BootstrapPropertySource {name='bootstrapProperties-https://github.com/pvnreddy/microservices-demo-config/config-client.yml'}]
2022-04-29 17:59:24 [main] INFO  c.m.d.t.t.k.s.TwitterToKafkaServiceApplication - The following profiles are active: twitter_to_kafka
2022-04-29 17:59:36 [main] INFO  o.s.cloud.context.scope.GenericScope - BeanFactory id=3d29b060-3d81-328a-b3b7-f08346524643
2022-04-29 17:59:38 [main] INFO  o.s.c.s.PostProcessorRegistrationDelegate$BeanPostProcessorChecker - Bean 'org.springframework.retry.annotation.RetryConfiguration' of type [org.springframework.retry.annotation.RetryConfiguration$$EnhancerBySpringCGLIB$$93b85e67] is not eligible for getting processed by all BeanPostProcessors (for example: not eligible for auto-proxying)
2022-04-29 17:59:43 [main] INFO  o.a.k.c.admin.AdminClientConfig - AdminClientConfig values: 
	bootstrap.servers = [kafka-broker-1:9092, kafka-broker-2:9092, kafka-broker-3:9092]
	client.dns.lookup = default
	client.id = 
	connections.max.idle.ms = 300000
	default.api.timeout.ms = 60000
	metadata.max.age.ms = 300000
	metric.reporters = []
	metrics.num.samples = 2
	metrics.recording.level = INFO
	metrics.sample.window.ms = 30000
	receive.buffer.bytes = 65536
	reconnect.backoff.max.ms = 1000
	reconnect.backoff.ms = 50
	request.timeout.ms = 30000
	retries = 2147483647
	retry.backoff.ms = 100
	sasl.client.callback.handler.class = null
	sasl.jaas.config = null
	sasl.kerberos.kinit.cmd = /usr/bin/kinit
	sasl.kerberos.min.time.before.relogin = 60000
	sasl.kerberos.service.name = null
	sasl.kerberos.ticket.renew.jitter = 0.05
	sasl.kerberos.ticket.renew.window.factor = 0.8
	sasl.login.callback.handler.class = null
	sasl.login.class = null
	sasl.login.refresh.buffer.seconds = 300
	sasl.login.refresh.min.period.seconds = 60
	sasl.login.refresh.window.factor = 0.8
	sasl.login.refresh.window.jitter = 0.05
	sasl.mechanism = GSSAPI
	security.protocol = PLAINTEXT
	security.providers = null
	send.buffer.bytes = 131072
	ssl.cipher.suites = null
	ssl.enabled.protocols = [TLSv1.2]
	ssl.endpoint.identification.algorithm = https
	ssl.key.password = null
	ssl.keymanager.algorithm = SunX509
	ssl.keystore.location = null
	ssl.keystore.password = null
	ssl.keystore.type = JKS
	ssl.protocol = TLSv1.2
	ssl.provider = null
	ssl.secure.random.implementation = null
	ssl.trustmanager.algorithm = PKIX
	ssl.truststore.location = null
	ssl.truststore.password = null
	ssl.truststore.type = JKS

2022-04-29 17:59:45 [main] INFO  o.a.kafka.common.utils.AppInfoParser - Kafka version: 2.5.1
2022-04-29 17:59:45 [main] INFO  o.a.kafka.common.utils.AppInfoParser - Kafka commitId: 0efa8fb0f4c73d92
2022-04-29 17:59:45 [main] INFO  o.a.kafka.common.utils.AppInfoParser - Kafka startTimeMs: 1651255185821
2022-04-29 17:59:52 [main] INFO  o.s.b.a.s.r.ReactiveUserDetailsServiceAutoConfiguration - 

Using generated security password: 41f4c120-1f03-45f3-be63-6eb1171058dc

2022-04-29 17:59:57 [main] INFO  o.s.b.w.e.netty.NettyWebServer - Netty started on port(s): 8181
2022-04-29 17:59:57 [main] INFO  c.m.d.t.t.k.s.TwitterToKafkaServiceApplication - Started TwitterToKafkaServiceApplication in 87.268 seconds (JVM running for 127.375)
2022-04-29 17:59:57 [main] INFO  c.m.d.t.t.k.s.TwitterToKafkaServiceApplication - Application starts.....
2022-04-29 17:59:57 [main] INFO  c.m.d.t.t.k.s.TwitterToKafkaServiceApplication - [Java, Microservices, Kafka, Elasticsearch]
2022-04-29 17:59:57 [main] INFO  c.m.d.k.a.c.client.KafkaAdminClient - Creating 1 topic(s), attempt 0
2022-04-29 17:59:57 [main] INFO  c.m.d.k.a.c.client.KafkaAdminClient - Reading Kafka topic [twitter-topic]. attempt 0
2022-04-29 17:59:57 [main] INFO  c.m.d.k.a.c.client.KafkaAdminClient - Topic with name twitter-topic is ready
2022-04-29 17:59:57 [main] INFO  c.m.d.k.a.c.client.KafkaAdminClient - Topic with name _schemas is ready
2022-04-29 17:59:57 [main] INFO  c.m.d.k.a.c.client.KafkaAdminClient - Topic with name __confluent.support.metrics is ready
2022-04-29 18:00:13 [main] INFO  o.s.b.a.l.ConditionEvaluationReportLoggingListener - 

Error starting ApplicationContext. To display the conditions report re-run your application with 'debug' enabled.
2022-04-29 18:00:13 [main] INFO  c.m.d.t.t.k.s.r.i.TwitterKafkaStreamRunner - Closing Twitter stream
2022-04-29 18:00:13 [main] WARN  o.s.c.a.CommonAnnotationBeanPostProcessor - Destroy method on bean with name 'twitterKafkaStreamRunner' threw an exception: java.lang.NullPointerException
2022-04-29 18:00:13 [main] INFO  c.m.d.p.c.s.i.TwitterKafkaProducer - Closing kafka template
2022-04-29 18:00:15 [main] ERROR o.s.boot.SpringApplication - Application run failed
java.lang.IllegalStateException: Failed to execute ApplicationRunner
	at org.springframework.boot.SpringApplication.callRunner(SpringApplication.java:789)
	at org.springframework.boot.SpringApplication.callRunners(SpringApplication.java:776)
	at org.springframework.boot.SpringApplication.run(SpringApplication.java:322)
	at org.springframework.boot.SpringApplication.run(SpringApplication.java:1237)
	at org.springframework.boot.SpringApplication.run(SpringApplication.java:1226)
	at com.microservices.demo.twitter.to.kafka.service.TwitterToKafkaServiceApplication.main(TwitterToKafkaServiceApplication.java:35)
	at java.base/jdk.internal.reflect.NativeMethodAccessorImpl.invoke0(Native Method)
	at java.base/jdk.internal.reflect.NativeMethodAccessorImpl.invoke(Unknown Source)
	at java.base/jdk.internal.reflect.DelegatingMethodAccessorImpl.invoke(Unknown Source)
	at java.base/java.lang.reflect.Method.invoke(Unknown Source)
	at org.springframework.boot.loader.MainMethodRunner.run(MainMethodRunner.java:49)
	at org.springframework.boot.loader.Launcher.launch(Launcher.java:107)
	at org.springframework.boot.loader.Launcher.launch(Launcher.java:58)
	at org.springframework.boot.loader.JarLauncher.main(JarLauncher.java:88)
Caused by: com.microservices.demo.kafka.admin.config.exception.KafkaClientException: Reached max no of Rety for reading topics
	at com.microservices.demo.kafka.admin.config.client.KafkaAdminClient.checkMaxRetry(KafkaAdminClient.java:115)
	at com.microservices.demo.kafka.admin.config.client.KafkaAdminClient.checkSchemaRegistry(KafkaAdminClient.java:81)
	at com.microservices.demo.twitter.to.kafka.service.init.impl.TwitterStreamInitializer.init(TwitterStreamInitializer.java:27)
	at com.microservices.demo.twitter.to.kafka.service.TwitterToKafkaServiceApplication.run(TwitterToKafkaServiceApplication.java:49)
	at org.springframework.boot.SpringApplication.callRunner(SpringApplication.java:786)
	... 13 common frames omitted
