2021-12-28 18:27:12 [main] INFO  c.m.d.t.t.k.s.TwitterToKafkaServiceApplication - Starting TwitterToKafkaServiceApplication on vpamulap-mac with PID 18884 (/Users/vpamulap/Downloads/microservices-demo/twitter-to-kafka-service/target/classes started by vpamulap in /Users/vpamulap/Downloads/microservices-demo)
2021-12-28 18:27:12 [main] INFO  c.m.d.t.t.k.s.TwitterToKafkaServiceApplication - No active profile set, falling back to default profiles: default
2021-12-28 18:27:13 [main] INFO  c.m.d.t.t.k.s.TwitterToKafkaServiceApplication - Started TwitterToKafkaServiceApplication in 1.38 seconds (JVM running for 2.842)
2021-12-28 18:27:13 [main] INFO  c.m.d.t.t.k.s.TwitterToKafkaServiceApplication - Application starts.....
2021-12-28 18:27:13 [main] INFO  c.m.d.t.t.k.s.TwitterToKafkaServiceApplication - [Java, Microservices, Kafka, Elasticsearch]
2021-12-28 18:27:13 [main] INFO  c.m.d.t.t.k.s.TwitterToKafkaServiceApplication - Hello microservices1!
2021-12-28 18:27:13 [main] INFO  c.m.d.t.t.k.s.r.i.MockTwitterStreamRunner - Starting mock filtering twitter stream for keywords {}[Java, Microservices, Kafka, Elasticsearch]
2021-12-28 18:27:13 [pool-1-thread-1] INFO  c.m.d.t.t.k.s.r.i.MockTwitterStreamRunner - Tweet: {"created_at":"Tue Dec 28 18:27:13 IST 2021","id":"3382840172357147173","text":"varius in et Elasticsearch at ipsum","user":{"id":"1883904184432250062"}}
2021-12-28 18:27:13 [pool-1-thread-1] INFO  c.m.d.t.t.k.s.l.TwitterKafkaStatusListener - null : varius in et Elasticsearch at ipsum
2021-12-28 18:27:13 [pool-1-thread-1] INFO  c.m.d.t.t.k.s.r.i.MockTwitterStreamRunner - Tweet: {"created_at":"Tue Dec 28 18:27:13 IST 2021","id":"2390602156584253455","text":"montes amet Lorem condimentum in Java ridiculus adipiscing dolor Lorem","user":{"id":"338257781884518484"}}
2021-12-28 18:27:13 [pool-1-thread-1] INFO  c.m.d.t.t.k.s.l.TwitterKafkaStatusListener - null : montes amet Lorem condimentum in Java ridiculus adipiscing dolor Lorem
2021-12-28 18:27:14 [pool-1-thread-1] INFO  c.m.d.t.t.k.s.r.i.MockTwitterStreamRunner - Tweet: {"created_at":"Tue Dec 28 18:27:14 IST 2021","id":"3869683655553640557","text":"magnis elit varius et Java nascetur dolor natoque","user":{"id":"8172358223305953567"}}
2021-12-28 18:27:14 [pool-1-thread-1] INFO  c.m.d.t.t.k.s.l.TwitterKafkaStatusListener - null : magnis elit varius et Java nascetur dolor natoque
2021-12-28 18:27:14 [pool-1-thread-1] INFO  c.m.d.t.t.k.s.r.i.MockTwitterStreamRunner - Tweet: {"created_at":"Tue Dec 28 18:27:14 IST 2021","id":"3525577552990994088","text":"dolor amet ullamcorper Elasticsearch amet Nunc","user":{"id":"1780448815392898323"}}
2021-12-28 18:27:14 [pool-1-thread-1] INFO  c.m.d.t.t.k.s.l.TwitterKafkaStatusListener - null : dolor amet ullamcorper Elasticsearch amet Nunc
2021-12-28 18:27:14 [pool-1-thread-1] INFO  c.m.d.t.t.k.s.r.i.MockTwitterStreamRunner - Tweet: {"created_at":"Tue Dec 28 18:27:14 IST 2021","id":"6351968321672082912","text":"sit dis varius Curabitur elit et dis ridiculus Microservices dis nascetur ullamcorper adipiscing laoreet elit","user":{"id":"5392336316370269503"}}
2021-12-28 18:27:14 [pool-1-thread-1] INFO  c.m.d.t.t.k.s.l.TwitterKafkaStatusListener - null : sit dis varius Curabitur elit et dis ridiculus Microservices dis nascetur ullamcorper adipiscing laoreet elit
2021-12-28 18:27:14 [pool-1-thread-1] INFO  c.m.d.t.t.k.s.r.i.MockTwitterStreamRunner - Tweet: {"created_at":"Tue Dec 28 18:27:14 IST 2021","id":"166546862533727346","text":"varius in ipsum nascetur elit libero sit Java amet adipiscing condimentum nec amet penatibus","user":{"id":"8724129698794231979"}}
2021-12-28 18:27:14 [pool-1-thread-1] INFO  c.m.d.t.t.k.s.l.TwitterKafkaStatusListener - null : varius in ipsum nascetur elit libero sit Java amet adipiscing condimentum nec amet penatibus
2021-12-28 18:27:14 [pool-1-thread-1] INFO  c.m.d.t.t.k.s.r.i.MockTwitterStreamRunner - Tweet: {"created_at":"Tue Dec 28 18:27:14 IST 2021","id":"1946114446385185404","text":"condimentum ridiculus ullamcorper adipiscing natoque dis Kafka mus amet Nunc Orci nec","user":{"id":"8648838337671168121"}}
2021-12-28 18:27:14 [pool-1-thread-1] INFO  c.m.d.t.t.k.s.l.TwitterKafkaStatusListener - null : condimentum ridiculus ullamcorper adipiscing natoque dis Kafka mus amet Nunc Orci nec
2021-12-28 18:27:14 [pool-1-thread-1] INFO  c.m.d.t.t.k.s.r.i.MockTwitterStreamRunner - Tweet: {"created_at":"Tue Dec 28 18:27:14 IST 2021","id":"1641508287222795487","text":"at Lorem consectetur parturient sit Microservices nec Orci Orci Nunc","user":{"id":"1086712403450633626"}}
2021-12-28 18:27:14 [pool-1-thread-1] INFO  c.m.d.t.t.k.s.l.TwitterKafkaStatusListener - null : at Lorem consectetur parturient sit Microservices nec Orci Orci Nunc
2021-12-28 18:27:14 [pool-1-thread-1] INFO  c.m.d.t.t.k.s.r.i.MockTwitterStreamRunner - Tweet: {"created_at":"Tue Dec 28 18:27:14 IST 2021","id":"6139352066053038097","text":"amet dis ullamcorper natoque ipsum dis varius Microservices laoreet erat Curabitur amet adipiscing ullamcorper","user":{"id":"8872651053063505926"}}
2021-12-28 18:27:14 [pool-1-thread-1] INFO  c.m.d.t.t.k.s.l.TwitterKafkaStatusListener - null : amet dis ullamcorper natoque ipsum dis varius Microservices laoreet erat Curabitur amet adipiscing ullamcorper
2021-12-28 18:27:14 [pool-1-thread-1] INFO  c.m.d.t.t.k.s.r.i.MockTwitterStreamRunner - Tweet: {"created_at":"Tue Dec 28 18:27:14 IST 2021","id":"9087099579238483243","text":"magnis Orci Orci natoque nec Lorem ipsum Elasticsearch dolor laoreet nec ridiculus mus Nunc","user":{"id":"4618037113339993689"}}
2021-12-28 18:27:14 [pool-1-thread-1] INFO  c.m.d.t.t.k.s.l.TwitterKafkaStatusListener - null : magnis Orci Orci natoque nec Lorem ipsum Elasticsearch dolor laoreet nec ridiculus mus Nunc
2021-12-28 18:27:14 [pool-1-thread-1] INFO  c.m.d.t.t.k.s.r.i.MockTwitterStreamRunner - Tweet: {"created_at":"Tue Dec 28 18:27:14 IST 2021","id":"8015138512846027399","text":"natoque dolor magnis libero in nec nec Kafka sit Nunc ipsum penatibus mus","user":{"id":"656473061148547415"}}
2021-12-28 18:27:14 [pool-1-thread-1] INFO  c.m.d.t.t.k.s.l.TwitterKafkaStatusListener - null : natoque dolor magnis libero in nec nec Kafka sit Nunc ipsum penatibus mus
2021-12-28 18:27:15 [pool-1-thread-1] INFO  c.m.d.t.t.k.s.r.i.MockTwitterStreamRunner - Tweet: {"created_at":"Tue Dec 28 18:27:15 IST 2021","id":"2964134767298037527","text":"parturient Orci ipsum Microservices nec magnis","user":{"id":"7274028210056127946"}}
2021-12-28 18:27:15 [pool-1-thread-1] INFO  c.m.d.t.t.k.s.l.TwitterKafkaStatusListener - null : parturient Orci ipsum Microservices nec magnis
2021-12-28 18:27:15 [pool-1-thread-1] INFO  c.m.d.t.t.k.s.r.i.MockTwitterStreamRunner - Tweet: {"created_at":"Tue Dec 28 18:27:15 IST 2021","id":"8678827356701907579","text":"Lorem erat adipiscing sit amet in Elasticsearch parturient Curabitur erat ipsum sit","user":{"id":"6431407332666948208"}}
2021-12-28 18:27:15 [pool-1-thread-1] INFO  c.m.d.t.t.k.s.l.TwitterKafkaStatusListener - null : Lorem erat adipiscing sit amet in Elasticsearch parturient Curabitur erat ipsum sit
2021-12-28 18:27:15 [pool-1-thread-1] INFO  c.m.d.t.t.k.s.r.i.MockTwitterStreamRunner - Tweet: {"created_at":"Tue Dec 28 18:27:15 IST 2021","id":"9050145434303005694","text":"ridiculus mus laoreet erat Java parturient adipiscing dis","user":{"id":"9018458507600792000"}}
2021-12-28 18:27:15 [pool-1-thread-1] INFO  c.m.d.t.t.k.s.l.TwitterKafkaStatusListener - null : ridiculus mus laoreet erat Java parturient adipiscing dis
2021-12-28 18:27:15 [pool-1-thread-1] INFO  c.m.d.t.t.k.s.r.i.MockTwitterStreamRunner - Tweet: {"created_at":"Tue Dec 28 18:27:15 IST 2021","id":"2255351119983165623","text":"Orci sit adipiscing magnis in nec natoque parturient Java adipiscing nascetur condimentum nec Curabitur laoreet","user":{"id":"4999791334065257158"}}
2021-12-28 18:27:15 [pool-1-thread-1] INFO  c.m.d.t.t.k.s.l.TwitterKafkaStatusListener - null : Orci sit adipiscing magnis in nec natoque parturient Java adipiscing nascetur condimentum nec Curabitur laoreet
2021-12-28 18:27:15 [pool-1-thread-1] INFO  c.m.d.t.t.k.s.r.i.MockTwitterStreamRunner - Tweet: {"created_at":"Tue Dec 28 18:27:15 IST 2021","id":"3941090780502292658","text":"nascetur ipsum adipiscing Java libero natoque","user":{"id":"5530551047338024579"}}
2021-12-28 18:27:15 [pool-1-thread-1] INFO  c.m.d.t.t.k.s.l.TwitterKafkaStatusListener - null : nascetur ipsum adipiscing Java libero natoque
2021-12-28 18:27:15 [pool-1-thread-1] INFO  c.m.d.t.t.k.s.r.i.MockTwitterStreamRunner - Tweet: {"created_at":"Tue Dec 28 18:27:15 IST 2021","id":"3052898001384263725","text":"sit at varius in condimentum et Elasticsearch Lorem penatibus magnis penatibus et","user":{"id":"3679120441833923139"}}
2021-12-28 18:27:15 [pool-1-thread-1] INFO  c.m.d.t.t.k.s.l.TwitterKafkaStatusListener - null : sit at varius in condimentum et Elasticsearch Lorem penatibus magnis penatibus et
2021-12-28 18:27:15 [pool-1-thread-1] INFO  c.m.d.t.t.k.s.r.i.MockTwitterStreamRunner - Tweet: {"created_at":"Tue Dec 28 18:27:15 IST 2021","id":"5742612851213992079","text":"Curabitur libero Lorem Nunc parturient Java ullamcorper magnis Lorem","user":{"id":"6783305339543789068"}}
2021-12-28 18:27:15 [pool-1-thread-1] INFO  c.m.d.t.t.k.s.l.TwitterKafkaStatusListener - null : Curabitur libero Lorem Nunc parturient Java ullamcorper magnis Lorem
2021-12-28 18:27:15 [pool-1-thread-1] INFO  c.m.d.t.t.k.s.r.i.MockTwitterStreamRunner - Tweet: {"created_at":"Tue Dec 28 18:27:15 IST 2021","id":"5646376678080897347","text":"in varius Curabitur mus Microservices varius ipsum elit","user":{"id":"2200430878340064810"}}
2021-12-28 18:27:15 [pool-1-thread-1] INFO  c.m.d.t.t.k.s.l.TwitterKafkaStatusListener - null : in varius Curabitur mus Microservices varius ipsum elit
2021-12-28 18:27:15 [pool-1-thread-1] INFO  c.m.d.t.t.k.s.r.i.MockTwitterStreamRunner - Tweet: {"created_at":"Tue Dec 28 18:27:15 IST 2021","id":"1641515713997130882","text":"Orci varius nascetur dis penatibus ridiculus Microservices condimentum penatibus et elit parturient","user":{"id":"5596782384495837335"}}
2021-12-28 18:27:15 [pool-1-thread-1] INFO  c.m.d.t.t.k.s.l.TwitterKafkaStatusListener - null : Orci varius nascetur dis penatibus ridiculus Microservices condimentum penatibus et elit parturient
2021-12-28 18:27:15 [pool-1-thread-1] INFO  c.m.d.t.t.k.s.r.i.MockTwitterStreamRunner - Tweet: {"created_at":"Tue Dec 28 18:27:15 IST 2021","id":"976885788560220352","text":"montes nascetur laoreet adipiscing ridiculus Kafka laoreet nascetur dolor","user":{"id":"94431813896611008"}}
2021-12-28 18:27:15 [pool-1-thread-1] INFO  c.m.d.t.t.k.s.l.TwitterKafkaStatusListener - null : montes nascetur laoreet adipiscing ridiculus Kafka laoreet nascetur dolor
2021-12-28 18:27:16 [pool-1-thread-1] INFO  c.m.d.t.t.k.s.r.i.MockTwitterStreamRunner - Tweet: {"created_at":"Tue Dec 28 18:27:16 IST 2021","id":"4997936942614318098","text":"Curabitur erat condimentum amet consectetur montes dis montes Elasticsearch varius erat nascetur at dis penatibus montes","user":{"id":"7408598115605289432"}}
2021-12-28 18:27:16 [pool-1-thread-1] INFO  c.m.d.t.t.k.s.l.TwitterKafkaStatusListener - null : Curabitur erat condimentum amet consectetur montes dis montes Elasticsearch varius erat nascetur at dis penatibus montes
2021-12-28 18:27:16 [pool-1-thread-1] INFO  c.m.d.t.t.k.s.r.i.MockTwitterStreamRunner - Tweet: {"created_at":"Tue Dec 28 18:27:16 IST 2021","id":"1301658269718911942","text":"nec et ipsum Lorem dis Java consectetur magnis erat in","user":{"id":"2069036571086060423"}}
2021-12-28 18:27:16 [pool-1-thread-1] INFO  c.m.d.t.t.k.s.l.TwitterKafkaStatusListener - null : nec et ipsum Lorem dis Java consectetur magnis erat in
2021-12-28 18:27:16 [pool-1-thread-1] INFO  c.m.d.t.t.k.s.r.i.MockTwitterStreamRunner - Tweet: {"created_at":"Tue Dec 28 18:27:16 IST 2021","id":"8301110200422668394","text":"et penatibus et montes in consectetur nec Curabitur Kafka penatibus in Orci at nec natoque consectetur","user":{"id":"6422562449093775800"}}
2021-12-28 18:27:16 [pool-1-thread-1] INFO  c.m.d.t.t.k.s.l.TwitterKafkaStatusListener - null : et penatibus et montes in consectetur nec Curabitur Kafka penatibus in Orci at nec natoque consectetur
2021-12-28 18:27:16 [pool-1-thread-1] INFO  c.m.d.t.t.k.s.r.i.MockTwitterStreamRunner - Tweet: {"created_at":"Tue Dec 28 18:27:16 IST 2021","id":"7634348091591902403","text":"et dis ipsum nascetur ridiculus parturient varius parturient Microservices nascetur ullamcorper erat dolor ipsum parturient","user":{"id":"2015447944122656696"}}
2021-12-28 18:27:16 [pool-1-thread-1] INFO  c.m.d.t.t.k.s.l.TwitterKafkaStatusListener - null : et dis ipsum nascetur ridiculus parturient varius parturient Microservices nascetur ullamcorper erat dolor ipsum parturient
2021-12-28 18:27:16 [pool-1-thread-1] INFO  c.m.d.t.t.k.s.r.i.MockTwitterStreamRunner - Tweet: {"created_at":"Tue Dec 28 18:27:16 IST 2021","id":"5981528263323243045","text":"Curabitur erat consectetur Elasticsearch elit in","user":{"id":"4073873232563850345"}}
2021-12-28 18:27:16 [pool-1-thread-1] INFO  c.m.d.t.t.k.s.l.TwitterKafkaStatusListener - null : Curabitur erat consectetur Elasticsearch elit in
2021-12-28 18:27:16 [pool-1-thread-1] INFO  c.m.d.t.t.k.s.r.i.MockTwitterStreamRunner - Tweet: {"created_at":"Tue Dec 28 18:27:16 IST 2021","id":"3983466332089921466","text":"libero parturient at Curabitur Microservices libero elit nascetur","user":{"id":"3489403424820190685"}}
2021-12-28 18:27:16 [pool-1-thread-1] INFO  c.m.d.t.t.k.s.l.TwitterKafkaStatusListener - null : libero parturient at Curabitur Microservices libero elit nascetur
2021-12-28 18:27:16 [pool-1-thread-1] INFO  c.m.d.t.t.k.s.r.i.MockTwitterStreamRunner - Tweet: {"created_at":"Tue Dec 28 18:27:16 IST 2021","id":"326805878628361672","text":"montes varius ipsum ullamcorper dolor elit condimentum consectetur Microservices dis varius Nunc amet dolor amet dis","user":{"id":"6252994881287091637"}}
2021-12-28 18:27:16 [pool-1-thread-1] INFO  c.m.d.t.t.k.s.l.TwitterKafkaStatusListener - null : montes varius ipsum ullamcorper dolor elit condimentum consectetur Microservices dis varius Nunc amet dolor amet dis
2021-12-28 18:27:16 [pool-1-thread-1] INFO  c.m.d.t.t.k.s.r.i.MockTwitterStreamRunner - Tweet: {"created_at":"Tue Dec 28 18:27:16 IST 2021","id":"6560474553331015242","text":"dis varius ipsum Curabitur Elasticsearch nascetur nec condimentum","user":{"id":"1258947438649162168"}}
2021-12-28 18:27:16 [pool-1-thread-1] INFO  c.m.d.t.t.k.s.l.TwitterKafkaStatusListener - null : dis varius ipsum Curabitur Elasticsearch nascetur nec condimentum
2021-12-28 18:27:16 [pool-1-thread-1] INFO  c.m.d.t.t.k.s.r.i.MockTwitterStreamRunner - Tweet: {"created_at":"Tue Dec 28 18:27:16 IST 2021","id":"8180433706449855521","text":"amet ullamcorper Orci natoque Orci montes Kafka sit Orci elit libero","user":{"id":"8809294161044761403"}}
2021-12-28 18:27:16 [pool-1-thread-1] INFO  c.m.d.t.t.k.s.l.TwitterKafkaStatusListener - null : amet ullamcorper Orci natoque Orci montes Kafka sit Orci elit libero
2021-12-28 18:27:17 [pool-1-thread-1] INFO  c.m.d.t.t.k.s.r.i.MockTwitterStreamRunner - Tweet: {"created_at":"Tue Dec 28 18:27:17 IST 2021","id":"2921115294135737831","text":"condimentum parturient magnis dolor amet ullamcorper Elasticsearch nec libero Curabitur nec nascetur","user":{"id":"5549432755898336664"}}
2021-12-28 18:27:17 [pool-1-thread-1] INFO  c.m.d.t.t.k.s.l.TwitterKafkaStatusListener - null : condimentum parturient magnis dolor amet ullamcorper Elasticsearch nec libero Curabitur nec nascetur
2021-12-28 18:27:17 [pool-1-thread-1] INFO  c.m.d.t.t.k.s.r.i.MockTwitterStreamRunner - Tweet: {"created_at":"Tue Dec 28 18:27:17 IST 2021","id":"7101247280371096381","text":"adipiscing magnis ullamcorper in Java Curabitur Orci nec","user":{"id":"4060451627754411636"}}
2021-12-28 18:27:17 [pool-1-thread-1] INFO  c.m.d.t.t.k.s.l.TwitterKafkaStatusListener - null : adipiscing magnis ullamcorper in Java Curabitur Orci nec
2021-12-28 18:27:17 [pool-1-thread-1] INFO  c.m.d.t.t.k.s.r.i.MockTwitterStreamRunner - Tweet: {"created_at":"Tue Dec 28 18:27:17 IST 2021","id":"7860403787920884210","text":"ullamcorper sit at nascetur in Elasticsearch at varius ipsum","user":{"id":"5030438448688548387"}}
2021-12-28 18:27:17 [pool-1-thread-1] INFO  c.m.d.t.t.k.s.l.TwitterKafkaStatusListener - null : ullamcorper sit at nascetur in Elasticsearch at varius ipsum
2021-12-28 18:27:17 [pool-1-thread-1] INFO  c.m.d.t.t.k.s.r.i.MockTwitterStreamRunner - Tweet: {"created_at":"Tue Dec 28 18:27:17 IST 2021","id":"1833701579555317795","text":"magnis erat parturient Elasticsearch dis libero","user":{"id":"5635941054166354294"}}
2021-12-28 18:27:17 [pool-1-thread-1] INFO  c.m.d.t.t.k.s.l.TwitterKafkaStatusListener - null : magnis erat parturient Elasticsearch dis libero
2021-12-28 18:27:17 [pool-1-thread-1] INFO  c.m.d.t.t.k.s.r.i.MockTwitterStreamRunner - Tweet: {"created_at":"Tue Dec 28 18:27:17 IST 2021","id":"427586733469535624","text":"laoreet condimentum erat erat ullamcorper Curabitur Elasticsearch montes libero dis montes natoque","user":{"id":"8489840997930500108"}}
2021-12-28 18:27:17 [pool-1-thread-1] INFO  c.m.d.t.t.k.s.l.TwitterKafkaStatusListener - null : laoreet condimentum erat erat ullamcorper Curabitur Elasticsearch montes libero dis montes natoque
2021-12-28 18:27:17 [pool-1-thread-1] INFO  c.m.d.t.t.k.s.r.i.MockTwitterStreamRunner - Tweet: {"created_at":"Tue Dec 28 18:27:17 IST 2021","id":"812495951904318824","text":"mus ridiculus laoreet nascetur at varius Java penatibus in et amet","user":{"id":"7230784331487213204"}}
2021-12-28 18:27:17 [pool-1-thread-1] INFO  c.m.d.t.t.k.s.l.TwitterKafkaStatusListener - null : mus ridiculus laoreet nascetur at varius Java penatibus in et amet
2021-12-28 18:27:17 [pool-1-thread-1] INFO  c.m.d.t.t.k.s.r.i.MockTwitterStreamRunner - Tweet: {"created_at":"Tue Dec 28 18:27:17 IST 2021","id":"6056737769606373791","text":"montes penatibus montes parturient penatibus erat Curabitur Elasticsearch condimentum dolor parturient Curabitur et","user":{"id":"1765212996766220016"}}
2021-12-28 18:27:17 [pool-1-thread-1] INFO  c.m.d.t.t.k.s.l.TwitterKafkaStatusListener - null : montes penatibus montes parturient penatibus erat Curabitur Elasticsearch condimentum dolor parturient Curabitur et
2021-12-28 18:27:17 [pool-1-thread-1] INFO  c.m.d.t.t.k.s.r.i.MockTwitterStreamRunner - Tweet: {"created_at":"Tue Dec 28 18:27:17 IST 2021","id":"9053773358734659962","text":"parturient mus nascetur nascetur nascetur ullamcorper Microservices mus in montes consectetur mus","user":{"id":"1609165121944917871"}}
2021-12-28 18:27:17 [pool-1-thread-1] INFO  c.m.d.t.t.k.s.l.TwitterKafkaStatusListener - null : parturient mus nascetur nascetur nascetur ullamcorper Microservices mus in montes consectetur mus
2021-12-28 18:27:17 [pool-1-thread-1] INFO  c.m.d.t.t.k.s.r.i.MockTwitterStreamRunner - Tweet: {"created_at":"Tue Dec 28 18:27:17 IST 2021","id":"8936396882275781702","text":"ipsum dolor condimentum amet erat ullamcorper Nunc Lorem Microservices Orci nascetur ridiculus sit parturient adipiscing","user":{"id":"6742218159160453225"}}
2021-12-28 18:27:17 [pool-1-thread-1] INFO  c.m.d.t.t.k.s.l.TwitterKafkaStatusListener - null : ipsum dolor condimentum amet erat ullamcorper Nunc Lorem Microservices Orci nascetur ridiculus sit parturient adipiscing
2021-12-28 18:27:17 [pool-1-thread-1] INFO  c.m.d.t.t.k.s.r.i.MockTwitterStreamRunner - Tweet: {"created_at":"Tue Dec 28 18:27:17 IST 2021","id":"4008557038269890613","text":"Lorem Nunc montes Curabitur Curabitur Elasticsearch in et natoque mus","user":{"id":"2156674262242286188"}}
2021-12-28 18:27:17 [pool-1-thread-1] INFO  c.m.d.t.t.k.s.l.TwitterKafkaStatusListener - null : Lorem Nunc montes Curabitur Curabitur Elasticsearch in et natoque mus
2021-12-28 18:27:18 [pool-1-thread-1] INFO  c.m.d.t.t.k.s.r.i.MockTwitterStreamRunner - Tweet: {"created_at":"Tue Dec 28 18:27:18 IST 2021","id":"6390098808427207792","text":"consectetur ipsum mus Microservices nec magnis","user":{"id":"2169376705274761248"}}
2021-12-28 18:27:18 [pool-1-thread-1] INFO  c.m.d.t.t.k.s.l.TwitterKafkaStatusListener - null : consectetur ipsum mus Microservices nec magnis
2021-12-28 18:27:18 [pool-1-thread-1] INFO  c.m.d.t.t.k.s.r.i.MockTwitterStreamRunner - Tweet: {"created_at":"Tue Dec 28 18:27:18 IST 2021","id":"5789154558707129088","text":"Curabitur nec Curabitur libero libero amet penatibus Microservices ullamcorper laoreet penatibus Curabitur magnis sit","user":{"id":"6863618042613434590"}}
2021-12-28 18:27:18 [pool-1-thread-1] INFO  c.m.d.t.t.k.s.l.TwitterKafkaStatusListener - null : Curabitur nec Curabitur libero libero amet penatibus Microservices ullamcorper laoreet penatibus Curabitur magnis sit
2021-12-28 18:27:18 [pool-1-thread-1] INFO  c.m.d.t.t.k.s.r.i.MockTwitterStreamRunner - Tweet: {"created_at":"Tue Dec 28 18:27:18 IST 2021","id":"6667415436796794301","text":"varius nec ullamcorper Elasticsearch natoque condimentum","user":{"id":"1914566046349447461"}}
2021-12-28 18:27:18 [pool-1-thread-1] INFO  c.m.d.t.t.k.s.l.TwitterKafkaStatusListener - null : varius nec ullamcorper Elasticsearch natoque condimentum
2021-12-28 18:27:18 [pool-1-thread-1] INFO  c.m.d.t.t.k.s.r.i.MockTwitterStreamRunner - Tweet: {"created_at":"Tue Dec 28 18:27:18 IST 2021","id":"4986685291925710146","text":"elit condimentum montes laoreet ridiculus magnis mus Kafka dolor erat Curabitur condimentum ridiculus","user":{"id":"2964998177268840700"}}
2021-12-28 18:27:18 [pool-1-thread-1] INFO  c.m.d.t.t.k.s.l.TwitterKafkaStatusListener - null : elit condimentum montes laoreet ridiculus magnis mus Kafka dolor erat Curabitur condimentum ridiculus
2021-12-28 18:27:18 [pool-1-thread-1] INFO  c.m.d.t.t.k.s.r.i.MockTwitterStreamRunner - Tweet: {"created_at":"Tue Dec 28 18:27:18 IST 2021","id":"7982257554407350880","text":"Orci mus magnis magnis amet Java natoque amet amet","user":{"id":"7459465754075126187"}}
2021-12-28 18:27:18 [pool-1-thread-1] INFO  c.m.d.t.t.k.s.l.TwitterKafkaStatusListener - null : Orci mus magnis magnis amet Java natoque amet amet
2021-12-28 18:27:18 [pool-1-thread-1] INFO  c.m.d.t.t.k.s.r.i.MockTwitterStreamRunner - Tweet: {"created_at":"Tue Dec 28 18:27:18 IST 2021","id":"8745969915563018242","text":"libero penatibus laoreet parturient Elasticsearch Lorem Orci","user":{"id":"7808275471343839252"}}
2021-12-28 18:27:18 [pool-1-thread-1] INFO  c.m.d.t.t.k.s.l.TwitterKafkaStatusListener - null : libero penatibus laoreet parturient Elasticsearch Lorem Orci
2021-12-28 18:27:18 [pool-1-thread-1] INFO  c.m.d.t.t.k.s.r.i.MockTwitterStreamRunner - Tweet: {"created_at":"Tue Dec 28 18:27:18 IST 2021","id":"1225235207648883820","text":"nec Curabitur ullamcorper nascetur mus consectetur amet dolor Elasticsearch libero laoreet erat ipsum Orci montes Nunc","user":{"id":"1568540670894777810"}}
2021-12-28 18:27:18 [pool-1-thread-1] INFO  c.m.d.t.t.k.s.l.TwitterKafkaStatusListener - null : nec Curabitur ullamcorper nascetur mus consectetur amet dolor Elasticsearch libero laoreet erat ipsum Orci montes Nunc
2021-12-28 18:27:18 [pool-1-thread-1] INFO  c.m.d.t.t.k.s.r.i.MockTwitterStreamRunner - Tweet: {"created_at":"Tue Dec 28 18:27:18 IST 2021","id":"5720292298993226283","text":"nascetur dolor condimentum amet Nunc ipsum Elasticsearch ipsum dis mus parturient nec","user":{"id":"3258506665680643014"}}
2021-12-28 18:27:18 [pool-1-thread-1] INFO  c.m.d.t.t.k.s.l.TwitterKafkaStatusListener - null : nascetur dolor condimentum amet Nunc ipsum Elasticsearch ipsum dis mus parturient nec
2021-12-28 18:27:18 [pool-1-thread-1] INFO  c.m.d.t.t.k.s.r.i.MockTwitterStreamRunner - Tweet: {"created_at":"Tue Dec 28 18:27:18 IST 2021","id":"608152593448849418","text":"amet ridiculus ridiculus amet Curabitur ullamcorper Kafka erat elit erat varius","user":{"id":"9136305045463698931"}}
2021-12-28 18:27:18 [pool-1-thread-1] INFO  c.m.d.t.t.k.s.l.TwitterKafkaStatusListener - null : amet ridiculus ridiculus amet Curabitur ullamcorper Kafka erat elit erat varius
2021-12-28 18:27:18 [pool-1-thread-1] INFO  c.m.d.t.t.k.s.r.i.MockTwitterStreamRunner - Tweet: {"created_at":"Tue Dec 28 18:27:18 IST 2021","id":"3006283071996892430","text":"nascetur at in magnis adipiscing varius libero Kafka Nunc penatibus in magnis Lorem","user":{"id":"8337561042404647363"}}
2021-12-28 18:27:18 [pool-1-thread-1] INFO  c.m.d.t.t.k.s.l.TwitterKafkaStatusListener - null : nascetur at in magnis adipiscing varius libero Kafka Nunc penatibus in magnis Lorem
2021-12-28 18:27:19 [pool-1-thread-1] INFO  c.m.d.t.t.k.s.r.i.MockTwitterStreamRunner - Tweet: {"created_at":"Tue Dec 28 18:27:19 IST 2021","id":"5599116922476156466","text":"elit et consectetur Java at erat","user":{"id":"3190667193835490202"}}
2021-12-28 18:27:19 [pool-1-thread-1] INFO  c.m.d.t.t.k.s.l.TwitterKafkaStatusListener - null : elit et consectetur Java at erat
2021-12-28 18:27:19 [pool-1-thread-1] INFO  c.m.d.t.t.k.s.r.i.MockTwitterStreamRunner - Tweet: {"created_at":"Tue Dec 28 18:27:19 IST 2021","id":"877813060205444359","text":"amet Curabitur dis condimentum ullamcorper laoreet amet Kafka amet laoreet condimentum condimentum dolor natoque","user":{"id":"5355087396313795049"}}
2021-12-28 18:27:19 [pool-1-thread-1] INFO  c.m.d.t.t.k.s.l.TwitterKafkaStatusListener - null : amet Curabitur dis condimentum ullamcorper laoreet amet Kafka amet laoreet condimentum condimentum dolor natoque
2021-12-28 18:27:19 [pool-1-thread-1] INFO  c.m.d.t.t.k.s.r.i.MockTwitterStreamRunner - Tweet: {"created_at":"Tue Dec 28 18:27:19 IST 2021","id":"4703351320665983374","text":"Orci nec dolor libero at ipsum Kafka varius penatibus ridiculus nascetur Curabitur","user":{"id":"4728182456540145996"}}
2021-12-28 18:27:19 [pool-1-thread-1] INFO  c.m.d.t.t.k.s.l.TwitterKafkaStatusListener - null : Orci nec dolor libero at ipsum Kafka varius penatibus ridiculus nascetur Curabitur
2021-12-28 18:27:19 [pool-1-thread-1] INFO  c.m.d.t.t.k.s.r.i.MockTwitterStreamRunner - Tweet: {"created_at":"Tue Dec 28 18:27:19 IST 2021","id":"5707916610850335131","text":"laoreet natoque nascetur ullamcorper ipsum ullamcorper dis Java parturient amet libero magnis natoque dis","user":{"id":"5391039433714551205"}}
2021-12-28 18:27:19 [pool-1-thread-1] INFO  c.m.d.t.t.k.s.l.TwitterKafkaStatusListener - null : laoreet natoque nascetur ullamcorper ipsum ullamcorper dis Java parturient amet libero magnis natoque dis
2021-12-28 18:27:35 [main] INFO  c.m.d.t.t.k.s.TwitterToKafkaServiceApplication - Starting TwitterToKafkaServiceApplication on vpamulap-mac with PID 18899 (/Users/vpamulap/Downloads/microservices-demo/twitter-to-kafka-service/target/classes started by vpamulap in /Users/vpamulap/Downloads/microservices-demo)
2021-12-28 18:27:35 [main] INFO  c.m.d.t.t.k.s.TwitterToKafkaServiceApplication - No active profile set, falling back to default profiles: default
2021-12-28 18:27:36 [main] INFO  c.m.d.t.t.k.s.TwitterToKafkaServiceApplication - Started TwitterToKafkaServiceApplication in 1.402 seconds (JVM running for 2.361)
2021-12-28 18:27:36 [main] INFO  c.m.d.t.t.k.s.TwitterToKafkaServiceApplication - Application starts.....
2021-12-28 18:27:36 [main] INFO  c.m.d.t.t.k.s.TwitterToKafkaServiceApplication - [Java, Microservices, Kafka, Elasticsearch]
2021-12-28 18:27:36 [main] INFO  c.m.d.t.t.k.s.TwitterToKafkaServiceApplication - Hello microservices1!
2021-12-28 18:27:36 [Twitter Stream consumer /  [1][initializing]] INFO  twitter4j.TwitterStreamImpl - Establishing connection.
2021-12-28 18:27:36 [main] INFO  c.m.d.t.t.k.s.r.i.TwitterKafkaStreamRunner - Started filtering twitter stream with keywords: [Java, Microservices, Kafka, Elasticsearch]
2021-12-28 18:27:43 [Twitter Stream consumer /  [1][Establishing connection]] INFO  twitter4j.TwitterStreamImpl - Connection established.
2021-12-28 18:27:43 [Twitter Stream consumer /  [1][Establishing connection]] INFO  twitter4j.TwitterStreamImpl - Receiving status stream.
2021-12-28 18:27:43 [Twitter4J Async Dispatcher[0]] INFO  c.m.d.t.t.k.s.l.TwitterKafkaStatusListener - Ndiritu : RT @SamProgramiz: This is for the java-null haters. See how fellas are suffering to find null in other languages.

https://t.co/2O5kZQag4s
2021-12-28 18:27:43 [Twitter4J Async Dispatcher[0]] INFO  c.m.d.t.t.k.s.l.TwitterKafkaStatusListener - selin : RT @tegavvur_: Her şeyi yanlış yorumluyorsunuz, suskunluğu bile.

| Franz Kafka https://t.co/7NqcU7IuTs
2021-12-28 18:27:46 [Twitter4J Async Dispatcher[0]] INFO  c.m.d.t.t.k.s.l.TwitterKafkaStatusListener - Erdoğan Yanyatmaz : RT @bergenimden: Franz Kafka’nın “Delirmenin eşiğindeyim.” dediği yerdeyim.
2021-12-28 18:28:03 [Twitter4J Async Dispatcher[0]] INFO  c.m.d.t.t.k.s.l.TwitterKafkaStatusListener - TI InfoJobs : Vaga para São Paulo-SPDesenvolvedor JAVA JR PL Webscraping https://t.co/ryzVTMw1Ba
2021-12-28 18:28:04 [Twitter4J Async Dispatcher[0]] INFO  c.m.d.t.t.k.s.l.TwitterKafkaStatusListener - Andrei Dorobat : RT @jug_istanbul: 📣It is @jetbrains license giveaway time!
🥳All you need to do is RETWEET this tweet
🏆THREE Winners will be chosen randomly…
2021-12-28 18:28:04 [Twitter4J Async Dispatcher[0]] INFO  c.m.d.t.t.k.s.l.TwitterKafkaStatusListener - Lynn Granger, Author : @vladduthiersCBS @jamieyuccas @nateburleson @CBSMornings Welcome back, Vlad! You're a refreshing jolt of java in the morning (and I don't even drink coffee).🙂
2021-12-28 18:28:10 [SpringContextShutdownHook] INFO  c.m.d.t.t.k.s.r.i.TwitterKafkaStreamRunner - Closing twitter stream
